INFO:root:Munch({'dataset': 'pancreas', 'work_dir': 'experiments/pancreas/', 'batch_size': 16, 'model_name': 'PointAttN', 'nepoch': 10000, 'device': 'cuda:0', 'betas': '0.9, 0.999', 'early_stop': True, 'early_stop_patience': 100, 'epoch_interval_to_save': 1, 'epoch_interval_to_val': 1, 'latent_dim': 1024, 'load_model': None, 'loss': 'cd', 'lr': 0.0001, 'lr_clip': 1e-06, 'lr_decay': True, 'lr_decay_interval': 400, 'lr_decay_rate': 0.7, 'lr_step_decay_epochs': None, 'lr_step_decay_rates': None, 'manual_seed': None, 'num_coarse_points': 512, 'num_dense_points': 2048, 'num_input_points': 2048, 'optimizer': 'Adam', 'save_predictions': True, 'save_vis': True, 'start_epoch': 0, 'step_interval_to_print': 500, 'use_mean_feature': False, 'varying_constant': '0.01, 0.1, 0.5', 'varying_constant_epochs': '50, 200', 'weight_decay': 0, 'workers': 0})
INFO:root:Length of train dataset:245
INFO:root:Length of test dataset:28
INFO:root:Random Seed: 2761
INFO:root:PointAttN_cd_2048_512_2048_2023-03-07T11:13:59 train [0: 0/15]  loss_type: cd, fine_loss: 0.110753 total_loss: 0.186596 lr: 0.000100 alpha: 0.01 time: 7.48 track: 0
INFO:root:Saving net...
INFO:root:Testing...
INFO:root:Best cd_p net saved!
INFO:root:Best cd_t net saved!
INFO:root:curr_cd_p: 0.029222; curr_cd_t: 0.003772; 
INFO:root:best_cd_p: 0.029222 [epoch 0]; best_cd_t: 0.003772 [epoch 0]; 
INFO:root:PointAttN_cd_2048_512_2048_2023-03-07T11:13:59 train [1: 0/15]  loss_type: cd, fine_loss: 0.028712 total_loss: 0.061030 lr: 0.000100 alpha: 0.01 time: 0.89 track: 0
INFO:root:Saving net...
INFO:root:Testing...
INFO:root:Best cd_p net saved!
INFO:root:Best cd_t net saved!
INFO:root:curr_cd_p: 0.026173; curr_cd_t: 0.003439; 
INFO:root:best_cd_p: 0.026173 [epoch 1]; best_cd_t: 0.003439 [epoch 1]; 
INFO:root:PointAttN_cd_2048_512_2048_2023-03-07T11:13:59 train [2: 0/15]  loss_type: cd, fine_loss: 0.024526 total_loss: 0.054446 lr: 0.000100 alpha: 0.01 time: 1.10 track: 0
INFO:root:Saving net...
INFO:root:Testing...
INFO:root:curr_cd_p: 0.026558; curr_cd_t: 0.003735; 
INFO:root:best_cd_p: 0.026173 [epoch 1]; best_cd_t: 0.003439 [epoch 1]; 
INFO:root:PointAttN_cd_2048_512_2048_2023-03-07T11:13:59 train [3: 0/15]  loss_type: cd, fine_loss: 0.024858 total_loss: 0.051050 lr: 0.000100 alpha: 0.01 time: 1.09 track: 1
INFO:root:Saving net...
INFO:root:Testing...
INFO:root:Best cd_p net saved!
INFO:root:Best cd_t net saved!
INFO:root:curr_cd_p: 0.023560; curr_cd_t: 0.002584; 
INFO:root:best_cd_p: 0.023560 [epoch 3]; best_cd_t: 0.002584 [epoch 3]; 
INFO:root:PointAttN_cd_2048_512_2048_2023-03-07T11:13:59 train [4: 0/15]  loss_type: cd, fine_loss: 0.022129 total_loss: 0.046758 lr: 0.000100 alpha: 0.01 time: 1.32 track: 0
INFO:root:Saving net...
INFO:root:Testing...
INFO:root:curr_cd_p: 0.025633; curr_cd_t: 0.003094; 
INFO:root:best_cd_p: 0.023560 [epoch 3]; best_cd_t: 0.002584 [epoch 3]; 
INFO:root:PointAttN_cd_2048_512_2048_2023-03-07T11:13:59 train [5: 0/15]  loss_type: cd, fine_loss: 0.024476 total_loss: 0.048430 lr: 0.000100 alpha: 0.01 time: 1.26 track: 1
INFO:root:Saving net...
INFO:root:Testing...
INFO:root:Best cd_p net saved!
INFO:root:Best cd_t net saved!
INFO:root:curr_cd_p: 0.023424; curr_cd_t: 0.002430; 
INFO:root:best_cd_p: 0.023424 [epoch 5]; best_cd_t: 0.002430 [epoch 5]; 
INFO:root:PointAttN_cd_2048_512_2048_2023-03-07T11:13:59 train [6: 0/15]  loss_type: cd, fine_loss: 0.022409 total_loss: 0.047259 lr: 0.000100 alpha: 0.01 time: 1.39 track: 0
INFO:root:Saving net...
INFO:root:Testing...
INFO:root:Best cd_p net saved!
INFO:root:Best cd_t net saved!
INFO:root:curr_cd_p: 0.022762; curr_cd_t: 0.002305; 
INFO:root:best_cd_p: 0.022762 [epoch 6]; best_cd_t: 0.002305 [epoch 6]; 
INFO:root:PointAttN_cd_2048_512_2048_2023-03-07T11:13:59 train [7: 0/15]  loss_type: cd, fine_loss: 0.022100 total_loss: 0.046395 lr: 0.000100 alpha: 0.01 time: 0.78 track: 0
INFO:root:Saving net...
INFO:root:Testing...
INFO:root:curr_cd_p: 0.023894; curr_cd_t: 0.002417; 
INFO:root:best_cd_p: 0.022762 [epoch 6]; best_cd_t: 0.002305 [epoch 6]; 
INFO:root:PointAttN_cd_2048_512_2048_2023-03-07T11:13:59 train [8: 0/15]  loss_type: cd, fine_loss: 0.022389 total_loss: 0.045611 lr: 0.000100 alpha: 0.01 time: 0.89 track: 1
INFO:root:Saving net...
INFO:root:Testing...
INFO:root:curr_cd_p: 0.023879; curr_cd_t: 0.002472; 
INFO:root:best_cd_p: 0.022762 [epoch 6]; best_cd_t: 0.002305 [epoch 6]; 
INFO:root:PointAttN_cd_2048_512_2048_2023-03-07T11:13:59 train [9: 0/15]  loss_type: cd, fine_loss: 0.023263 total_loss: 0.043606 lr: 0.000100 alpha: 0.01 time: 1.33 track: 2
INFO:root:Saving net...
INFO:root:Testing...
INFO:root:curr_cd_p: 0.023407; curr_cd_t: 0.002334; 
INFO:root:best_cd_p: 0.022762 [epoch 6]; best_cd_t: 0.002305 [epoch 6]; 
INFO:root:PointAttN_cd_2048_512_2048_2023-03-07T11:13:59 train [10: 0/15]  loss_type: cd, fine_loss: 0.022232 total_loss: 0.045338 lr: 0.000100 alpha: 0.01 time: 0.84 track: 3
INFO:root:Saving net...
INFO:root:Testing...
INFO:root:curr_cd_p: 0.023692; curr_cd_t: 0.002479; 
INFO:root:best_cd_p: 0.022762 [epoch 6]; best_cd_t: 0.002305 [epoch 6]; 
INFO:root:PointAttN_cd_2048_512_2048_2023-03-07T11:13:59 train [11: 0/15]  loss_type: cd, fine_loss: 0.022629 total_loss: 0.045771 lr: 0.000100 alpha: 0.01 time: 0.92 track: 4
INFO:root:Saving net...
INFO:root:Testing...
INFO:root:Best cd_t net saved!
INFO:root:curr_cd_p: 0.023144; curr_cd_t: 0.002303; 
INFO:root:best_cd_p: 0.022762 [epoch 6]; best_cd_t: 0.002303 [epoch 11]; 
INFO:root:PointAttN_cd_2048_512_2048_2023-03-07T11:13:59 train [12: 0/15]  loss_type: cd, fine_loss: 0.022027 total_loss: 0.045586 lr: 0.000100 alpha: 0.01 time: 0.76 track: 0
INFO:root:Saving net...
INFO:root:Testing...
INFO:root:curr_cd_p: 0.025232; curr_cd_t: 0.002684; 
INFO:root:best_cd_p: 0.022762 [epoch 6]; best_cd_t: 0.002303 [epoch 11]; 
INFO:root:PointAttN_cd_2048_512_2048_2023-03-07T11:13:59 train [13: 0/15]  loss_type: cd, fine_loss: 0.024501 total_loss: 0.044113 lr: 0.000100 alpha: 0.01 time: 0.69 track: 1
INFO:root:Saving net...
INFO:root:Testing...
INFO:root:curr_cd_p: 0.024405; curr_cd_t: 0.002549; 
INFO:root:best_cd_p: 0.022762 [epoch 6]; best_cd_t: 0.002303 [epoch 11]; 
INFO:root:PointAttN_cd_2048_512_2048_2023-03-07T11:13:59 train [14: 0/15]  loss_type: cd, fine_loss: 0.023676 total_loss: 0.044662 lr: 0.000100 alpha: 0.01 time: 1.41 track: 2
INFO:root:Saving net...
INFO:root:Testing...
INFO:root:curr_cd_p: 0.023763; curr_cd_t: 0.002479; 
INFO:root:best_cd_p: 0.022762 [epoch 6]; best_cd_t: 0.002303 [epoch 11]; 
INFO:root:PointAttN_cd_2048_512_2048_2023-03-07T11:13:59 train [15: 0/15]  loss_type: cd, fine_loss: 0.022082 total_loss: 0.043120 lr: 0.000100 alpha: 0.01 time: 0.80 track: 3
INFO:root:Saving net...
INFO:root:Testing...
INFO:root:Best cd_p net saved!
INFO:root:Best cd_t net saved!
INFO:root:curr_cd_p: 0.022399; curr_cd_t: 0.002198; 
INFO:root:best_cd_p: 0.022399 [epoch 15]; best_cd_t: 0.002198 [epoch 15]; 
INFO:root:PointAttN_cd_2048_512_2048_2023-03-07T11:13:59 train [16: 0/15]  loss_type: cd, fine_loss: 0.021444 total_loss: 0.042723 lr: 0.000100 alpha: 0.01 time: 1.02 track: 0
INFO:root:Saving net...
INFO:root:Testing...
INFO:root:curr_cd_p: 0.022889; curr_cd_t: 0.002277; 
INFO:root:best_cd_p: 0.022399 [epoch 15]; best_cd_t: 0.002198 [epoch 15]; 
INFO:root:PointAttN_cd_2048_512_2048_2023-03-07T11:13:59 train [17: 0/15]  loss_type: cd, fine_loss: 0.021813 total_loss: 0.042928 lr: 0.000100 alpha: 0.01 time: 0.82 track: 1
INFO:root:Saving net...
INFO:root:Testing...
INFO:root:Best cd_p net saved!
INFO:root:Best cd_t net saved!
INFO:root:curr_cd_p: 0.022321; curr_cd_t: 0.002121; 
INFO:root:best_cd_p: 0.022321 [epoch 17]; best_cd_t: 0.002121 [epoch 17]; 
INFO:root:PointAttN_cd_2048_512_2048_2023-03-07T11:13:59 train [18: 0/15]  loss_type: cd, fine_loss: 0.021072 total_loss: 0.041103 lr: 0.000100 alpha: 0.01 time: 0.70 track: 0
INFO:root:Saving net...
INFO:root:Testing...
INFO:root:curr_cd_p: 0.022630; curr_cd_t: 0.002204; 
INFO:root:best_cd_p: 0.022321 [epoch 17]; best_cd_t: 0.002121 [epoch 17]; 
INFO:root:PointAttN_cd_2048_512_2048_2023-03-07T11:13:59 train [19: 0/15]  loss_type: cd, fine_loss: 0.021823 total_loss: 0.042940 lr: 0.000100 alpha: 0.01 time: 1.19 track: 1
INFO:root:Saving net...
INFO:root:Testing...
INFO:root:curr_cd_p: 0.023232; curr_cd_t: 0.002389; 
INFO:root:best_cd_p: 0.022321 [epoch 17]; best_cd_t: 0.002121 [epoch 17]; 
INFO:root:PointAttN_cd_2048_512_2048_2023-03-07T11:13:59 train [20: 0/15]  loss_type: cd, fine_loss: 0.022238 total_loss: 0.041804 lr: 0.000100 alpha: 0.01 time: 0.88 track: 2
INFO:root:Saving net...
INFO:root:Testing...
INFO:root:curr_cd_p: 0.023001; curr_cd_t: 0.002337; 
INFO:root:best_cd_p: 0.022321 [epoch 17]; best_cd_t: 0.002121 [epoch 17]; 
INFO:root:PointAttN_cd_2048_512_2048_2023-03-07T11:13:59 train [21: 0/15]  loss_type: cd, fine_loss: 0.021865 total_loss: 0.043312 lr: 0.000100 alpha: 0.01 time: 0.78 track: 3
INFO:root:Saving net...
INFO:root:Testing...
INFO:root:Best cd_t net saved!
INFO:root:curr_cd_p: 0.022541; curr_cd_t: 0.002114; 
INFO:root:best_cd_p: 0.022321 [epoch 17]; best_cd_t: 0.002114 [epoch 21]; 
INFO:root:PointAttN_cd_2048_512_2048_2023-03-07T11:13:59 train [22: 0/15]  loss_type: cd, fine_loss: 0.021801 total_loss: 0.041973 lr: 0.000100 alpha: 0.01 time: 0.83 track: 0
INFO:root:Saving net...
INFO:root:Testing...
INFO:root:curr_cd_p: 0.022600; curr_cd_t: 0.002161; 
INFO:root:best_cd_p: 0.022321 [epoch 17]; best_cd_t: 0.002114 [epoch 21]; 
INFO:root:PointAttN_cd_2048_512_2048_2023-03-07T11:13:59 train [23: 0/15]  loss_type: cd, fine_loss: 0.022422 total_loss: 0.045563 lr: 0.000100 alpha: 0.01 time: 1.20 track: 1
INFO:root:Saving net...
INFO:root:Testing...
INFO:root:curr_cd_p: 0.022888; curr_cd_t: 0.002217; 
INFO:root:best_cd_p: 0.022321 [epoch 17]; best_cd_t: 0.002114 [epoch 21]; 
INFO:root:PointAttN_cd_2048_512_2048_2023-03-07T11:13:59 train [24: 0/15]  loss_type: cd, fine_loss: 0.022682 total_loss: 0.042208 lr: 0.000100 alpha: 0.01 time: 1.23 track: 2
INFO:root:Saving net...
INFO:root:Testing...
INFO:root:curr_cd_p: 0.024813; curr_cd_t: 0.002535; 
INFO:root:best_cd_p: 0.022321 [epoch 17]; best_cd_t: 0.002114 [epoch 21]; 
INFO:root:PointAttN_cd_2048_512_2048_2023-03-07T11:13:59 train [25: 0/15]  loss_type: cd, fine_loss: 0.023842 total_loss: 0.042037 lr: 0.000100 alpha: 0.01 time: 0.67 track: 3
INFO:root:Saving net...
INFO:root:Testing...
INFO:root:Best cd_p net saved!
INFO:root:Best cd_t net saved!
INFO:root:curr_cd_p: 0.022193; curr_cd_t: 0.002106; 
INFO:root:best_cd_p: 0.022193 [epoch 25]; best_cd_t: 0.002106 [epoch 25]; 
INFO:root:PointAttN_cd_2048_512_2048_2023-03-07T11:13:59 train [26: 0/15]  loss_type: cd, fine_loss: 0.021936 total_loss: 0.042553 lr: 0.000100 alpha: 0.01 time: 1.28 track: 0
INFO:root:Saving net...
INFO:root:Testing...
INFO:root:Best cd_p net saved!
INFO:root:Best cd_t net saved!
INFO:root:curr_cd_p: 0.021506; curr_cd_t: 0.001956; 
INFO:root:best_cd_p: 0.021506 [epoch 26]; best_cd_t: 0.001956 [epoch 26]; 
INFO:root:PointAttN_cd_2048_512_2048_2023-03-07T11:13:59 train [27: 0/15]  loss_type: cd, fine_loss: 0.020155 total_loss: 0.038907 lr: 0.000100 alpha: 0.01 time: 1.25 track: 0
INFO:root:Saving net...
INFO:root:Testing...
INFO:root:Best cd_p net saved!
INFO:root:curr_cd_p: 0.021389; curr_cd_t: 0.002012; 
INFO:root:best_cd_p: 0.021389 [epoch 27]; best_cd_t: 0.001956 [epoch 26]; 
INFO:root:PointAttN_cd_2048_512_2048_2023-03-07T11:13:59 train [28: 0/15]  loss_type: cd, fine_loss: 0.021246 total_loss: 0.042141 lr: 0.000100 alpha: 0.01 time: 1.28 track: 1
INFO:root:Saving net...
INFO:root:Testing...
INFO:root:Best cd_p net saved!
INFO:root:Best cd_t net saved!
INFO:root:curr_cd_p: 0.020630; curr_cd_t: 0.001795; 
INFO:root:best_cd_p: 0.020630 [epoch 28]; best_cd_t: 0.001795 [epoch 28]; 
INFO:root:PointAttN_cd_2048_512_2048_2023-03-07T11:13:59 train [29: 0/15]  loss_type: cd, fine_loss: 0.020025 total_loss: 0.041932 lr: 0.000100 alpha: 0.01 time: 1.41 track: 0
INFO:root:Saving net...
INFO:root:Testing...
INFO:root:Best cd_p net saved!
INFO:root:curr_cd_p: 0.020596; curr_cd_t: 0.001817; 
INFO:root:best_cd_p: 0.020596 [epoch 29]; best_cd_t: 0.001795 [epoch 28]; 
INFO:root:PointAttN_cd_2048_512_2048_2023-03-07T11:13:59 train [30: 0/15]  loss_type: cd, fine_loss: 0.020640 total_loss: 0.040784 lr: 0.000100 alpha: 0.01 time: 1.45 track: 1
INFO:root:Saving net...
INFO:root:Testing...
INFO:root:curr_cd_p: 0.022341; curr_cd_t: 0.002093; 
INFO:root:best_cd_p: 0.020596 [epoch 29]; best_cd_t: 0.001795 [epoch 28]; 
INFO:root:PointAttN_cd_2048_512_2048_2023-03-07T11:13:59 train [31: 0/15]  loss_type: cd, fine_loss: 0.021072 total_loss: 0.039237 lr: 0.000100 alpha: 0.01 time: 1.19 track: 2
INFO:root:Saving net...
INFO:root:Testing...
INFO:root:Best cd_t net saved!
INFO:root:curr_cd_p: 0.020611; curr_cd_t: 0.001745; 
INFO:root:best_cd_p: 0.020596 [epoch 29]; best_cd_t: 0.001745 [epoch 31]; 
INFO:root:PointAttN_cd_2048_512_2048_2023-03-07T11:13:59 train [32: 0/15]  loss_type: cd, fine_loss: 0.019853 total_loss: 0.038904 lr: 0.000100 alpha: 0.01 time: 1.15 track: 0
INFO:root:Saving net...
INFO:root:Testing...
INFO:root:curr_cd_p: 0.020942; curr_cd_t: 0.001824; 
INFO:root:best_cd_p: 0.020596 [epoch 29]; best_cd_t: 0.001745 [epoch 31]; 
INFO:root:PointAttN_cd_2048_512_2048_2023-03-07T11:13:59 train [33: 0/15]  loss_type: cd, fine_loss: 0.020171 total_loss: 0.039676 lr: 0.000100 alpha: 0.01 time: 1.23 track: 1
INFO:root:Saving net...
INFO:root:Testing...
INFO:root:curr_cd_p: 0.020982; curr_cd_t: 0.001877; 
INFO:root:best_cd_p: 0.020596 [epoch 29]; best_cd_t: 0.001745 [epoch 31]; 
INFO:root:PointAttN_cd_2048_512_2048_2023-03-07T11:13:59 train [34: 0/15]  loss_type: cd, fine_loss: 0.021926 total_loss: 0.043404 lr: 0.000100 alpha: 0.01 time: 1.29 track: 2
INFO:root:Saving net...
INFO:root:Testing...
INFO:root:Best cd_t net saved!
INFO:root:curr_cd_p: 0.020662; curr_cd_t: 0.001736; 
INFO:root:best_cd_p: 0.020596 [epoch 29]; best_cd_t: 0.001736 [epoch 34]; 
INFO:root:PointAttN_cd_2048_512_2048_2023-03-07T11:13:59 train [35: 0/15]  loss_type: cd, fine_loss: 0.019767 total_loss: 0.039630 lr: 0.000100 alpha: 0.01 time: 1.43 track: 0
INFO:root:Saving net...
INFO:root:Testing...
INFO:root:curr_cd_p: 0.020738; curr_cd_t: 0.001799; 
INFO:root:best_cd_p: 0.020596 [epoch 29]; best_cd_t: 0.001736 [epoch 34]; 
INFO:root:PointAttN_cd_2048_512_2048_2023-03-07T11:13:59 train [36: 0/15]  loss_type: cd, fine_loss: 0.020925 total_loss: 0.040711 lr: 0.000100 alpha: 0.01 time: 1.24 track: 1
INFO:root:Saving net...
INFO:root:Testing...
INFO:root:curr_cd_p: 0.021985; curr_cd_t: 0.001972; 
INFO:root:best_cd_p: 0.020596 [epoch 29]; best_cd_t: 0.001736 [epoch 34]; 
INFO:root:PointAttN_cd_2048_512_2048_2023-03-07T11:13:59 train [37: 0/15]  loss_type: cd, fine_loss: 0.022086 total_loss: 0.041567 lr: 0.000100 alpha: 0.01 time: 0.93 track: 2
INFO:root:Saving net...
INFO:root:Testing...
INFO:root:Best cd_p net saved!
INFO:root:curr_cd_p: 0.020498; curr_cd_t: 0.001745; 
INFO:root:best_cd_p: 0.020498 [epoch 37]; best_cd_t: 0.001736 [epoch 34]; 
INFO:root:PointAttN_cd_2048_512_2048_2023-03-07T11:13:59 train [38: 0/15]  loss_type: cd, fine_loss: 0.020580 total_loss: 0.039769 lr: 0.000100 alpha: 0.01 time: 1.01 track: 3
INFO:root:Saving net...
INFO:root:Testing...
INFO:root:Best cd_p net saved!
INFO:root:Best cd_t net saved!
INFO:root:curr_cd_p: 0.019908; curr_cd_t: 0.001605; 
INFO:root:best_cd_p: 0.019908 [epoch 38]; best_cd_t: 0.001605 [epoch 38]; 
INFO:root:PointAttN_cd_2048_512_2048_2023-03-07T11:13:59 train [39: 0/15]  loss_type: cd, fine_loss: 0.019955 total_loss: 0.038527 lr: 0.000100 alpha: 0.01 time: 1.13 track: 0
INFO:root:Saving net...
INFO:root:Testing...
INFO:root:Best cd_p net saved!
INFO:root:Best cd_t net saved!
INFO:root:curr_cd_p: 0.019451; curr_cd_t: 0.001511; 
INFO:root:best_cd_p: 0.019451 [epoch 39]; best_cd_t: 0.001511 [epoch 39]; 
INFO:root:PointAttN_cd_2048_512_2048_2023-03-07T11:13:59 train [40: 0/15]  loss_type: cd, fine_loss: 0.018337 total_loss: 0.037444 lr: 0.000100 alpha: 0.01 time: 1.44 track: 0
INFO:root:Saving net...
INFO:root:Testing...
INFO:root:curr_cd_p: 0.019753; curr_cd_t: 0.001625; 
INFO:root:best_cd_p: 0.019451 [epoch 39]; best_cd_t: 0.001511 [epoch 39]; 
INFO:root:PointAttN_cd_2048_512_2048_2023-03-07T11:13:59 train [41: 0/15]  loss_type: cd, fine_loss: 0.019503 total_loss: 0.038450 lr: 0.000100 alpha: 0.01 time: 1.33 track: 1
INFO:root:Saving net...
INFO:root:Testing...
INFO:root:Best cd_p net saved!
INFO:root:Best cd_t net saved!
INFO:root:curr_cd_p: 0.019120; curr_cd_t: 0.001467; 
INFO:root:best_cd_p: 0.019120 [epoch 41]; best_cd_t: 0.001467 [epoch 41]; 
INFO:root:PointAttN_cd_2048_512_2048_2023-03-07T11:13:59 train [42: 0/15]  loss_type: cd, fine_loss: 0.019265 total_loss: 0.039123 lr: 0.000100 alpha: 0.01 time: 1.34 track: 0
INFO:root:Saving net...
INFO:root:Testing...
INFO:root:Best cd_p net saved!
INFO:root:Best cd_t net saved!
INFO:root:curr_cd_p: 0.018650; curr_cd_t: 0.001444; 
INFO:root:best_cd_p: 0.018650 [epoch 42]; best_cd_t: 0.001444 [epoch 42]; 
INFO:root:PointAttN_cd_2048_512_2048_2023-03-07T11:13:59 train [43: 0/15]  loss_type: cd, fine_loss: 0.017330 total_loss: 0.035021 lr: 0.000100 alpha: 0.01 time: 1.37 track: 0
INFO:root:Saving net...
INFO:root:Testing...
INFO:root:Best cd_t net saved!
INFO:root:curr_cd_p: 0.018835; curr_cd_t: 0.001418; 
INFO:root:best_cd_p: 0.018650 [epoch 42]; best_cd_t: 0.001418 [epoch 43]; 
INFO:root:PointAttN_cd_2048_512_2048_2023-03-07T11:13:59 train [44: 0/15]  loss_type: cd, fine_loss: 0.017898 total_loss: 0.035726 lr: 0.000100 alpha: 0.01 time: 1.35 track: 0
INFO:root:Saving net...
INFO:root:Testing...
INFO:root:Best cd_p net saved!
INFO:root:Best cd_t net saved!
INFO:root:curr_cd_p: 0.018300; curr_cd_t: 0.001366; 
INFO:root:best_cd_p: 0.018300 [epoch 44]; best_cd_t: 0.001366 [epoch 44]; 
INFO:root:PointAttN_cd_2048_512_2048_2023-03-07T11:13:59 train [45: 0/15]  loss_type: cd, fine_loss: 0.016320 total_loss: 0.033729 lr: 0.000100 alpha: 0.01 time: 1.04 track: 0
INFO:root:Saving net...
INFO:root:Testing...
INFO:root:curr_cd_p: 0.018394; curr_cd_t: 0.001399; 
INFO:root:best_cd_p: 0.018300 [epoch 44]; best_cd_t: 0.001366 [epoch 44]; 
INFO:root:PointAttN_cd_2048_512_2048_2023-03-07T11:13:59 train [46: 0/15]  loss_type: cd, fine_loss: 0.017173 total_loss: 0.034576 lr: 0.000100 alpha: 0.01 time: 1.40 track: 1
INFO:root:Saving net...
INFO:root:Testing...
INFO:root:Best cd_p net saved!
INFO:root:Best cd_t net saved!
INFO:root:curr_cd_p: 0.018099; curr_cd_t: 0.001334; 
INFO:root:best_cd_p: 0.018099 [epoch 46]; best_cd_t: 0.001334 [epoch 46]; 
INFO:root:PointAttN_cd_2048_512_2048_2023-03-07T11:13:59 train [47: 0/15]  loss_type: cd, fine_loss: 0.017894 total_loss: 0.039522 lr: 0.000100 alpha: 0.01 time: 0.76 track: 0
INFO:root:Saving net...
INFO:root:Testing...
INFO:root:curr_cd_p: 0.018671; curr_cd_t: 0.001371; 
INFO:root:best_cd_p: 0.018099 [epoch 46]; best_cd_t: 0.001334 [epoch 46]; 
INFO:root:PointAttN_cd_2048_512_2048_2023-03-07T11:13:59 train [48: 0/15]  loss_type: cd, fine_loss: 0.018525 total_loss: 0.036494 lr: 0.000100 alpha: 0.01 time: 1.30 track: 1
INFO:root:Saving net...
INFO:root:Testing...
INFO:root:curr_cd_p: 0.018656; curr_cd_t: 0.001371; 
INFO:root:best_cd_p: 0.018099 [epoch 46]; best_cd_t: 0.001334 [epoch 46]; 
INFO:root:PointAttN_cd_2048_512_2048_2023-03-07T11:13:59 train [49: 0/15]  loss_type: cd, fine_loss: 0.018264 total_loss: 0.036052 lr: 0.000100 alpha: 0.01 time: 1.33 track: 2
INFO:root:Saving net...
INFO:root:Testing...
INFO:root:Best cd_p net saved!
INFO:root:Best cd_t net saved!
INFO:root:curr_cd_p: 0.017846; curr_cd_t: 0.001275; 
INFO:root:best_cd_p: 0.017846 [epoch 49]; best_cd_t: 0.001275 [epoch 49]; 
INFO:root:PointAttN_cd_2048_512_2048_2023-03-07T11:13:59 train [50: 0/15]  loss_type: cd, fine_loss: 0.016695 total_loss: 0.037317 lr: 0.000100 alpha: 0.1 time: 0.83 track: 0
INFO:root:Saving net...
INFO:root:Testing...
INFO:root:curr_cd_p: 0.019740; curr_cd_t: 0.001393; 
INFO:root:best_cd_p: 0.017846 [epoch 49]; best_cd_t: 0.001275 [epoch 49]; 
INFO:root:PointAttN_cd_2048_512_2048_2023-03-07T11:13:59 train [51: 0/15]  loss_type: cd, fine_loss: 0.019713 total_loss: 0.039629 lr: 0.000100 alpha: 0.1 time: 1.21 track: 1
INFO:root:Saving net...
INFO:root:Testing...
INFO:root:curr_cd_p: 0.018550; curr_cd_t: 0.001278; 
INFO:root:best_cd_p: 0.017846 [epoch 49]; best_cd_t: 0.001275 [epoch 49]; 
INFO:root:PointAttN_cd_2048_512_2048_2023-03-07T11:13:59 train [52: 0/15]  loss_type: cd, fine_loss: 0.018497 total_loss: 0.038345 lr: 0.000100 alpha: 0.1 time: 0.71 track: 2
INFO:root:Saving net...
INFO:root:Testing...
INFO:root:Best cd_t net saved!
INFO:root:curr_cd_p: 0.017983; curr_cd_t: 0.001220; 
INFO:root:best_cd_p: 0.017846 [epoch 49]; best_cd_t: 0.001220 [epoch 52]; 
INFO:root:PointAttN_cd_2048_512_2048_2023-03-07T11:13:59 train [53: 0/15]  loss_type: cd, fine_loss: 0.017919 total_loss: 0.038572 lr: 0.000100 alpha: 0.1 time: 1.13 track: 0
INFO:root:Saving net...
INFO:root:Testing...
INFO:root:curr_cd_p: 0.018553; curr_cd_t: 0.001278; 
INFO:root:best_cd_p: 0.017846 [epoch 49]; best_cd_t: 0.001220 [epoch 52]; 
INFO:root:PointAttN_cd_2048_512_2048_2023-03-07T11:13:59 train [54: 0/15]  loss_type: cd, fine_loss: 0.018011 total_loss: 0.038505 lr: 0.000100 alpha: 0.1 time: 1.36 track: 1
INFO:root:Saving net...
INFO:root:Testing...
INFO:root:curr_cd_p: 0.018055; curr_cd_t: 0.001225; 
INFO:root:best_cd_p: 0.017846 [epoch 49]; best_cd_t: 0.001220 [epoch 52]; 
INFO:root:PointAttN_cd_2048_512_2048_2023-03-07T11:13:59 train [55: 0/15]  loss_type: cd, fine_loss: 0.016814 total_loss: 0.035460 lr: 0.000100 alpha: 0.1 time: 0.80 track: 2
INFO:root:Saving net...
INFO:root:Testing...
INFO:root:Best cd_p net saved!
INFO:root:Best cd_t net saved!
INFO:root:curr_cd_p: 0.017114; curr_cd_t: 0.001156; 
INFO:root:best_cd_p: 0.017114 [epoch 55]; best_cd_t: 0.001156 [epoch 55]; 
INFO:root:PointAttN_cd_2048_512_2048_2023-03-07T11:13:59 train [56: 0/15]  loss_type: cd, fine_loss: 0.017617 total_loss: 0.040410 lr: 0.000100 alpha: 0.1 time: 1.40 track: 0
INFO:root:Saving net...
INFO:root:Testing...
INFO:root:curr_cd_p: 0.017502; curr_cd_t: 0.001194; 
INFO:root:best_cd_p: 0.017114 [epoch 55]; best_cd_t: 0.001156 [epoch 55]; 
INFO:root:PointAttN_cd_2048_512_2048_2023-03-07T11:13:59 train [57: 0/15]  loss_type: cd, fine_loss: 0.016637 total_loss: 0.036511 lr: 0.000100 alpha: 0.1 time: 1.01 track: 1
INFO:root:Saving net...
INFO:root:Testing...
INFO:root:Best cd_p net saved!
INFO:root:Best cd_t net saved!
INFO:root:curr_cd_p: 0.017022; curr_cd_t: 0.001144; 
INFO:root:best_cd_p: 0.017022 [epoch 57]; best_cd_t: 0.001144 [epoch 57]; 
INFO:root:PointAttN_cd_2048_512_2048_2023-03-07T11:13:59 train [58: 0/15]  loss_type: cd, fine_loss: 0.016608 total_loss: 0.037443 lr: 0.000100 alpha: 0.1 time: 1.51 track: 0
INFO:root:Saving net...
INFO:root:Testing...
INFO:root:Best cd_p net saved!
INFO:root:Best cd_t net saved!
INFO:root:curr_cd_p: 0.016844; curr_cd_t: 0.001112; 
INFO:root:best_cd_p: 0.016844 [epoch 58]; best_cd_t: 0.001112 [epoch 58]; 
INFO:root:PointAttN_cd_2048_512_2048_2023-03-07T11:13:59 train [59: 0/15]  loss_type: cd, fine_loss: 0.015676 total_loss: 0.035296 lr: 0.000100 alpha: 0.1 time: 1.26 track: 0
INFO:root:Saving net...
INFO:root:Testing...
INFO:root:curr_cd_p: 0.017331; curr_cd_t: 0.001154; 
INFO:root:best_cd_p: 0.016844 [epoch 58]; best_cd_t: 0.001112 [epoch 58]; 
INFO:root:PointAttN_cd_2048_512_2048_2023-03-07T11:13:59 train [60: 0/15]  loss_type: cd, fine_loss: 0.015698 total_loss: 0.034741 lr: 0.000100 alpha: 0.1 time: 1.20 track: 1
INFO:root:Saving net...
INFO:root:Testing...
INFO:root:curr_cd_p: 0.017317; curr_cd_t: 0.001159; 
INFO:root:best_cd_p: 0.016844 [epoch 58]; best_cd_t: 0.001112 [epoch 58]; 
INFO:root:PointAttN_cd_2048_512_2048_2023-03-07T11:13:59 train [61: 0/15]  loss_type: cd, fine_loss: 0.018060 total_loss: 0.039650 lr: 0.000100 alpha: 0.1 time: 1.27 track: 2
INFO:root:Saving net...
INFO:root:Testing...
INFO:root:Best cd_p net saved!
INFO:root:Best cd_t net saved!
INFO:root:curr_cd_p: 0.016168; curr_cd_t: 0.001037; 
INFO:root:best_cd_p: 0.016168 [epoch 61]; best_cd_t: 0.001037 [epoch 61]; 
INFO:root:PointAttN_cd_2048_512_2048_2023-03-07T11:13:59 train [62: 0/15]  loss_type: cd, fine_loss: 0.017650 total_loss: 0.040455 lr: 0.000100 alpha: 0.1 time: 1.30 track: 0
INFO:root:Saving net...
INFO:root:Testing...
INFO:root:curr_cd_p: 0.016293; curr_cd_t: 0.001052; 
INFO:root:best_cd_p: 0.016168 [epoch 61]; best_cd_t: 0.001037 [epoch 61]; 
INFO:root:PointAttN_cd_2048_512_2048_2023-03-07T11:13:59 train [63: 0/15]  loss_type: cd, fine_loss: 0.015374 total_loss: 0.034839 lr: 0.000100 alpha: 0.1 time: 1.42 track: 1
INFO:root:Saving net...
INFO:root:Testing...
INFO:root:curr_cd_p: 0.016514; curr_cd_t: 0.001054; 
INFO:root:best_cd_p: 0.016168 [epoch 61]; best_cd_t: 0.001037 [epoch 61]; 
INFO:root:PointAttN_cd_2048_512_2048_2023-03-07T11:13:59 train [64: 0/15]  loss_type: cd, fine_loss: 0.016343 total_loss: 0.036746 lr: 0.000100 alpha: 0.1 time: 1.28 track: 2
INFO:root:Saving net...
INFO:root:Testing...
INFO:root:curr_cd_p: 0.017317; curr_cd_t: 0.001150; 
INFO:root:best_cd_p: 0.016168 [epoch 61]; best_cd_t: 0.001037 [epoch 61]; 
INFO:root:PointAttN_cd_2048_512_2048_2023-03-07T11:13:59 train [65: 0/15]  loss_type: cd, fine_loss: 0.016969 total_loss: 0.037608 lr: 0.000100 alpha: 0.1 time: 1.38 track: 3
INFO:root:Saving net...
INFO:root:Testing...
INFO:root:curr_cd_p: 0.016851; curr_cd_t: 0.001060; 
INFO:root:best_cd_p: 0.016168 [epoch 61]; best_cd_t: 0.001037 [epoch 61]; 
INFO:root:PointAttN_cd_2048_512_2048_2023-03-07T11:13:59 train [66: 0/15]  loss_type: cd, fine_loss: 0.015322 total_loss: 0.033571 lr: 0.000100 alpha: 0.1 time: 1.17 track: 4
INFO:root:Saving net...
INFO:root:Testing...
INFO:root:Best cd_p net saved!
INFO:root:Best cd_t net saved!
INFO:root:curr_cd_p: 0.016052; curr_cd_t: 0.001016; 
INFO:root:best_cd_p: 0.016052 [epoch 66]; best_cd_t: 0.001016 [epoch 66]; 
INFO:root:PointAttN_cd_2048_512_2048_2023-03-07T11:13:59 train [67: 0/15]  loss_type: cd, fine_loss: 0.014632 total_loss: 0.033678 lr: 0.000100 alpha: 0.1 time: 0.97 track: 0
INFO:root:Saving net...
INFO:root:Testing...
INFO:root:Best cd_p net saved!
INFO:root:Best cd_t net saved!
INFO:root:curr_cd_p: 0.015758; curr_cd_t: 0.000979; 
INFO:root:best_cd_p: 0.015758 [epoch 67]; best_cd_t: 0.000979 [epoch 67]; 
INFO:root:PointAttN_cd_2048_512_2048_2023-03-07T11:13:59 train [68: 0/15]  loss_type: cd, fine_loss: 0.014940 total_loss: 0.034292 lr: 0.000100 alpha: 0.1 time: 0.96 track: 0
INFO:root:Saving net...
INFO:root:Testing...
INFO:root:Best cd_p net saved!
INFO:root:Best cd_t net saved!
INFO:root:curr_cd_p: 0.015707; curr_cd_t: 0.000961; 
INFO:root:best_cd_p: 0.015707 [epoch 68]; best_cd_t: 0.000961 [epoch 68]; 
INFO:root:PointAttN_cd_2048_512_2048_2023-03-07T11:13:59 train [69: 0/15]  loss_type: cd, fine_loss: 0.014073 total_loss: 0.032376 lr: 0.000100 alpha: 0.1 time: 1.13 track: 0
INFO:root:Saving net...
INFO:root:Testing...
INFO:root:Best cd_p net saved!
INFO:root:Best cd_t net saved!
INFO:root:curr_cd_p: 0.015525; curr_cd_t: 0.000954; 
INFO:root:best_cd_p: 0.015525 [epoch 69]; best_cd_t: 0.000954 [epoch 69]; 
INFO:root:PointAttN_cd_2048_512_2048_2023-03-07T11:13:59 train [70: 0/15]  loss_type: cd, fine_loss: 0.014304 total_loss: 0.033220 lr: 0.000100 alpha: 0.1 time: 1.48 track: 0
INFO:root:Saving net...
INFO:root:Testing...
INFO:root:curr_cd_p: 0.015751; curr_cd_t: 0.000981; 
INFO:root:best_cd_p: 0.015525 [epoch 69]; best_cd_t: 0.000954 [epoch 69]; 
INFO:root:PointAttN_cd_2048_512_2048_2023-03-07T11:13:59 train [71: 0/15]  loss_type: cd, fine_loss: 0.014583 total_loss: 0.033374 lr: 0.000100 alpha: 0.1 time: 0.81 track: 1
INFO:root:Saving net...
INFO:root:Testing...
INFO:root:curr_cd_p: 0.015701; curr_cd_t: 0.000970; 
INFO:root:best_cd_p: 0.015525 [epoch 69]; best_cd_t: 0.000954 [epoch 69]; 
INFO:root:PointAttN_cd_2048_512_2048_2023-03-07T11:13:59 train [72: 0/15]  loss_type: cd, fine_loss: 0.015385 total_loss: 0.035364 lr: 0.000100 alpha: 0.1 time: 0.78 track: 2
INFO:root:Saving net...
INFO:root:Testing...
INFO:root:Best cd_p net saved!
INFO:root:Best cd_t net saved!
INFO:root:curr_cd_p: 0.015445; curr_cd_t: 0.000949; 
INFO:root:best_cd_p: 0.015445 [epoch 72]; best_cd_t: 0.000949 [epoch 72]; 
INFO:root:PointAttN_cd_2048_512_2048_2023-03-07T11:13:59 train [73: 0/15]  loss_type: cd, fine_loss: 0.014119 total_loss: 0.033195 lr: 0.000100 alpha: 0.1 time: 1.28 track: 0
INFO:root:Saving net...
INFO:root:Testing...
INFO:root:curr_cd_p: 0.015686; curr_cd_t: 0.000986; 
INFO:root:best_cd_p: 0.015445 [epoch 72]; best_cd_t: 0.000949 [epoch 72]; 
INFO:root:PointAttN_cd_2048_512_2048_2023-03-07T11:13:59 train [74: 0/15]  loss_type: cd, fine_loss: 0.014657 total_loss: 0.034580 lr: 0.000100 alpha: 0.1 time: 1.36 track: 1
INFO:root:Saving net...
INFO:root:Testing...
INFO:root:curr_cd_p: 0.015847; curr_cd_t: 0.001010; 
INFO:root:best_cd_p: 0.015445 [epoch 72]; best_cd_t: 0.000949 [epoch 72]; 
INFO:root:PointAttN_cd_2048_512_2048_2023-03-07T11:13:59 train [75: 0/15]  loss_type: cd, fine_loss: 0.015643 total_loss: 0.036263 lr: 0.000100 alpha: 0.1 time: 1.06 track: 2
INFO:root:Saving net...
INFO:root:Testing...
INFO:root:curr_cd_p: 0.015808; curr_cd_t: 0.000971; 
INFO:root:best_cd_p: 0.015445 [epoch 72]; best_cd_t: 0.000949 [epoch 72]; 
INFO:root:PointAttN_cd_2048_512_2048_2023-03-07T11:13:59 train [76: 0/15]  loss_type: cd, fine_loss: 0.014402 total_loss: 0.032828 lr: 0.000100 alpha: 0.1 time: 1.14 track: 3
INFO:root:Saving net...
INFO:root:Testing...
INFO:root:Best cd_p net saved!
INFO:root:Best cd_t net saved!
INFO:root:curr_cd_p: 0.015003; curr_cd_t: 0.000891; 
INFO:root:best_cd_p: 0.015003 [epoch 76]; best_cd_t: 0.000891 [epoch 76]; 
INFO:root:PointAttN_cd_2048_512_2048_2023-03-07T11:13:59 train [77: 0/15]  loss_type: cd, fine_loss: 0.013806 total_loss: 0.033108 lr: 0.000100 alpha: 0.1 time: 1.20 track: 0
INFO:root:Saving net...
INFO:root:Testing...
INFO:root:curr_cd_p: 0.015548; curr_cd_t: 0.000926; 
INFO:root:best_cd_p: 0.015003 [epoch 76]; best_cd_t: 0.000891 [epoch 76]; 
INFO:root:PointAttN_cd_2048_512_2048_2023-03-07T11:13:59 train [78: 0/15]  loss_type: cd, fine_loss: 0.014361 total_loss: 0.034527 lr: 0.000100 alpha: 0.1 time: 1.50 track: 1
INFO:root:Saving net...
INFO:root:Testing...
INFO:root:curr_cd_p: 0.015461; curr_cd_t: 0.000959; 
INFO:root:best_cd_p: 0.015003 [epoch 76]; best_cd_t: 0.000891 [epoch 76]; 
INFO:root:PointAttN_cd_2048_512_2048_2023-03-07T11:13:59 train [79: 0/15]  loss_type: cd, fine_loss: 0.014090 total_loss: 0.033051 lr: 0.000100 alpha: 0.1 time: 1.38 track: 2
INFO:root:Saving net...
INFO:root:Testing...
INFO:root:curr_cd_p: 0.015133; curr_cd_t: 0.000908; 
INFO:root:best_cd_p: 0.015003 [epoch 76]; best_cd_t: 0.000891 [epoch 76]; 
INFO:root:PointAttN_cd_2048_512_2048_2023-03-07T11:13:59 train [80: 0/15]  loss_type: cd, fine_loss: 0.013976 total_loss: 0.032821 lr: 0.000100 alpha: 0.1 time: 1.30 track: 3
INFO:root:Saving net...
INFO:root:Testing...
INFO:root:curr_cd_p: 0.015148; curr_cd_t: 0.000919; 
INFO:root:best_cd_p: 0.015003 [epoch 76]; best_cd_t: 0.000891 [epoch 76]; 
INFO:root:PointAttN_cd_2048_512_2048_2023-03-07T11:13:59 train [81: 0/15]  loss_type: cd, fine_loss: 0.013555 total_loss: 0.032233 lr: 0.000100 alpha: 0.1 time: 1.27 track: 4
INFO:root:Saving net...
INFO:root:Testing...
INFO:root:Best cd_p net saved!
INFO:root:Best cd_t net saved!
INFO:root:curr_cd_p: 0.014880; curr_cd_t: 0.000882; 
INFO:root:best_cd_p: 0.014880 [epoch 81]; best_cd_t: 0.000882 [epoch 81]; 
INFO:root:PointAttN_cd_2048_512_2048_2023-03-07T11:13:59 train [82: 0/15]  loss_type: cd, fine_loss: 0.013291 total_loss: 0.031958 lr: 0.000100 alpha: 0.1 time: 1.49 track: 0
INFO:root:Saving net...
INFO:root:Testing...
INFO:root:Best cd_p net saved!
INFO:root:Best cd_t net saved!
INFO:root:curr_cd_p: 0.014585; curr_cd_t: 0.000853; 
INFO:root:best_cd_p: 0.014585 [epoch 82]; best_cd_t: 0.000853 [epoch 82]; 
INFO:root:PointAttN_cd_2048_512_2048_2023-03-07T11:13:59 train [83: 0/15]  loss_type: cd, fine_loss: 0.013441 total_loss: 0.032463 lr: 0.000100 alpha: 0.1 time: 1.39 track: 0
INFO:root:Saving net...
INFO:root:Testing...
INFO:root:curr_cd_p: 0.014652; curr_cd_t: 0.000860; 
INFO:root:best_cd_p: 0.014585 [epoch 82]; best_cd_t: 0.000853 [epoch 82]; 
INFO:root:PointAttN_cd_2048_512_2048_2023-03-07T11:13:59 train [84: 0/15]  loss_type: cd, fine_loss: 0.012656 total_loss: 0.030755 lr: 0.000100 alpha: 0.1 time: 1.38 track: 1
INFO:root:Saving net...
INFO:root:Testing...
INFO:root:curr_cd_p: 0.014788; curr_cd_t: 0.000895; 
INFO:root:best_cd_p: 0.014585 [epoch 82]; best_cd_t: 0.000853 [epoch 82]; 
INFO:root:PointAttN_cd_2048_512_2048_2023-03-07T11:13:59 train [85: 0/15]  loss_type: cd, fine_loss: 0.013257 total_loss: 0.032314 lr: 0.000100 alpha: 0.1 time: 0.63 track: 2
INFO:root:Saving net...
INFO:root:Testing...
INFO:root:Best cd_t net saved!
INFO:root:curr_cd_p: 0.014734; curr_cd_t: 0.000846; 
INFO:root:best_cd_p: 0.014585 [epoch 82]; best_cd_t: 0.000846 [epoch 85]; 
INFO:root:PointAttN_cd_2048_512_2048_2023-03-07T11:13:59 train [86: 0/15]  loss_type: cd, fine_loss: 0.012954 total_loss: 0.031039 lr: 0.000100 alpha: 0.1 time: 0.81 track: 0
INFO:root:Saving net...
INFO:root:Testing...
INFO:root:curr_cd_p: 0.014868; curr_cd_t: 0.000865; 
INFO:root:best_cd_p: 0.014585 [epoch 82]; best_cd_t: 0.000846 [epoch 85]; 
INFO:root:PointAttN_cd_2048_512_2048_2023-03-07T11:13:59 train [87: 0/15]  loss_type: cd, fine_loss: 0.013388 total_loss: 0.032805 lr: 0.000100 alpha: 0.1 time: 0.67 track: 1
INFO:root:Saving net...
INFO:root:Testing...
INFO:root:curr_cd_p: 0.014693; curr_cd_t: 0.000857; 
INFO:root:best_cd_p: 0.014585 [epoch 82]; best_cd_t: 0.000846 [epoch 85]; 
INFO:root:PointAttN_cd_2048_512_2048_2023-03-07T11:13:59 train [88: 0/15]  loss_type: cd, fine_loss: 0.013330 total_loss: 0.032680 lr: 0.000100 alpha: 0.1 time: 1.33 track: 2
INFO:root:Saving net...
INFO:root:Testing...
INFO:root:Best cd_p net saved!
INFO:root:curr_cd_p: 0.014526; curr_cd_t: 0.000851; 
INFO:root:best_cd_p: 0.014526 [epoch 88]; best_cd_t: 0.000846 [epoch 85]; 
INFO:root:PointAttN_cd_2048_512_2048_2023-03-07T11:13:59 train [89: 0/15]  loss_type: cd, fine_loss: 0.012536 total_loss: 0.030637 lr: 0.000100 alpha: 0.1 time: 1.22 track: 3
INFO:root:Saving net...
INFO:root:Testing...
INFO:root:Best cd_p net saved!
INFO:root:Best cd_t net saved!
INFO:root:curr_cd_p: 0.014470; curr_cd_t: 0.000844; 
INFO:root:best_cd_p: 0.014470 [epoch 89]; best_cd_t: 0.000844 [epoch 89]; 
INFO:root:PointAttN_cd_2048_512_2048_2023-03-07T11:13:59 train [90: 0/15]  loss_type: cd, fine_loss: 0.012665 total_loss: 0.030704 lr: 0.000100 alpha: 0.1 time: 1.48 track: 0
INFO:root:Saving net...
INFO:root:Testing...
INFO:root:curr_cd_p: 0.014760; curr_cd_t: 0.000860; 
INFO:root:best_cd_p: 0.014470 [epoch 89]; best_cd_t: 0.000844 [epoch 89]; 
INFO:root:PointAttN_cd_2048_512_2048_2023-03-07T11:13:59 train [91: 0/15]  loss_type: cd, fine_loss: 0.012962 total_loss: 0.031511 lr: 0.000100 alpha: 0.1 time: 1.00 track: 1
INFO:root:Saving net...
INFO:root:Testing...
INFO:root:curr_cd_p: 0.014475; curr_cd_t: 0.000845; 
INFO:root:best_cd_p: 0.014470 [epoch 89]; best_cd_t: 0.000844 [epoch 89]; 
INFO:root:PointAttN_cd_2048_512_2048_2023-03-07T11:13:59 train [92: 0/15]  loss_type: cd, fine_loss: 0.012353 total_loss: 0.030539 lr: 0.000100 alpha: 0.1 time: 1.32 track: 2
INFO:root:Saving net...
INFO:root:Testing...
INFO:root:Best cd_p net saved!
INFO:root:Best cd_t net saved!
INFO:root:curr_cd_p: 0.014079; curr_cd_t: 0.000789; 
INFO:root:best_cd_p: 0.014079 [epoch 92]; best_cd_t: 0.000789 [epoch 92]; 
INFO:root:PointAttN_cd_2048_512_2048_2023-03-07T11:13:59 train [93: 0/15]  loss_type: cd, fine_loss: 0.011979 total_loss: 0.029954 lr: 0.000100 alpha: 0.1 time: 1.20 track: 0
INFO:root:Saving net...
INFO:root:Testing...
INFO:root:curr_cd_p: 0.014143; curr_cd_t: 0.000822; 
INFO:root:best_cd_p: 0.014079 [epoch 92]; best_cd_t: 0.000789 [epoch 92]; 
INFO:root:PointAttN_cd_2048_512_2048_2023-03-07T11:13:59 train [94: 0/15]  loss_type: cd, fine_loss: 0.011512 total_loss: 0.029108 lr: 0.000100 alpha: 0.1 time: 0.94 track: 1
INFO:root:Saving net...
INFO:root:Testing...
INFO:root:curr_cd_p: 0.014219; curr_cd_t: 0.000810; 
INFO:root:best_cd_p: 0.014079 [epoch 92]; best_cd_t: 0.000789 [epoch 92]; 
INFO:root:PointAttN_cd_2048_512_2048_2023-03-07T11:13:59 train [95: 0/15]  loss_type: cd, fine_loss: 0.012416 total_loss: 0.030559 lr: 0.000100 alpha: 0.1 time: 1.26 track: 2
INFO:root:Saving net...
INFO:root:Testing...
INFO:root:Best cd_p net saved!
INFO:root:curr_cd_p: 0.014071; curr_cd_t: 0.000803; 
INFO:root:best_cd_p: 0.014071 [epoch 95]; best_cd_t: 0.000789 [epoch 92]; 
INFO:root:PointAttN_cd_2048_512_2048_2023-03-07T11:13:59 train [96: 0/15]  loss_type: cd, fine_loss: 0.011794 total_loss: 0.029966 lr: 0.000100 alpha: 0.1 time: 1.36 track: 3
INFO:root:Saving net...
INFO:root:Testing...
INFO:root:Best cd_p net saved!
INFO:root:curr_cd_p: 0.013999; curr_cd_t: 0.000801; 
INFO:root:best_cd_p: 0.013999 [epoch 96]; best_cd_t: 0.000789 [epoch 92]; 
INFO:root:PointAttN_cd_2048_512_2048_2023-03-07T11:13:59 train [97: 0/15]  loss_type: cd, fine_loss: 0.011506 total_loss: 0.029083 lr: 0.000100 alpha: 0.1 time: 1.36 track: 4
INFO:root:Saving net...
INFO:root:Testing...
INFO:root:curr_cd_p: 0.014164; curr_cd_t: 0.000813; 
INFO:root:best_cd_p: 0.013999 [epoch 96]; best_cd_t: 0.000789 [epoch 92]; 
INFO:root:PointAttN_cd_2048_512_2048_2023-03-07T11:13:59 train [98: 0/15]  loss_type: cd, fine_loss: 0.011938 total_loss: 0.029926 lr: 0.000100 alpha: 0.1 time: 0.63 track: 5
INFO:root:Saving net...
INFO:root:Testing...
INFO:root:Best cd_p net saved!
INFO:root:Best cd_t net saved!
INFO:root:curr_cd_p: 0.013578; curr_cd_t: 0.000749; 
INFO:root:best_cd_p: 0.013578 [epoch 98]; best_cd_t: 0.000749 [epoch 98]; 
INFO:root:PointAttN_cd_2048_512_2048_2023-03-07T11:13:59 train [99: 0/15]  loss_type: cd, fine_loss: 0.011238 total_loss: 0.028795 lr: 0.000100 alpha: 0.1 time: 1.37 track: 0
INFO:root:Saving net...
INFO:root:Testing...
INFO:root:curr_cd_p: 0.014059; curr_cd_t: 0.000807; 
INFO:root:best_cd_p: 0.013578 [epoch 98]; best_cd_t: 0.000749 [epoch 98]; 
INFO:root:PointAttN_cd_2048_512_2048_2023-03-07T11:13:59 train [100: 0/15]  loss_type: cd, fine_loss: 0.011483 total_loss: 0.029310 lr: 0.000100 alpha: 0.1 time: 1.19 track: 1
INFO:root:Saving net...
INFO:root:Testing...
INFO:root:curr_cd_p: 0.013942; curr_cd_t: 0.000776; 
INFO:root:best_cd_p: 0.013578 [epoch 98]; best_cd_t: 0.000749 [epoch 98]; 
INFO:root:PointAttN_cd_2048_512_2048_2023-03-07T11:13:59 train [101: 0/15]  loss_type: cd, fine_loss: 0.011159 total_loss: 0.028472 lr: 0.000100 alpha: 0.1 time: 0.83 track: 2
INFO:root:Saving net...
INFO:root:Testing...
INFO:root:curr_cd_p: 0.014470; curr_cd_t: 0.000817; 
INFO:root:best_cd_p: 0.013578 [epoch 98]; best_cd_t: 0.000749 [epoch 98]; 
INFO:root:PointAttN_cd_2048_512_2048_2023-03-07T11:13:59 train [102: 0/15]  loss_type: cd, fine_loss: 0.011916 total_loss: 0.029115 lr: 0.000100 alpha: 0.1 time: 1.38 track: 3
INFO:root:Saving net...
INFO:root:Testing...
INFO:root:curr_cd_p: 0.014228; curr_cd_t: 0.000829; 
INFO:root:best_cd_p: 0.013578 [epoch 98]; best_cd_t: 0.000749 [epoch 98]; 
INFO:root:PointAttN_cd_2048_512_2048_2023-03-07T11:13:59 train [103: 0/15]  loss_type: cd, fine_loss: 0.012457 total_loss: 0.031330 lr: 0.000100 alpha: 0.1 time: 1.29 track: 4
INFO:root:Saving net...
INFO:root:Testing...
INFO:root:curr_cd_p: 0.014045; curr_cd_t: 0.000805; 
INFO:root:best_cd_p: 0.013578 [epoch 98]; best_cd_t: 0.000749 [epoch 98]; 
INFO:root:PointAttN_cd_2048_512_2048_2023-03-07T11:13:59 train [104: 0/15]  loss_type: cd, fine_loss: 0.011613 total_loss: 0.029369 lr: 0.000100 alpha: 0.1 time: 1.35 track: 5
INFO:root:Saving net...
INFO:root:Testing...
INFO:root:curr_cd_p: 0.013838; curr_cd_t: 0.000794; 
INFO:root:best_cd_p: 0.013578 [epoch 98]; best_cd_t: 0.000749 [epoch 98]; 
INFO:root:PointAttN_cd_2048_512_2048_2023-03-07T11:13:59 train [105: 0/15]  loss_type: cd, fine_loss: 0.011490 total_loss: 0.029854 lr: 0.000100 alpha: 0.1 time: 1.50 track: 6
INFO:root:Saving net...
INFO:root:Testing...
INFO:root:curr_cd_p: 0.013713; curr_cd_t: 0.000770; 
INFO:root:best_cd_p: 0.013578 [epoch 98]; best_cd_t: 0.000749 [epoch 98]; 
INFO:root:PointAttN_cd_2048_512_2048_2023-03-07T11:13:59 train [106: 0/15]  loss_type: cd, fine_loss: 0.010905 total_loss: 0.028208 lr: 0.000100 alpha: 0.1 time: 1.43 track: 7
INFO:root:Saving net...
INFO:root:Testing...
INFO:root:curr_cd_p: 0.013722; curr_cd_t: 0.000763; 
INFO:root:best_cd_p: 0.013578 [epoch 98]; best_cd_t: 0.000749 [epoch 98]; 
INFO:root:PointAttN_cd_2048_512_2048_2023-03-07T11:13:59 train [107: 0/15]  loss_type: cd, fine_loss: 0.011442 total_loss: 0.029529 lr: 0.000100 alpha: 0.1 time: 1.46 track: 8
INFO:root:Saving net...
INFO:root:Testing...
INFO:root:curr_cd_p: 0.013680; curr_cd_t: 0.000774; 
INFO:root:best_cd_p: 0.013578 [epoch 98]; best_cd_t: 0.000749 [epoch 98]; 
INFO:root:PointAttN_cd_2048_512_2048_2023-03-07T11:13:59 train [108: 0/15]  loss_type: cd, fine_loss: 0.011583 total_loss: 0.029772 lr: 0.000100 alpha: 0.1 time: 0.79 track: 9
INFO:root:Saving net...
INFO:root:Testing...
INFO:root:Best cd_p net saved!
INFO:root:curr_cd_p: 0.013558; curr_cd_t: 0.000767; 
INFO:root:best_cd_p: 0.013558 [epoch 108]; best_cd_t: 0.000749 [epoch 98]; 
INFO:root:PointAttN_cd_2048_512_2048_2023-03-07T11:13:59 train [109: 0/15]  loss_type: cd, fine_loss: 0.010340 total_loss: 0.027479 lr: 0.000100 alpha: 0.1 time: 1.51 track: 10
INFO:root:Saving net...
INFO:root:Testing...
INFO:root:Best cd_p net saved!
INFO:root:Best cd_t net saved!
INFO:root:curr_cd_p: 0.013478; curr_cd_t: 0.000746; 
INFO:root:best_cd_p: 0.013478 [epoch 109]; best_cd_t: 0.000746 [epoch 109]; 
INFO:root:PointAttN_cd_2048_512_2048_2023-03-07T11:13:59 train [110: 0/15]  loss_type: cd, fine_loss: 0.011345 total_loss: 0.029982 lr: 0.000100 alpha: 0.1 time: 1.35 track: 0
INFO:root:Saving net...
INFO:root:Testing...
INFO:root:curr_cd_p: 0.013794; curr_cd_t: 0.000785; 
INFO:root:best_cd_p: 0.013478 [epoch 109]; best_cd_t: 0.000746 [epoch 109]; 
INFO:root:PointAttN_cd_2048_512_2048_2023-03-07T11:13:59 train [111: 0/15]  loss_type: cd, fine_loss: 0.010341 total_loss: 0.027269 lr: 0.000100 alpha: 0.1 time: 0.66 track: 1
INFO:root:Saving net...
INFO:root:Testing...
INFO:root:curr_cd_p: 0.013844; curr_cd_t: 0.000788; 
INFO:root:best_cd_p: 0.013478 [epoch 109]; best_cd_t: 0.000746 [epoch 109]; 
INFO:root:PointAttN_cd_2048_512_2048_2023-03-07T11:13:59 train [112: 0/15]  loss_type: cd, fine_loss: 0.011506 total_loss: 0.029815 lr: 0.000100 alpha: 0.1 time: 1.31 track: 2
INFO:root:Saving net...
INFO:root:Testing...
INFO:root:curr_cd_p: 0.013558; curr_cd_t: 0.000757; 
INFO:root:best_cd_p: 0.013478 [epoch 109]; best_cd_t: 0.000746 [epoch 109]; 
INFO:root:PointAttN_cd_2048_512_2048_2023-03-07T11:13:59 train [113: 0/15]  loss_type: cd, fine_loss: 0.010458 total_loss: 0.027798 lr: 0.000100 alpha: 0.1 time: 1.04 track: 3
INFO:root:Saving net...
INFO:root:Testing...
INFO:root:Best cd_p net saved!
INFO:root:curr_cd_p: 0.013452; curr_cd_t: 0.000751; 
INFO:root:best_cd_p: 0.013452 [epoch 113]; best_cd_t: 0.000746 [epoch 109]; 
INFO:root:PointAttN_cd_2048_512_2048_2023-03-07T11:13:59 train [114: 0/15]  loss_type: cd, fine_loss: 0.010952 total_loss: 0.028716 lr: 0.000100 alpha: 0.1 time: 1.32 track: 4
INFO:root:Saving net...
INFO:root:Testing...
INFO:root:curr_cd_p: 0.013801; curr_cd_t: 0.000777; 
INFO:root:best_cd_p: 0.013452 [epoch 113]; best_cd_t: 0.000746 [epoch 109]; 
INFO:root:PointAttN_cd_2048_512_2048_2023-03-07T11:13:59 train [115: 0/15]  loss_type: cd, fine_loss: 0.011720 total_loss: 0.029706 lr: 0.000100 alpha: 0.1 time: 1.39 track: 5
INFO:root:Saving net...
INFO:root:Testing...
INFO:root:curr_cd_p: 0.013974; curr_cd_t: 0.000810; 
INFO:root:best_cd_p: 0.013452 [epoch 113]; best_cd_t: 0.000746 [epoch 109]; 
INFO:root:PointAttN_cd_2048_512_2048_2023-03-07T11:13:59 train [116: 0/15]  loss_type: cd, fine_loss: 0.011059 total_loss: 0.028595 lr: 0.000100 alpha: 0.1 time: 0.94 track: 6
INFO:root:Saving net...
INFO:root:Testing...
INFO:root:curr_cd_p: 0.013695; curr_cd_t: 0.000769; 
INFO:root:best_cd_p: 0.013452 [epoch 113]; best_cd_t: 0.000746 [epoch 109]; 
INFO:root:PointAttN_cd_2048_512_2048_2023-03-07T11:13:59 train [117: 0/15]  loss_type: cd, fine_loss: 0.011320 total_loss: 0.030301 lr: 0.000100 alpha: 0.1 time: 1.05 track: 7
INFO:root:Saving net...
INFO:root:Testing...
INFO:root:curr_cd_p: 0.013893; curr_cd_t: 0.000786; 
INFO:root:best_cd_p: 0.013452 [epoch 113]; best_cd_t: 0.000746 [epoch 109]; 
INFO:root:PointAttN_cd_2048_512_2048_2023-03-07T11:13:59 train [118: 0/15]  loss_type: cd, fine_loss: 0.011603 total_loss: 0.030145 lr: 0.000100 alpha: 0.1 time: 0.76 track: 8
INFO:root:Saving net...
INFO:root:Testing...
INFO:root:Best cd_p net saved!
INFO:root:Best cd_t net saved!
INFO:root:curr_cd_p: 0.013401; curr_cd_t: 0.000744; 
INFO:root:best_cd_p: 0.013401 [epoch 118]; best_cd_t: 0.000744 [epoch 118]; 
INFO:root:PointAttN_cd_2048_512_2048_2023-03-07T11:13:59 train [119: 0/15]  loss_type: cd, fine_loss: 0.010625 total_loss: 0.028723 lr: 0.000100 alpha: 0.1 time: 1.23 track: 0
INFO:root:Saving net...
INFO:root:Testing...
INFO:root:curr_cd_p: 0.013795; curr_cd_t: 0.000769; 
INFO:root:best_cd_p: 0.013401 [epoch 118]; best_cd_t: 0.000744 [epoch 118]; 
INFO:root:PointAttN_cd_2048_512_2048_2023-03-07T11:13:59 train [120: 0/15]  loss_type: cd, fine_loss: 0.011097 total_loss: 0.028659 lr: 0.000100 alpha: 0.1 time: 0.86 track: 1
INFO:root:Saving net...
INFO:root:Testing...
INFO:root:curr_cd_p: 0.014223; curr_cd_t: 0.000835; 
INFO:root:best_cd_p: 0.013401 [epoch 118]; best_cd_t: 0.000744 [epoch 118]; 
INFO:root:PointAttN_cd_2048_512_2048_2023-03-07T11:13:59 train [121: 0/15]  loss_type: cd, fine_loss: 0.012098 total_loss: 0.031297 lr: 0.000100 alpha: 0.1 time: 1.46 track: 2
INFO:root:Saving net...
INFO:root:Testing...
INFO:root:curr_cd_p: 0.013670; curr_cd_t: 0.000759; 
INFO:root:best_cd_p: 0.013401 [epoch 118]; best_cd_t: 0.000744 [epoch 118]; 
INFO:root:PointAttN_cd_2048_512_2048_2023-03-07T11:13:59 train [122: 0/15]  loss_type: cd, fine_loss: 0.011840 total_loss: 0.031484 lr: 0.000100 alpha: 0.1 time: 0.64 track: 3
INFO:root:Saving net...
INFO:root:Testing...
INFO:root:curr_cd_p: 0.013572; curr_cd_t: 0.000777; 
INFO:root:best_cd_p: 0.013401 [epoch 118]; best_cd_t: 0.000744 [epoch 118]; 
INFO:root:PointAttN_cd_2048_512_2048_2023-03-07T11:13:59 train [123: 0/15]  loss_type: cd, fine_loss: 0.010784 total_loss: 0.029024 lr: 0.000100 alpha: 0.1 time: 1.09 track: 4
INFO:root:Saving net...
INFO:root:Testing...
INFO:root:curr_cd_p: 0.013626; curr_cd_t: 0.000750; 
INFO:root:best_cd_p: 0.013401 [epoch 118]; best_cd_t: 0.000744 [epoch 118]; 
INFO:root:PointAttN_cd_2048_512_2048_2023-03-07T11:13:59 train [124: 0/15]  loss_type: cd, fine_loss: 0.010190 total_loss: 0.027645 lr: 0.000100 alpha: 0.1 time: 1.39 track: 5
INFO:root:Saving net...
INFO:root:Testing...
INFO:root:Best cd_p net saved!
INFO:root:Best cd_t net saved!
INFO:root:curr_cd_p: 0.013284; curr_cd_t: 0.000722; 
INFO:root:best_cd_p: 0.013284 [epoch 124]; best_cd_t: 0.000722 [epoch 124]; 
INFO:root:PointAttN_cd_2048_512_2048_2023-03-07T11:13:59 train [125: 0/15]  loss_type: cd, fine_loss: 0.010424 total_loss: 0.028135 lr: 0.000100 alpha: 0.1 time: 1.11 track: 0
INFO:root:Saving net...
INFO:root:Testing...
INFO:root:curr_cd_p: 0.013835; curr_cd_t: 0.000774; 
INFO:root:best_cd_p: 0.013284 [epoch 124]; best_cd_t: 0.000722 [epoch 124]; 
INFO:root:PointAttN_cd_2048_512_2048_2023-03-07T11:13:59 train [126: 0/15]  loss_type: cd, fine_loss: 0.010311 total_loss: 0.026619 lr: 0.000100 alpha: 0.1 time: 0.69 track: 1
INFO:root:Saving net...
INFO:root:Testing...
INFO:root:curr_cd_p: 0.013446; curr_cd_t: 0.000738; 
INFO:root:best_cd_p: 0.013284 [epoch 124]; best_cd_t: 0.000722 [epoch 124]; 
INFO:root:PointAttN_cd_2048_512_2048_2023-03-07T11:13:59 train [127: 0/15]  loss_type: cd, fine_loss: 0.010113 total_loss: 0.027373 lr: 0.000100 alpha: 0.1 time: 1.17 track: 2
INFO:root:Saving net...
INFO:root:Testing...
INFO:root:curr_cd_p: 0.013457; curr_cd_t: 0.000746; 
INFO:root:best_cd_p: 0.013284 [epoch 124]; best_cd_t: 0.000722 [epoch 124]; 
INFO:root:PointAttN_cd_2048_512_2048_2023-03-07T11:13:59 train [128: 0/15]  loss_type: cd, fine_loss: 0.010265 total_loss: 0.027537 lr: 0.000100 alpha: 0.1 time: 1.35 track: 3
INFO:root:Saving net...
INFO:root:Testing...
INFO:root:curr_cd_p: 0.014455; curr_cd_t: 0.000859; 
INFO:root:best_cd_p: 0.013284 [epoch 124]; best_cd_t: 0.000722 [epoch 124]; 
INFO:root:PointAttN_cd_2048_512_2048_2023-03-07T11:13:59 train [129: 0/15]  loss_type: cd, fine_loss: 0.011813 total_loss: 0.029723 lr: 0.000100 alpha: 0.1 time: 0.67 track: 4
INFO:root:Saving net...
INFO:root:Testing...
INFO:root:curr_cd_p: 0.013481; curr_cd_t: 0.000747; 
INFO:root:best_cd_p: 0.013284 [epoch 124]; best_cd_t: 0.000722 [epoch 124]; 
INFO:root:PointAttN_cd_2048_512_2048_2023-03-07T11:13:59 train [130: 0/15]  loss_type: cd, fine_loss: 0.010080 total_loss: 0.027660 lr: 0.000100 alpha: 0.1 time: 0.88 track: 5
INFO:root:Saving net...
INFO:root:Testing...
INFO:root:curr_cd_p: 0.013319; curr_cd_t: 0.000728; 
INFO:root:best_cd_p: 0.013284 [epoch 124]; best_cd_t: 0.000722 [epoch 124]; 
INFO:root:PointAttN_cd_2048_512_2048_2023-03-07T11:13:59 train [131: 0/15]  loss_type: cd, fine_loss: 0.010672 total_loss: 0.028801 lr: 0.000100 alpha: 0.1 time: 1.16 track: 6
INFO:root:Saving net...
INFO:root:Testing...
INFO:root:Best cd_p net saved!
INFO:root:curr_cd_p: 0.013284; curr_cd_t: 0.000736; 
INFO:root:best_cd_p: 0.013284 [epoch 131]; best_cd_t: 0.000722 [epoch 124]; 
INFO:root:PointAttN_cd_2048_512_2048_2023-03-07T11:13:59 train [132: 0/15]  loss_type: cd, fine_loss: 0.010523 total_loss: 0.028626 lr: 0.000100 alpha: 0.1 time: 1.48 track: 7
INFO:root:Saving net...
INFO:root:Testing...
INFO:root:curr_cd_p: 0.013415; curr_cd_t: 0.000750; 
INFO:root:best_cd_p: 0.013284 [epoch 131]; best_cd_t: 0.000722 [epoch 124]; 
INFO:root:PointAttN_cd_2048_512_2048_2023-03-07T11:13:59 train [133: 0/15]  loss_type: cd, fine_loss: 0.010401 total_loss: 0.028157 lr: 0.000100 alpha: 0.1 time: 0.76 track: 8
INFO:root:Saving net...
INFO:root:Testing...
INFO:root:curr_cd_p: 0.013352; curr_cd_t: 0.000744; 
INFO:root:best_cd_p: 0.013284 [epoch 131]; best_cd_t: 0.000722 [epoch 124]; 
INFO:root:PointAttN_cd_2048_512_2048_2023-03-07T11:13:59 train [134: 0/15]  loss_type: cd, fine_loss: 0.010328 total_loss: 0.027883 lr: 0.000100 alpha: 0.1 time: 0.74 track: 9
INFO:root:Saving net...
INFO:root:Testing...
INFO:root:Best cd_p net saved!
INFO:root:curr_cd_p: 0.013265; curr_cd_t: 0.000738; 
INFO:root:best_cd_p: 0.013265 [epoch 134]; best_cd_t: 0.000722 [epoch 124]; 
INFO:root:PointAttN_cd_2048_512_2048_2023-03-07T11:13:59 train [135: 0/15]  loss_type: cd, fine_loss: 0.010355 total_loss: 0.028420 lr: 0.000100 alpha: 0.1 time: 0.79 track: 10
INFO:root:Saving net...
INFO:root:Testing...
INFO:root:curr_cd_p: 0.014064; curr_cd_t: 0.000801; 
INFO:root:best_cd_p: 0.013265 [epoch 134]; best_cd_t: 0.000722 [epoch 124]; 
INFO:root:PointAttN_cd_2048_512_2048_2023-03-07T11:13:59 train [136: 0/15]  loss_type: cd, fine_loss: 0.010668 total_loss: 0.027994 lr: 0.000100 alpha: 0.1 time: 1.11 track: 11
INFO:root:Saving net...
INFO:root:Testing...
INFO:root:curr_cd_p: 0.013532; curr_cd_t: 0.000754; 
INFO:root:best_cd_p: 0.013265 [epoch 134]; best_cd_t: 0.000722 [epoch 124]; 
INFO:root:PointAttN_cd_2048_512_2048_2023-03-07T11:13:59 train [137: 0/15]  loss_type: cd, fine_loss: 0.009718 total_loss: 0.026230 lr: 0.000100 alpha: 0.1 time: 0.68 track: 12
INFO:root:Saving net...
INFO:root:Testing...
INFO:root:curr_cd_p: 0.013353; curr_cd_t: 0.000738; 
INFO:root:best_cd_p: 0.013265 [epoch 134]; best_cd_t: 0.000722 [epoch 124]; 
INFO:root:PointAttN_cd_2048_512_2048_2023-03-07T11:13:59 train [138: 0/15]  loss_type: cd, fine_loss: 0.010018 total_loss: 0.027391 lr: 0.000100 alpha: 0.1 time: 0.69 track: 13
INFO:root:Saving net...
INFO:root:Testing...
INFO:root:Best cd_t net saved!
INFO:root:curr_cd_p: 0.013266; curr_cd_t: 0.000722; 
INFO:root:best_cd_p: 0.013265 [epoch 134]; best_cd_t: 0.000722 [epoch 138]; 
INFO:root:PointAttN_cd_2048_512_2048_2023-03-07T11:13:59 train [139: 0/15]  loss_type: cd, fine_loss: 0.010073 total_loss: 0.028046 lr: 0.000100 alpha: 0.1 time: 0.96 track: 0
INFO:root:Saving net...
INFO:root:Testing...
INFO:root:Best cd_p net saved!
INFO:root:Best cd_t net saved!
INFO:root:curr_cd_p: 0.013157; curr_cd_t: 0.000713; 
INFO:root:best_cd_p: 0.013157 [epoch 139]; best_cd_t: 0.000713 [epoch 139]; 
INFO:root:PointAttN_cd_2048_512_2048_2023-03-07T11:13:59 train [140: 0/15]  loss_type: cd, fine_loss: 0.010420 total_loss: 0.028350 lr: 0.000100 alpha: 0.1 time: 1.17 track: 0
INFO:root:Saving net...
INFO:root:Testing...
INFO:root:curr_cd_p: 0.013284; curr_cd_t: 0.000727; 
INFO:root:best_cd_p: 0.013157 [epoch 139]; best_cd_t: 0.000713 [epoch 139]; 
INFO:root:PointAttN_cd_2048_512_2048_2023-03-07T11:13:59 train [141: 0/15]  loss_type: cd, fine_loss: 0.009674 total_loss: 0.026758 lr: 0.000100 alpha: 0.1 time: 1.33 track: 1
INFO:root:Saving net...
INFO:root:Testing...
INFO:root:Best cd_p net saved!
INFO:root:Best cd_t net saved!
INFO:root:curr_cd_p: 0.013027; curr_cd_t: 0.000696; 
INFO:root:best_cd_p: 0.013027 [epoch 141]; best_cd_t: 0.000696 [epoch 141]; 
INFO:root:PointAttN_cd_2048_512_2048_2023-03-07T11:13:59 train [142: 0/15]  loss_type: cd, fine_loss: 0.009390 total_loss: 0.026434 lr: 0.000100 alpha: 0.1 time: 1.33 track: 0
INFO:root:Saving net...
INFO:root:Testing...
INFO:root:curr_cd_p: 0.013314; curr_cd_t: 0.000742; 
INFO:root:best_cd_p: 0.013027 [epoch 141]; best_cd_t: 0.000696 [epoch 141]; 
INFO:root:PointAttN_cd_2048_512_2048_2023-03-07T11:13:59 train [143: 0/15]  loss_type: cd, fine_loss: 0.010018 total_loss: 0.027490 lr: 0.000100 alpha: 0.1 time: 0.65 track: 1
INFO:root:Saving net...
INFO:root:Testing...
INFO:root:curr_cd_p: 0.013464; curr_cd_t: 0.000757; 
INFO:root:best_cd_p: 0.013027 [epoch 141]; best_cd_t: 0.000696 [epoch 141]; 
INFO:root:PointAttN_cd_2048_512_2048_2023-03-07T11:13:59 train [144: 0/15]  loss_type: cd, fine_loss: 0.010379 total_loss: 0.028170 lr: 0.000100 alpha: 0.1 time: 1.29 track: 2
INFO:root:Saving net...
INFO:root:Testing...
INFO:root:curr_cd_p: 0.013513; curr_cd_t: 0.000753; 
INFO:root:best_cd_p: 0.013027 [epoch 141]; best_cd_t: 0.000696 [epoch 141]; 
INFO:root:PointAttN_cd_2048_512_2048_2023-03-07T11:13:59 train [145: 0/15]  loss_type: cd, fine_loss: 0.010059 total_loss: 0.027231 lr: 0.000100 alpha: 0.1 time: 0.76 track: 3
INFO:root:Saving net...
INFO:root:Testing...
INFO:root:curr_cd_p: 0.013234; curr_cd_t: 0.000721; 
INFO:root:best_cd_p: 0.013027 [epoch 141]; best_cd_t: 0.000696 [epoch 141]; 
INFO:root:PointAttN_cd_2048_512_2048_2023-03-07T11:13:59 train [146: 0/15]  loss_type: cd, fine_loss: 0.010503 total_loss: 0.028476 lr: 0.000100 alpha: 0.1 time: 1.41 track: 4
INFO:root:Saving net...
INFO:root:Testing...
INFO:root:curr_cd_p: 0.013271; curr_cd_t: 0.000730; 
INFO:root:best_cd_p: 0.013027 [epoch 141]; best_cd_t: 0.000696 [epoch 141]; 
INFO:root:PointAttN_cd_2048_512_2048_2023-03-07T11:13:59 train [147: 0/15]  loss_type: cd, fine_loss: 0.010448 total_loss: 0.028499 lr: 0.000100 alpha: 0.1 time: 1.03 track: 5
INFO:root:Saving net...
INFO:root:Testing...
INFO:root:curr_cd_p: 0.013068; curr_cd_t: 0.000703; 
INFO:root:best_cd_p: 0.013027 [epoch 141]; best_cd_t: 0.000696 [epoch 141]; 
INFO:root:PointAttN_cd_2048_512_2048_2023-03-07T11:13:59 train [148: 0/15]  loss_type: cd, fine_loss: 0.009384 total_loss: 0.026327 lr: 0.000100 alpha: 0.1 time: 0.69 track: 6
INFO:root:Saving net...
INFO:root:Testing...
INFO:root:curr_cd_p: 0.013272; curr_cd_t: 0.000733; 
INFO:root:best_cd_p: 0.013027 [epoch 141]; best_cd_t: 0.000696 [epoch 141]; 
INFO:root:PointAttN_cd_2048_512_2048_2023-03-07T11:13:59 train [149: 0/15]  loss_type: cd, fine_loss: 0.010693 total_loss: 0.029186 lr: 0.000100 alpha: 0.1 time: 0.95 track: 7
INFO:root:Saving net...
INFO:root:Testing...
INFO:root:Best cd_p net saved!
INFO:root:curr_cd_p: 0.012929; curr_cd_t: 0.000697; 
INFO:root:best_cd_p: 0.012929 [epoch 149]; best_cd_t: 0.000696 [epoch 141]; 
INFO:root:PointAttN_cd_2048_512_2048_2023-03-07T11:13:59 train [150: 0/15]  loss_type: cd, fine_loss: 0.009181 total_loss: 0.026095 lr: 0.000100 alpha: 0.1 time: 1.02 track: 8
INFO:root:Saving net...
INFO:root:Testing...
INFO:root:Best cd_t net saved!
INFO:root:curr_cd_p: 0.012945; curr_cd_t: 0.000696; 
INFO:root:best_cd_p: 0.012929 [epoch 149]; best_cd_t: 0.000696 [epoch 150]; 
INFO:root:PointAttN_cd_2048_512_2048_2023-03-07T11:13:59 train [151: 0/15]  loss_type: cd, fine_loss: 0.008942 total_loss: 0.025441 lr: 0.000100 alpha: 0.1 time: 1.09 track: 0
INFO:root:Saving net...
INFO:root:Testing...
INFO:root:curr_cd_p: 0.013875; curr_cd_t: 0.000791; 
INFO:root:best_cd_p: 0.012929 [epoch 149]; best_cd_t: 0.000696 [epoch 150]; 
INFO:root:PointAttN_cd_2048_512_2048_2023-03-07T11:13:59 train [152: 0/15]  loss_type: cd, fine_loss: 0.010309 total_loss: 0.027270 lr: 0.000100 alpha: 0.1 time: 0.79 track: 1
INFO:root:Saving net...
INFO:root:Testing...
INFO:root:curr_cd_p: 0.013168; curr_cd_t: 0.000712; 
INFO:root:best_cd_p: 0.012929 [epoch 149]; best_cd_t: 0.000696 [epoch 150]; 
INFO:root:PointAttN_cd_2048_512_2048_2023-03-07T11:13:59 train [153: 0/15]  loss_type: cd, fine_loss: 0.009568 total_loss: 0.026595 lr: 0.000100 alpha: 0.1 time: 0.79 track: 2
INFO:root:Saving net...
INFO:root:Testing...
INFO:root:curr_cd_p: 0.013617; curr_cd_t: 0.000777; 
INFO:root:best_cd_p: 0.012929 [epoch 149]; best_cd_t: 0.000696 [epoch 150]; 
INFO:root:PointAttN_cd_2048_512_2048_2023-03-07T11:13:59 train [154: 0/15]  loss_type: cd, fine_loss: 0.009827 total_loss: 0.027026 lr: 0.000100 alpha: 0.1 time: 1.39 track: 3
INFO:root:Saving net...
INFO:root:Testing...
INFO:root:curr_cd_p: 0.013876; curr_cd_t: 0.000803; 
INFO:root:best_cd_p: 0.012929 [epoch 149]; best_cd_t: 0.000696 [epoch 150]; 
INFO:root:PointAttN_cd_2048_512_2048_2023-03-07T11:13:59 train [155: 0/15]  loss_type: cd, fine_loss: 0.010133 total_loss: 0.026924 lr: 0.000100 alpha: 0.1 time: 0.75 track: 4
INFO:root:Saving net...
INFO:root:Testing...
INFO:root:curr_cd_p: 0.013200; curr_cd_t: 0.000729; 
INFO:root:best_cd_p: 0.012929 [epoch 149]; best_cd_t: 0.000696 [epoch 150]; 
INFO:root:PointAttN_cd_2048_512_2048_2023-03-07T11:13:59 train [156: 0/15]  loss_type: cd, fine_loss: 0.009004 total_loss: 0.025182 lr: 0.000100 alpha: 0.1 time: 1.10 track: 5
INFO:root:Saving net...
INFO:root:Testing...
INFO:root:curr_cd_p: 0.013208; curr_cd_t: 0.000724; 
INFO:root:best_cd_p: 0.012929 [epoch 149]; best_cd_t: 0.000696 [epoch 150]; 
INFO:root:PointAttN_cd_2048_512_2048_2023-03-07T11:13:59 train [157: 0/15]  loss_type: cd, fine_loss: 0.009798 total_loss: 0.026766 lr: 0.000100 alpha: 0.1 time: 1.30 track: 6
INFO:root:Saving net...
INFO:root:Testing...
INFO:root:curr_cd_p: 0.013393; curr_cd_t: 0.000730; 
INFO:root:best_cd_p: 0.012929 [epoch 149]; best_cd_t: 0.000696 [epoch 150]; 
INFO:root:PointAttN_cd_2048_512_2048_2023-03-07T11:13:59 train [158: 0/15]  loss_type: cd, fine_loss: 0.009046 total_loss: 0.025047 lr: 0.000100 alpha: 0.1 time: 0.72 track: 7
INFO:root:Saving net...
INFO:root:Testing...
INFO:root:curr_cd_p: 0.013314; curr_cd_t: 0.000732; 
INFO:root:best_cd_p: 0.012929 [epoch 149]; best_cd_t: 0.000696 [epoch 150]; 
INFO:root:PointAttN_cd_2048_512_2048_2023-03-07T11:13:59 train [159: 0/15]  loss_type: cd, fine_loss: 0.009505 total_loss: 0.026328 lr: 0.000100 alpha: 0.1 time: 0.68 track: 8
INFO:root:Saving net...
INFO:root:Testing...
INFO:root:curr_cd_p: 0.013334; curr_cd_t: 0.000737; 
INFO:root:best_cd_p: 0.012929 [epoch 149]; best_cd_t: 0.000696 [epoch 150]; 
INFO:root:PointAttN_cd_2048_512_2048_2023-03-07T11:13:59 train [160: 0/15]  loss_type: cd, fine_loss: 0.009112 total_loss: 0.025144 lr: 0.000100 alpha: 0.1 time: 0.87 track: 9
INFO:root:Saving net...
INFO:root:Testing...
INFO:root:curr_cd_p: 0.012989; curr_cd_t: 0.000702; 
INFO:root:best_cd_p: 0.012929 [epoch 149]; best_cd_t: 0.000696 [epoch 150]; 
INFO:root:PointAttN_cd_2048_512_2048_2023-03-07T11:13:59 train [161: 0/15]  loss_type: cd, fine_loss: 0.008997 total_loss: 0.025267 lr: 0.000100 alpha: 0.1 time: 1.02 track: 10
INFO:root:Saving net...
INFO:root:Testing...
INFO:root:curr_cd_p: 0.013358; curr_cd_t: 0.000743; 
INFO:root:best_cd_p: 0.012929 [epoch 149]; best_cd_t: 0.000696 [epoch 150]; 
INFO:root:PointAttN_cd_2048_512_2048_2023-03-07T11:13:59 train [162: 0/15]  loss_type: cd, fine_loss: 0.009510 total_loss: 0.026223 lr: 0.000100 alpha: 0.1 time: 1.24 track: 11
INFO:root:Saving net...
INFO:root:Testing...
INFO:root:Best cd_t net saved!
INFO:root:curr_cd_p: 0.012933; curr_cd_t: 0.000693; 
INFO:root:best_cd_p: 0.012929 [epoch 149]; best_cd_t: 0.000693 [epoch 162]; 
INFO:root:PointAttN_cd_2048_512_2048_2023-03-07T11:13:59 train [163: 0/15]  loss_type: cd, fine_loss: 0.009021 total_loss: 0.025782 lr: 0.000100 alpha: 0.1 time: 1.20 track: 0
INFO:root:Saving net...
INFO:root:Testing...
INFO:root:curr_cd_p: 0.013470; curr_cd_t: 0.000752; 
INFO:root:best_cd_p: 0.012929 [epoch 149]; best_cd_t: 0.000693 [epoch 162]; 
INFO:root:PointAttN_cd_2048_512_2048_2023-03-07T11:13:59 train [164: 0/15]  loss_type: cd, fine_loss: 0.009924 total_loss: 0.027100 lr: 0.000100 alpha: 0.1 time: 1.37 track: 1
INFO:root:Saving net...
INFO:root:Testing...
INFO:root:curr_cd_p: 0.013286; curr_cd_t: 0.000726; 
INFO:root:best_cd_p: 0.012929 [epoch 149]; best_cd_t: 0.000693 [epoch 162]; 
INFO:root:PointAttN_cd_2048_512_2048_2023-03-07T11:13:59 train [165: 0/15]  loss_type: cd, fine_loss: 0.009854 total_loss: 0.027550 lr: 0.000100 alpha: 0.1 time: 1.12 track: 2
INFO:root:Saving net...
INFO:root:Testing...
INFO:root:curr_cd_p: 0.012997; curr_cd_t: 0.000709; 
INFO:root:best_cd_p: 0.012929 [epoch 149]; best_cd_t: 0.000693 [epoch 162]; 
INFO:root:PointAttN_cd_2048_512_2048_2023-03-07T11:13:59 train [166: 0/15]  loss_type: cd, fine_loss: 0.009134 total_loss: 0.026156 lr: 0.000100 alpha: 0.1 time: 1.22 track: 3
INFO:root:Saving net...
INFO:root:Testing...
INFO:root:curr_cd_p: 0.013217; curr_cd_t: 0.000728; 
INFO:root:best_cd_p: 0.012929 [epoch 149]; best_cd_t: 0.000693 [epoch 162]; 
INFO:root:PointAttN_cd_2048_512_2048_2023-03-07T11:13:59 train [167: 0/15]  loss_type: cd, fine_loss: 0.010013 total_loss: 0.028126 lr: 0.000100 alpha: 0.1 time: 0.73 track: 4
INFO:root:Saving net...
INFO:root:Testing...
INFO:root:curr_cd_p: 0.014054; curr_cd_t: 0.000779; 
INFO:root:best_cd_p: 0.012929 [epoch 149]; best_cd_t: 0.000693 [epoch 162]; 
INFO:root:PointAttN_cd_2048_512_2048_2023-03-07T11:13:59 train [168: 0/15]  loss_type: cd, fine_loss: 0.010463 total_loss: 0.027040 lr: 0.000100 alpha: 0.1 time: 0.76 track: 5
INFO:root:Saving net...
INFO:root:Testing...
INFO:root:curr_cd_p: 0.013492; curr_cd_t: 0.000764; 
INFO:root:best_cd_p: 0.012929 [epoch 149]; best_cd_t: 0.000693 [epoch 162]; 
INFO:root:PointAttN_cd_2048_512_2048_2023-03-07T11:13:59 train [169: 0/15]  loss_type: cd, fine_loss: 0.009528 total_loss: 0.026358 lr: 0.000100 alpha: 0.1 time: 1.32 track: 6
INFO:root:Saving net...
INFO:root:Testing...
INFO:root:curr_cd_p: 0.013417; curr_cd_t: 0.000758; 
INFO:root:best_cd_p: 0.012929 [epoch 149]; best_cd_t: 0.000693 [epoch 162]; 
INFO:root:PointAttN_cd_2048_512_2048_2023-03-07T11:13:59 train [170: 0/15]  loss_type: cd, fine_loss: 0.009760 total_loss: 0.026921 lr: 0.000100 alpha: 0.1 time: 0.84 track: 7
INFO:root:Saving net...
INFO:root:Testing...
INFO:root:curr_cd_p: 0.013716; curr_cd_t: 0.000791; 
INFO:root:best_cd_p: 0.012929 [epoch 149]; best_cd_t: 0.000693 [epoch 162]; 
INFO:root:PointAttN_cd_2048_512_2048_2023-03-07T11:13:59 train [171: 0/15]  loss_type: cd, fine_loss: 0.009793 total_loss: 0.026963 lr: 0.000100 alpha: 0.1 time: 1.32 track: 8
INFO:root:Saving net...
INFO:root:Testing...
INFO:root:curr_cd_p: 0.013356; curr_cd_t: 0.000731; 
INFO:root:best_cd_p: 0.012929 [epoch 149]; best_cd_t: 0.000693 [epoch 162]; 
INFO:root:PointAttN_cd_2048_512_2048_2023-03-07T11:13:59 train [172: 0/15]  loss_type: cd, fine_loss: 0.009169 total_loss: 0.025394 lr: 0.000100 alpha: 0.1 time: 1.36 track: 9
INFO:root:Saving net...
INFO:root:Testing...
INFO:root:curr_cd_p: 0.013105; curr_cd_t: 0.000721; 
INFO:root:best_cd_p: 0.012929 [epoch 149]; best_cd_t: 0.000693 [epoch 162]; 
INFO:root:PointAttN_cd_2048_512_2048_2023-03-07T11:13:59 train [173: 0/15]  loss_type: cd, fine_loss: 0.009129 total_loss: 0.025689 lr: 0.000100 alpha: 0.1 time: 0.68 track: 10
INFO:root:Saving net...
INFO:root:Testing...
INFO:root:curr_cd_p: 0.013336; curr_cd_t: 0.000744; 
INFO:root:best_cd_p: 0.012929 [epoch 149]; best_cd_t: 0.000693 [epoch 162]; 
INFO:root:PointAttN_cd_2048_512_2048_2023-03-07T11:13:59 train [174: 0/15]  loss_type: cd, fine_loss: 0.010002 total_loss: 0.027740 lr: 0.000100 alpha: 0.1 time: 1.28 track: 11
INFO:root:Saving net...
INFO:root:Testing...
INFO:root:curr_cd_p: 0.013659; curr_cd_t: 0.000774; 
INFO:root:best_cd_p: 0.012929 [epoch 149]; best_cd_t: 0.000693 [epoch 162]; 
INFO:root:PointAttN_cd_2048_512_2048_2023-03-07T11:13:59 train [175: 0/15]  loss_type: cd, fine_loss: 0.010058 total_loss: 0.027681 lr: 0.000100 alpha: 0.1 time: 0.70 track: 12
INFO:root:Saving net...
INFO:root:Testing...
INFO:root:curr_cd_p: 0.013222; curr_cd_t: 0.000740; 
INFO:root:best_cd_p: 0.012929 [epoch 149]; best_cd_t: 0.000693 [epoch 162]; 
INFO:root:PointAttN_cd_2048_512_2048_2023-03-07T11:13:59 train [176: 0/15]  loss_type: cd, fine_loss: 0.008934 total_loss: 0.025293 lr: 0.000100 alpha: 0.1 time: 0.64 track: 13
INFO:root:Saving net...
INFO:root:Testing...
INFO:root:curr_cd_p: 0.013132; curr_cd_t: 0.000715; 
INFO:root:best_cd_p: 0.012929 [epoch 149]; best_cd_t: 0.000693 [epoch 162]; 
INFO:root:PointAttN_cd_2048_512_2048_2023-03-07T11:13:59 train [177: 0/15]  loss_type: cd, fine_loss: 0.008945 total_loss: 0.025482 lr: 0.000100 alpha: 0.1 time: 1.08 track: 14
INFO:root:Saving net...
INFO:root:Testing...
INFO:root:curr_cd_p: 0.013400; curr_cd_t: 0.000742; 
INFO:root:best_cd_p: 0.012929 [epoch 149]; best_cd_t: 0.000693 [epoch 162]; 
INFO:root:PointAttN_cd_2048_512_2048_2023-03-07T11:13:59 train [178: 0/15]  loss_type: cd, fine_loss: 0.009511 total_loss: 0.026358 lr: 0.000100 alpha: 0.1 time: 1.33 track: 15
INFO:root:Saving net...
INFO:root:Testing...
INFO:root:curr_cd_p: 0.013352; curr_cd_t: 0.000745; 
INFO:root:best_cd_p: 0.012929 [epoch 149]; best_cd_t: 0.000693 [epoch 162]; 
INFO:root:PointAttN_cd_2048_512_2048_2023-03-07T11:13:59 train [179: 0/15]  loss_type: cd, fine_loss: 0.009730 total_loss: 0.026761 lr: 0.000100 alpha: 0.1 time: 1.28 track: 16
INFO:root:Saving net...
INFO:root:Testing...
INFO:root:curr_cd_p: 0.013053; curr_cd_t: 0.000710; 
INFO:root:best_cd_p: 0.012929 [epoch 149]; best_cd_t: 0.000693 [epoch 162]; 
INFO:root:PointAttN_cd_2048_512_2048_2023-03-07T11:13:59 train [180: 0/15]  loss_type: cd, fine_loss: 0.009942 total_loss: 0.028005 lr: 0.000100 alpha: 0.1 time: 0.84 track: 17
INFO:root:Saving net...
INFO:root:Testing...
INFO:root:curr_cd_p: 0.013164; curr_cd_t: 0.000732; 
INFO:root:best_cd_p: 0.012929 [epoch 149]; best_cd_t: 0.000693 [epoch 162]; 
INFO:root:PointAttN_cd_2048_512_2048_2023-03-07T11:13:59 train [181: 0/15]  loss_type: cd, fine_loss: 0.009290 total_loss: 0.026498 lr: 0.000100 alpha: 0.1 time: 0.89 track: 18
INFO:root:Saving net...
INFO:root:Testing...
INFO:root:curr_cd_p: 0.013116; curr_cd_t: 0.000720; 
INFO:root:best_cd_p: 0.012929 [epoch 149]; best_cd_t: 0.000693 [epoch 162]; 
INFO:root:PointAttN_cd_2048_512_2048_2023-03-07T11:13:59 train [182: 0/15]  loss_type: cd, fine_loss: 0.008734 total_loss: 0.024902 lr: 0.000100 alpha: 0.1 time: 0.67 track: 19
INFO:root:Saving net...
INFO:root:Testing...
INFO:root:curr_cd_p: 0.013083; curr_cd_t: 0.000731; 
INFO:root:best_cd_p: 0.012929 [epoch 149]; best_cd_t: 0.000693 [epoch 162]; 
INFO:root:PointAttN_cd_2048_512_2048_2023-03-07T11:13:59 train [183: 0/15]  loss_type: cd, fine_loss: 0.009407 total_loss: 0.026443 lr: 0.000100 alpha: 0.1 time: 1.06 track: 20
INFO:root:Saving net...
INFO:root:Testing...
INFO:root:curr_cd_p: 0.013142; curr_cd_t: 0.000725; 
INFO:root:best_cd_p: 0.012929 [epoch 149]; best_cd_t: 0.000693 [epoch 162]; 
INFO:root:PointAttN_cd_2048_512_2048_2023-03-07T11:13:59 train [184: 0/15]  loss_type: cd, fine_loss: 0.009258 total_loss: 0.025907 lr: 0.000100 alpha: 0.1 time: 0.85 track: 21
INFO:root:Saving net...
INFO:root:Testing...
INFO:root:curr_cd_p: 0.013037; curr_cd_t: 0.000728; 
INFO:root:best_cd_p: 0.012929 [epoch 149]; best_cd_t: 0.000693 [epoch 162]; 
INFO:root:PointAttN_cd_2048_512_2048_2023-03-07T11:13:59 train [185: 0/15]  loss_type: cd, fine_loss: 0.008682 total_loss: 0.024749 lr: 0.000100 alpha: 0.1 time: 1.20 track: 22
INFO:root:Saving net...
INFO:root:Testing...
INFO:root:curr_cd_p: 0.013085; curr_cd_t: 0.000720; 
INFO:root:best_cd_p: 0.012929 [epoch 149]; best_cd_t: 0.000693 [epoch 162]; 
INFO:root:PointAttN_cd_2048_512_2048_2023-03-07T11:13:59 train [186: 0/15]  loss_type: cd, fine_loss: 0.008933 total_loss: 0.025576 lr: 0.000100 alpha: 0.1 time: 0.87 track: 23
INFO:root:Saving net...
INFO:root:Testing...
INFO:root:curr_cd_p: 0.013419; curr_cd_t: 0.000746; 
INFO:root:best_cd_p: 0.012929 [epoch 149]; best_cd_t: 0.000693 [epoch 162]; 
INFO:root:PointAttN_cd_2048_512_2048_2023-03-07T11:13:59 train [187: 0/15]  loss_type: cd, fine_loss: 0.009233 total_loss: 0.025652 lr: 0.000100 alpha: 0.1 time: 1.22 track: 24
INFO:root:Saving net...
INFO:root:Testing...
INFO:root:curr_cd_p: 0.013510; curr_cd_t: 0.000776; 
INFO:root:best_cd_p: 0.012929 [epoch 149]; best_cd_t: 0.000693 [epoch 162]; 
INFO:root:PointAttN_cd_2048_512_2048_2023-03-07T11:13:59 train [188: 0/15]  loss_type: cd, fine_loss: 0.009717 total_loss: 0.027378 lr: 0.000100 alpha: 0.1 time: 1.25 track: 25
INFO:root:Saving net...
INFO:root:Testing...
INFO:root:curr_cd_p: 0.013201; curr_cd_t: 0.000728; 
INFO:root:best_cd_p: 0.012929 [epoch 149]; best_cd_t: 0.000693 [epoch 162]; 
INFO:root:PointAttN_cd_2048_512_2048_2023-03-07T11:13:59 train [189: 0/15]  loss_type: cd, fine_loss: 0.009353 total_loss: 0.026278 lr: 0.000100 alpha: 0.1 time: 1.34 track: 26
INFO:root:Saving net...
INFO:root:Testing...
INFO:root:curr_cd_p: 0.013578; curr_cd_t: 0.000780; 
INFO:root:best_cd_p: 0.012929 [epoch 149]; best_cd_t: 0.000693 [epoch 162]; 
INFO:root:PointAttN_cd_2048_512_2048_2023-03-07T11:13:59 train [190: 0/15]  loss_type: cd, fine_loss: 0.008961 total_loss: 0.025126 lr: 0.000100 alpha: 0.1 time: 0.66 track: 27
INFO:root:Saving net...
INFO:root:Testing...
INFO:root:curr_cd_p: 0.013413; curr_cd_t: 0.000759; 
INFO:root:best_cd_p: 0.012929 [epoch 149]; best_cd_t: 0.000693 [epoch 162]; 
INFO:root:PointAttN_cd_2048_512_2048_2023-03-07T11:13:59 train [191: 0/15]  loss_type: cd, fine_loss: 0.009108 total_loss: 0.025921 lr: 0.000100 alpha: 0.1 time: 1.38 track: 28
INFO:root:Saving net...
INFO:root:Testing...
INFO:root:curr_cd_p: 0.013158; curr_cd_t: 0.000736; 
INFO:root:best_cd_p: 0.012929 [epoch 149]; best_cd_t: 0.000693 [epoch 162]; 
INFO:root:PointAttN_cd_2048_512_2048_2023-03-07T11:13:59 train [192: 0/15]  loss_type: cd, fine_loss: 0.009354 total_loss: 0.026578 lr: 0.000100 alpha: 0.1 time: 0.76 track: 29
INFO:root:Saving net...
INFO:root:Testing...
INFO:root:curr_cd_p: 0.013155; curr_cd_t: 0.000718; 
INFO:root:best_cd_p: 0.012929 [epoch 149]; best_cd_t: 0.000693 [epoch 162]; 
INFO:root:PointAttN_cd_2048_512_2048_2023-03-07T11:13:59 train [193: 0/15]  loss_type: cd, fine_loss: 0.009275 total_loss: 0.026220 lr: 0.000100 alpha: 0.1 time: 0.78 track: 30
INFO:root:Saving net...
INFO:root:Testing...
INFO:root:curr_cd_p: 0.013200; curr_cd_t: 0.000724; 
INFO:root:best_cd_p: 0.012929 [epoch 149]; best_cd_t: 0.000693 [epoch 162]; 
INFO:root:PointAttN_cd_2048_512_2048_2023-03-07T11:13:59 train [194: 0/15]  loss_type: cd, fine_loss: 0.008668 total_loss: 0.024826 lr: 0.000100 alpha: 0.1 time: 1.04 track: 31
INFO:root:Saving net...
INFO:root:Testing...
INFO:root:curr_cd_p: 0.013413; curr_cd_t: 0.000756; 
INFO:root:best_cd_p: 0.012929 [epoch 149]; best_cd_t: 0.000693 [epoch 162]; 
INFO:root:PointAttN_cd_2048_512_2048_2023-03-07T11:13:59 train [195: 0/15]  loss_type: cd, fine_loss: 0.009714 total_loss: 0.027080 lr: 0.000100 alpha: 0.1 time: 0.88 track: 32
INFO:root:Saving net...
INFO:root:Testing...
INFO:root:curr_cd_p: 0.013133; curr_cd_t: 0.000734; 
INFO:root:best_cd_p: 0.012929 [epoch 149]; best_cd_t: 0.000693 [epoch 162]; 
INFO:root:PointAttN_cd_2048_512_2048_2023-03-07T11:13:59 train [196: 0/15]  loss_type: cd, fine_loss: 0.008830 total_loss: 0.025573 lr: 0.000100 alpha: 0.1 time: 0.93 track: 33
INFO:root:Saving net...
INFO:root:Testing...
INFO:root:curr_cd_p: 0.013322; curr_cd_t: 0.000741; 
INFO:root:best_cd_p: 0.012929 [epoch 149]; best_cd_t: 0.000693 [epoch 162]; 
INFO:root:PointAttN_cd_2048_512_2048_2023-03-07T11:13:59 train [197: 0/15]  loss_type: cd, fine_loss: 0.009705 total_loss: 0.027258 lr: 0.000100 alpha: 0.1 time: 1.36 track: 34
INFO:root:Saving net...
INFO:root:Testing...
INFO:root:curr_cd_p: 0.013096; curr_cd_t: 0.000716; 
INFO:root:best_cd_p: 0.012929 [epoch 149]; best_cd_t: 0.000693 [epoch 162]; 
INFO:root:PointAttN_cd_2048_512_2048_2023-03-07T11:13:59 train [198: 0/15]  loss_type: cd, fine_loss: 0.008909 total_loss: 0.025148 lr: 0.000100 alpha: 0.1 time: 0.63 track: 35
INFO:root:Saving net...
INFO:root:Testing...
INFO:root:curr_cd_p: 0.013101; curr_cd_t: 0.000719; 
INFO:root:best_cd_p: 0.012929 [epoch 149]; best_cd_t: 0.000693 [epoch 162]; 
INFO:root:PointAttN_cd_2048_512_2048_2023-03-07T11:13:59 train [199: 0/15]  loss_type: cd, fine_loss: 0.008981 total_loss: 0.025502 lr: 0.000100 alpha: 0.1 time: 0.79 track: 36
INFO:root:Saving net...
INFO:root:Testing...
INFO:root:curr_cd_p: 0.013005; curr_cd_t: 0.000695; 
INFO:root:best_cd_p: 0.012929 [epoch 149]; best_cd_t: 0.000693 [epoch 162]; 
INFO:root:PointAttN_cd_2048_512_2048_2023-03-07T11:13:59 train [200: 0/15]  loss_type: cd, fine_loss: 0.009023 total_loss: 0.037488 lr: 0.000100 alpha: 0.5 time: 1.31 track: 37
INFO:root:Saving net...
INFO:root:Testing...
INFO:root:curr_cd_p: 0.014291; curr_cd_t: 0.000815; 
INFO:root:best_cd_p: 0.012929 [epoch 149]; best_cd_t: 0.000693 [epoch 162]; 
INFO:root:PointAttN_cd_2048_512_2048_2023-03-07T11:13:59 train [201: 0/15]  loss_type: cd, fine_loss: 0.010569 total_loss: 0.039631 lr: 0.000100 alpha: 0.5 time: 1.29 track: 38
INFO:root:Saving net...
INFO:root:Testing...
INFO:root:curr_cd_p: 0.013795; curr_cd_t: 0.000783; 
INFO:root:best_cd_p: 0.012929 [epoch 149]; best_cd_t: 0.000693 [epoch 162]; 
INFO:root:PointAttN_cd_2048_512_2048_2023-03-07T11:13:59 train [202: 0/15]  loss_type: cd, fine_loss: 0.009976 total_loss: 0.038513 lr: 0.000100 alpha: 0.5 time: 1.09 track: 39
INFO:root:Saving net...
INFO:root:Testing...
INFO:root:curr_cd_p: 0.013874; curr_cd_t: 0.000793; 
INFO:root:best_cd_p: 0.012929 [epoch 149]; best_cd_t: 0.000693 [epoch 162]; 
INFO:root:PointAttN_cd_2048_512_2048_2023-03-07T11:13:59 train [203: 0/15]  loss_type: cd, fine_loss: 0.010359 total_loss: 0.040897 lr: 0.000100 alpha: 0.5 time: 1.33 track: 40
INFO:root:Saving net...
INFO:root:Testing...
INFO:root:curr_cd_p: 0.013928; curr_cd_t: 0.000779; 
INFO:root:best_cd_p: 0.012929 [epoch 149]; best_cd_t: 0.000693 [epoch 162]; 
INFO:root:PointAttN_cd_2048_512_2048_2023-03-07T11:13:59 train [204: 0/15]  loss_type: cd, fine_loss: 0.009994 total_loss: 0.038453 lr: 0.000100 alpha: 0.5 time: 0.82 track: 41
INFO:root:Saving net...
INFO:root:Testing...
INFO:root:curr_cd_p: 0.013549; curr_cd_t: 0.000780; 
INFO:root:best_cd_p: 0.012929 [epoch 149]; best_cd_t: 0.000693 [epoch 162]; 
INFO:root:PointAttN_cd_2048_512_2048_2023-03-07T11:13:59 train [205: 0/15]  loss_type: cd, fine_loss: 0.009534 total_loss: 0.038194 lr: 0.000100 alpha: 0.5 time: 1.38 track: 42
INFO:root:Saving net...
INFO:root:Testing...
INFO:root:curr_cd_p: 0.013555; curr_cd_t: 0.000766; 
INFO:root:best_cd_p: 0.012929 [epoch 149]; best_cd_t: 0.000693 [epoch 162]; 
INFO:root:PointAttN_cd_2048_512_2048_2023-03-07T11:13:59 train [206: 0/15]  loss_type: cd, fine_loss: 0.010013 total_loss: 0.039584 lr: 0.000100 alpha: 0.5 time: 0.77 track: 43
INFO:root:Saving net...
INFO:root:Testing...
INFO:root:curr_cd_p: 0.013532; curr_cd_t: 0.000766; 
INFO:root:best_cd_p: 0.012929 [epoch 149]; best_cd_t: 0.000693 [epoch 162]; 
INFO:root:PointAttN_cd_2048_512_2048_2023-03-07T11:13:59 train [207: 0/15]  loss_type: cd, fine_loss: 0.008850 total_loss: 0.035798 lr: 0.000100 alpha: 0.5 time: 0.96 track: 44
INFO:root:Saving net...
INFO:root:Testing...
INFO:root:curr_cd_p: 0.013403; curr_cd_t: 0.000758; 
INFO:root:best_cd_p: 0.012929 [epoch 149]; best_cd_t: 0.000693 [epoch 162]; 
INFO:root:PointAttN_cd_2048_512_2048_2023-03-07T11:13:59 train [208: 0/15]  loss_type: cd, fine_loss: 0.009994 total_loss: 0.040447 lr: 0.000100 alpha: 0.5 time: 0.78 track: 45
INFO:root:Saving net...
INFO:root:Testing...
INFO:root:curr_cd_p: 0.013943; curr_cd_t: 0.000788; 
INFO:root:best_cd_p: 0.012929 [epoch 149]; best_cd_t: 0.000693 [epoch 162]; 
INFO:root:PointAttN_cd_2048_512_2048_2023-03-07T11:13:59 train [209: 0/15]  loss_type: cd, fine_loss: 0.010578 total_loss: 0.041128 lr: 0.000100 alpha: 0.5 time: 1.05 track: 46
INFO:root:Saving net...
INFO:root:Testing...
INFO:root:curr_cd_p: 0.013385; curr_cd_t: 0.000728; 
INFO:root:best_cd_p: 0.012929 [epoch 149]; best_cd_t: 0.000693 [epoch 162]; 
INFO:root:PointAttN_cd_2048_512_2048_2023-03-07T11:13:59 train [210: 0/15]  loss_type: cd, fine_loss: 0.010132 total_loss: 0.040111 lr: 0.000100 alpha: 0.5 time: 1.22 track: 47
INFO:root:Saving net...
INFO:root:Testing...
INFO:root:curr_cd_p: 0.013443; curr_cd_t: 0.000743; 
INFO:root:best_cd_p: 0.012929 [epoch 149]; best_cd_t: 0.000693 [epoch 162]; 
INFO:root:PointAttN_cd_2048_512_2048_2023-03-07T11:13:59 train [211: 0/15]  loss_type: cd, fine_loss: 0.009416 total_loss: 0.037539 lr: 0.000100 alpha: 0.5 time: 1.32 track: 48
INFO:root:Saving net...
INFO:root:Testing...
INFO:root:curr_cd_p: 0.013566; curr_cd_t: 0.000752; 
INFO:root:best_cd_p: 0.012929 [epoch 149]; best_cd_t: 0.000693 [epoch 162]; 
INFO:root:PointAttN_cd_2048_512_2048_2023-03-07T11:13:59 train [212: 0/15]  loss_type: cd, fine_loss: 0.009859 total_loss: 0.039334 lr: 0.000100 alpha: 0.5 time: 1.44 track: 49
INFO:root:Saving net...
INFO:root:Testing...
INFO:root:curr_cd_p: 0.013225; curr_cd_t: 0.000726; 
INFO:root:best_cd_p: 0.012929 [epoch 149]; best_cd_t: 0.000693 [epoch 162]; 
INFO:root:PointAttN_cd_2048_512_2048_2023-03-07T11:13:59 train [213: 0/15]  loss_type: cd, fine_loss: 0.009707 total_loss: 0.039954 lr: 0.000100 alpha: 0.5 time: 1.02 track: 50
INFO:root:Saving net...
INFO:root:Testing...
INFO:root:curr_cd_p: 0.013202; curr_cd_t: 0.000745; 
INFO:root:best_cd_p: 0.012929 [epoch 149]; best_cd_t: 0.000693 [epoch 162]; 
INFO:root:PointAttN_cd_2048_512_2048_2023-03-07T11:13:59 train [214: 0/15]  loss_type: cd, fine_loss: 0.009665 total_loss: 0.039515 lr: 0.000100 alpha: 0.5 time: 1.24 track: 51
INFO:root:Saving net...
INFO:root:Testing...
INFO:root:curr_cd_p: 0.013345; curr_cd_t: 0.000742; 
INFO:root:best_cd_p: 0.012929 [epoch 149]; best_cd_t: 0.000693 [epoch 162]; 
INFO:root:PointAttN_cd_2048_512_2048_2023-03-07T11:13:59 train [215: 0/15]  loss_type: cd, fine_loss: 0.009340 total_loss: 0.038380 lr: 0.000100 alpha: 0.5 time: 1.31 track: 52
INFO:root:Saving net...
INFO:root:Testing...
INFO:root:curr_cd_p: 0.013156; curr_cd_t: 0.000729; 
INFO:root:best_cd_p: 0.012929 [epoch 149]; best_cd_t: 0.000693 [epoch 162]; 
INFO:root:PointAttN_cd_2048_512_2048_2023-03-07T11:13:59 train [216: 0/15]  loss_type: cd, fine_loss: 0.008584 total_loss: 0.035612 lr: 0.000100 alpha: 0.5 time: 0.85 track: 53
INFO:root:Saving net...
INFO:root:Testing...
INFO:root:curr_cd_p: 0.013426; curr_cd_t: 0.000749; 
INFO:root:best_cd_p: 0.012929 [epoch 149]; best_cd_t: 0.000693 [epoch 162]; 
INFO:root:PointAttN_cd_2048_512_2048_2023-03-07T11:13:59 train [217: 0/15]  loss_type: cd, fine_loss: 0.009420 total_loss: 0.038401 lr: 0.000100 alpha: 0.5 time: 0.87 track: 54
INFO:root:Saving net...
INFO:root:Testing...
INFO:root:curr_cd_p: 0.013427; curr_cd_t: 0.000755; 
INFO:root:best_cd_p: 0.012929 [epoch 149]; best_cd_t: 0.000693 [epoch 162]; 
INFO:root:PointAttN_cd_2048_512_2048_2023-03-07T11:13:59 train [218: 0/15]  loss_type: cd, fine_loss: 0.009612 total_loss: 0.039504 lr: 0.000100 alpha: 0.5 time: 0.66 track: 55
INFO:root:Saving net...
INFO:root:Testing...
INFO:root:curr_cd_p: 0.013060; curr_cd_t: 0.000728; 
INFO:root:best_cd_p: 0.012929 [epoch 149]; best_cd_t: 0.000693 [epoch 162]; 
INFO:root:PointAttN_cd_2048_512_2048_2023-03-07T11:13:59 train [219: 0/15]  loss_type: cd, fine_loss: 0.009360 total_loss: 0.038742 lr: 0.000100 alpha: 0.5 time: 0.79 track: 56
INFO:root:Saving net...
INFO:root:Testing...
INFO:root:curr_cd_p: 0.013111; curr_cd_t: 0.000730; 
INFO:root:best_cd_p: 0.012929 [epoch 149]; best_cd_t: 0.000693 [epoch 162]; 
INFO:root:PointAttN_cd_2048_512_2048_2023-03-07T11:13:59 train [220: 0/15]  loss_type: cd, fine_loss: 0.009193 total_loss: 0.038276 lr: 0.000100 alpha: 0.5 time: 0.76 track: 57
INFO:root:Saving net...
INFO:root:Testing...
INFO:root:curr_cd_p: 0.013430; curr_cd_t: 0.000763; 
INFO:root:best_cd_p: 0.012929 [epoch 149]; best_cd_t: 0.000693 [epoch 162]; 
INFO:root:PointAttN_cd_2048_512_2048_2023-03-07T11:13:59 train [221: 0/15]  loss_type: cd, fine_loss: 0.008834 total_loss: 0.036558 lr: 0.000100 alpha: 0.5 time: 1.33 track: 58
INFO:root:Saving net...
INFO:root:Testing...
INFO:root:Best cd_p net saved!
INFO:root:curr_cd_p: 0.012905; curr_cd_t: 0.000704; 
INFO:root:best_cd_p: 0.012905 [epoch 221]; best_cd_t: 0.000693 [epoch 162]; 
INFO:root:PointAttN_cd_2048_512_2048_2023-03-07T11:13:59 train [222: 0/15]  loss_type: cd, fine_loss: 0.008791 total_loss: 0.037112 lr: 0.000100 alpha: 0.5 time: 1.45 track: 59
INFO:root:Saving net...
INFO:root:Testing...
INFO:root:curr_cd_p: 0.013073; curr_cd_t: 0.000714; 
INFO:root:best_cd_p: 0.012905 [epoch 221]; best_cd_t: 0.000693 [epoch 162]; 
INFO:root:PointAttN_cd_2048_512_2048_2023-03-07T11:13:59 train [223: 0/15]  loss_type: cd, fine_loss: 0.009036 total_loss: 0.037832 lr: 0.000100 alpha: 0.5 time: 0.93 track: 60
INFO:root:Saving net...
INFO:root:Testing...
INFO:root:curr_cd_p: 0.013723; curr_cd_t: 0.000787; 
INFO:root:best_cd_p: 0.012905 [epoch 221]; best_cd_t: 0.000693 [epoch 162]; 
INFO:root:PointAttN_cd_2048_512_2048_2023-03-07T11:13:59 train [224: 0/15]  loss_type: cd, fine_loss: 0.009310 total_loss: 0.037505 lr: 0.000100 alpha: 0.5 time: 0.90 track: 61
INFO:root:Saving net...
INFO:root:Testing...
INFO:root:curr_cd_p: 0.013005; curr_cd_t: 0.000709; 
INFO:root:best_cd_p: 0.012905 [epoch 221]; best_cd_t: 0.000693 [epoch 162]; 
INFO:root:PointAttN_cd_2048_512_2048_2023-03-07T11:13:59 train [225: 0/15]  loss_type: cd, fine_loss: 0.008937 total_loss: 0.037237 lr: 0.000100 alpha: 0.5 time: 0.64 track: 62
INFO:root:Saving net...
INFO:root:Testing...
INFO:root:curr_cd_p: 0.013428; curr_cd_t: 0.000737; 
INFO:root:best_cd_p: 0.012905 [epoch 221]; best_cd_t: 0.000693 [epoch 162]; 
INFO:root:PointAttN_cd_2048_512_2048_2023-03-07T11:13:59 train [226: 0/15]  loss_type: cd, fine_loss: 0.009876 total_loss: 0.039934 lr: 0.000100 alpha: 0.5 time: 0.80 track: 63
INFO:root:Saving net...
INFO:root:Testing...
INFO:root:curr_cd_p: 0.013471; curr_cd_t: 0.000757; 
INFO:root:best_cd_p: 0.012905 [epoch 221]; best_cd_t: 0.000693 [epoch 162]; 
INFO:root:PointAttN_cd_2048_512_2048_2023-03-07T11:13:59 train [227: 0/15]  loss_type: cd, fine_loss: 0.009261 total_loss: 0.037813 lr: 0.000100 alpha: 0.5 time: 1.45 track: 64
INFO:root:Saving net...
INFO:root:Testing...
INFO:root:curr_cd_p: 0.013827; curr_cd_t: 0.000782; 
INFO:root:best_cd_p: 0.012905 [epoch 221]; best_cd_t: 0.000693 [epoch 162]; 
INFO:root:PointAttN_cd_2048_512_2048_2023-03-07T11:13:59 train [228: 0/15]  loss_type: cd, fine_loss: 0.009585 total_loss: 0.037979 lr: 0.000100 alpha: 0.5 time: 1.35 track: 65
INFO:root:Saving net...
INFO:root:Testing...
INFO:root:curr_cd_p: 0.013088; curr_cd_t: 0.000711; 
INFO:root:best_cd_p: 0.012905 [epoch 221]; best_cd_t: 0.000693 [epoch 162]; 
INFO:root:PointAttN_cd_2048_512_2048_2023-03-07T11:13:59 train [229: 0/15]  loss_type: cd, fine_loss: 0.009890 total_loss: 0.040710 lr: 0.000100 alpha: 0.5 time: 0.84 track: 66
INFO:root:Saving net...
INFO:root:Testing...
INFO:root:curr_cd_p: 0.013590; curr_cd_t: 0.000774; 
INFO:root:best_cd_p: 0.012905 [epoch 221]; best_cd_t: 0.000693 [epoch 162]; 
INFO:root:PointAttN_cd_2048_512_2048_2023-03-07T11:13:59 train [230: 0/15]  loss_type: cd, fine_loss: 0.009132 total_loss: 0.037690 lr: 0.000100 alpha: 0.5 time: 1.25 track: 67
INFO:root:Saving net...
INFO:root:Testing...
INFO:root:curr_cd_p: 0.013226; curr_cd_t: 0.000739; 
INFO:root:best_cd_p: 0.012905 [epoch 221]; best_cd_t: 0.000693 [epoch 162]; 
INFO:root:PointAttN_cd_2048_512_2048_2023-03-07T11:13:59 train [231: 0/15]  loss_type: cd, fine_loss: 0.008940 total_loss: 0.037502 lr: 0.000100 alpha: 0.5 time: 0.65 track: 68
INFO:root:Saving net...
INFO:root:Testing...
INFO:root:curr_cd_p: 0.013232; curr_cd_t: 0.000732; 
INFO:root:best_cd_p: 0.012905 [epoch 221]; best_cd_t: 0.000693 [epoch 162]; 
INFO:root:PointAttN_cd_2048_512_2048_2023-03-07T11:13:59 train [232: 0/15]  loss_type: cd, fine_loss: 0.008941 total_loss: 0.036799 lr: 0.000100 alpha: 0.5 time: 1.02 track: 69
INFO:root:Saving net...
INFO:root:Testing...
INFO:root:curr_cd_p: 0.013099; curr_cd_t: 0.000707; 
INFO:root:best_cd_p: 0.012905 [epoch 221]; best_cd_t: 0.000693 [epoch 162]; 
INFO:root:PointAttN_cd_2048_512_2048_2023-03-07T11:13:59 train [233: 0/15]  loss_type: cd, fine_loss: 0.008924 total_loss: 0.037091 lr: 0.000100 alpha: 0.5 time: 1.10 track: 70
INFO:root:Saving net...
INFO:root:Testing...
INFO:root:curr_cd_p: 0.013301; curr_cd_t: 0.000749; 
INFO:root:best_cd_p: 0.012905 [epoch 221]; best_cd_t: 0.000693 [epoch 162]; 
INFO:root:PointAttN_cd_2048_512_2048_2023-03-07T11:13:59 train [234: 0/15]  loss_type: cd, fine_loss: 0.008303 total_loss: 0.034792 lr: 0.000100 alpha: 0.5 time: 0.78 track: 71
INFO:root:Saving net...
INFO:root:Testing...
INFO:root:curr_cd_p: 0.013093; curr_cd_t: 0.000728; 
INFO:root:best_cd_p: 0.012905 [epoch 221]; best_cd_t: 0.000693 [epoch 162]; 
INFO:root:PointAttN_cd_2048_512_2048_2023-03-07T11:13:59 train [235: 0/15]  loss_type: cd, fine_loss: 0.008770 total_loss: 0.037070 lr: 0.000100 alpha: 0.5 time: 1.20 track: 72
INFO:root:Saving net...
INFO:root:Testing...
INFO:root:curr_cd_p: 0.012998; curr_cd_t: 0.000720; 
INFO:root:best_cd_p: 0.012905 [epoch 221]; best_cd_t: 0.000693 [epoch 162]; 
INFO:root:PointAttN_cd_2048_512_2048_2023-03-07T11:13:59 train [236: 0/15]  loss_type: cd, fine_loss: 0.008505 total_loss: 0.036156 lr: 0.000100 alpha: 0.5 time: 1.34 track: 73
INFO:root:Saving net...
INFO:root:Testing...
INFO:root:curr_cd_p: 0.013152; curr_cd_t: 0.000730; 
INFO:root:best_cd_p: 0.012905 [epoch 221]; best_cd_t: 0.000693 [epoch 162]; 
INFO:root:PointAttN_cd_2048_512_2048_2023-03-07T11:13:59 train [237: 0/15]  loss_type: cd, fine_loss: 0.009297 total_loss: 0.039122 lr: 0.000100 alpha: 0.5 time: 0.77 track: 74
INFO:root:Saving net...
INFO:root:Testing...
INFO:root:curr_cd_p: 0.013229; curr_cd_t: 0.000728; 
INFO:root:best_cd_p: 0.012905 [epoch 221]; best_cd_t: 0.000693 [epoch 162]; 
INFO:root:PointAttN_cd_2048_512_2048_2023-03-07T11:13:59 train [238: 0/15]  loss_type: cd, fine_loss: 0.008723 total_loss: 0.036639 lr: 0.000100 alpha: 0.5 time: 0.73 track: 75
INFO:root:Saving net...
INFO:root:Testing...
INFO:root:curr_cd_p: 0.013240; curr_cd_t: 0.000733; 
INFO:root:best_cd_p: 0.012905 [epoch 221]; best_cd_t: 0.000693 [epoch 162]; 
INFO:root:PointAttN_cd_2048_512_2048_2023-03-07T11:13:59 train [239: 0/15]  loss_type: cd, fine_loss: 0.008814 total_loss: 0.037150 lr: 0.000100 alpha: 0.5 time: 0.66 track: 76
INFO:root:Saving net...
INFO:root:Testing...
INFO:root:curr_cd_p: 0.013543; curr_cd_t: 0.000762; 
INFO:root:best_cd_p: 0.012905 [epoch 221]; best_cd_t: 0.000693 [epoch 162]; 
INFO:root:PointAttN_cd_2048_512_2048_2023-03-07T11:13:59 train [240: 0/15]  loss_type: cd, fine_loss: 0.009351 total_loss: 0.038498 lr: 0.000100 alpha: 0.5 time: 0.82 track: 77
INFO:root:Saving net...
INFO:root:Testing...
INFO:root:curr_cd_p: 0.013446; curr_cd_t: 0.000764; 
INFO:root:best_cd_p: 0.012905 [epoch 221]; best_cd_t: 0.000693 [epoch 162]; 
INFO:root:PointAttN_cd_2048_512_2048_2023-03-07T11:13:59 train [241: 0/15]  loss_type: cd, fine_loss: 0.009683 total_loss: 0.040051 lr: 0.000100 alpha: 0.5 time: 1.18 track: 78
INFO:root:Saving net...
INFO:root:Testing...
INFO:root:curr_cd_p: 0.013286; curr_cd_t: 0.000744; 
INFO:root:best_cd_p: 0.012905 [epoch 221]; best_cd_t: 0.000693 [epoch 162]; 
INFO:root:PointAttN_cd_2048_512_2048_2023-03-07T11:13:59 train [242: 0/15]  loss_type: cd, fine_loss: 0.009083 total_loss: 0.038054 lr: 0.000100 alpha: 0.5 time: 0.91 track: 79
INFO:root:Saving net...
INFO:root:Testing...
INFO:root:curr_cd_p: 0.013550; curr_cd_t: 0.000782; 
INFO:root:best_cd_p: 0.012905 [epoch 221]; best_cd_t: 0.000693 [epoch 162]; 
INFO:root:PointAttN_cd_2048_512_2048_2023-03-07T11:13:59 train [243: 0/15]  loss_type: cd, fine_loss: 0.009019 total_loss: 0.037414 lr: 0.000100 alpha: 0.5 time: 1.07 track: 80
INFO:root:Saving net...
INFO:root:Testing...
INFO:root:curr_cd_p: 0.013228; curr_cd_t: 0.000739; 
INFO:root:best_cd_p: 0.012905 [epoch 221]; best_cd_t: 0.000693 [epoch 162]; 
INFO:root:PointAttN_cd_2048_512_2048_2023-03-07T11:13:59 train [244: 0/15]  loss_type: cd, fine_loss: 0.008786 total_loss: 0.037098 lr: 0.000100 alpha: 0.5 time: 1.37 track: 81
INFO:root:Saving net...
INFO:root:Testing...
INFO:root:curr_cd_p: 0.013058; curr_cd_t: 0.000724; 
INFO:root:best_cd_p: 0.012905 [epoch 221]; best_cd_t: 0.000693 [epoch 162]; 
INFO:root:PointAttN_cd_2048_512_2048_2023-03-07T11:13:59 train [245: 0/15]  loss_type: cd, fine_loss: 0.008597 total_loss: 0.036472 lr: 0.000100 alpha: 0.5 time: 1.44 track: 82
INFO:root:Saving net...
INFO:root:Testing...
INFO:root:curr_cd_p: 0.013145; curr_cd_t: 0.000734; 
INFO:root:best_cd_p: 0.012905 [epoch 221]; best_cd_t: 0.000693 [epoch 162]; 
INFO:root:PointAttN_cd_2048_512_2048_2023-03-07T11:13:59 train [246: 0/15]  loss_type: cd, fine_loss: 0.008725 total_loss: 0.037075 lr: 0.000100 alpha: 0.5 time: 1.40 track: 83
INFO:root:Saving net...
INFO:root:Testing...
INFO:root:curr_cd_p: 0.012911; curr_cd_t: 0.000718; 
INFO:root:best_cd_p: 0.012905 [epoch 221]; best_cd_t: 0.000693 [epoch 162]; 
INFO:root:PointAttN_cd_2048_512_2048_2023-03-07T11:13:59 train [247: 0/15]  loss_type: cd, fine_loss: 0.008127 total_loss: 0.034879 lr: 0.000100 alpha: 0.5 time: 0.72 track: 84
INFO:root:Saving net...
INFO:root:Testing...
INFO:root:curr_cd_p: 0.013100; curr_cd_t: 0.000714; 
INFO:root:best_cd_p: 0.012905 [epoch 221]; best_cd_t: 0.000693 [epoch 162]; 
INFO:root:PointAttN_cd_2048_512_2048_2023-03-07T11:13:59 train [248: 0/15]  loss_type: cd, fine_loss: 0.009278 total_loss: 0.038952 lr: 0.000100 alpha: 0.5 time: 1.33 track: 85
INFO:root:Saving net...
INFO:root:Testing...
INFO:root:curr_cd_p: 0.013303; curr_cd_t: 0.000750; 
INFO:root:best_cd_p: 0.012905 [epoch 221]; best_cd_t: 0.000693 [epoch 162]; 
INFO:root:PointAttN_cd_2048_512_2048_2023-03-07T11:13:59 train [249: 0/15]  loss_type: cd, fine_loss: 0.008428 total_loss: 0.035983 lr: 0.000100 alpha: 0.5 time: 1.38 track: 86
INFO:root:Saving net...
INFO:root:Testing...
INFO:root:curr_cd_p: 0.012931; curr_cd_t: 0.000714; 
INFO:root:best_cd_p: 0.012905 [epoch 221]; best_cd_t: 0.000693 [epoch 162]; 
INFO:root:PointAttN_cd_2048_512_2048_2023-03-07T11:13:59 train [250: 0/15]  loss_type: cd, fine_loss: 0.008777 total_loss: 0.037675 lr: 0.000100 alpha: 0.5 time: 1.27 track: 87
INFO:root:Saving net...
INFO:root:Testing...
INFO:root:curr_cd_p: 0.013304; curr_cd_t: 0.000747; 
INFO:root:best_cd_p: 0.012905 [epoch 221]; best_cd_t: 0.000693 [epoch 162]; 
INFO:root:PointAttN_cd_2048_512_2048_2023-03-07T11:13:59 train [251: 0/15]  loss_type: cd, fine_loss: 0.008941 total_loss: 0.037795 lr: 0.000100 alpha: 0.5 time: 1.10 track: 88
INFO:root:Saving net...
INFO:root:Testing...
INFO:root:curr_cd_p: 0.013101; curr_cd_t: 0.000740; 
INFO:root:best_cd_p: 0.012905 [epoch 221]; best_cd_t: 0.000693 [epoch 162]; 
INFO:root:PointAttN_cd_2048_512_2048_2023-03-07T11:13:59 train [252: 0/15]  loss_type: cd, fine_loss: 0.009167 total_loss: 0.039150 lr: 0.000100 alpha: 0.5 time: 1.32 track: 89
INFO:root:Saving net...
INFO:root:Testing...
INFO:root:curr_cd_p: 0.013659; curr_cd_t: 0.000778; 
INFO:root:best_cd_p: 0.012905 [epoch 221]; best_cd_t: 0.000693 [epoch 162]; 
INFO:root:PointAttN_cd_2048_512_2048_2023-03-07T11:13:59 train [253: 0/15]  loss_type: cd, fine_loss: 0.008796 total_loss: 0.036780 lr: 0.000100 alpha: 0.5 time: 1.31 track: 90
INFO:root:Saving net...
INFO:root:Testing...
INFO:root:curr_cd_p: 0.013182; curr_cd_t: 0.000737; 
INFO:root:best_cd_p: 0.012905 [epoch 221]; best_cd_t: 0.000693 [epoch 162]; 
INFO:root:PointAttN_cd_2048_512_2048_2023-03-07T11:13:59 train [254: 0/15]  loss_type: cd, fine_loss: 0.008764 total_loss: 0.037135 lr: 0.000100 alpha: 0.5 time: 1.42 track: 91
INFO:root:Saving net...
INFO:root:Testing...
INFO:root:curr_cd_p: 0.013354; curr_cd_t: 0.000749; 
INFO:root:best_cd_p: 0.012905 [epoch 221]; best_cd_t: 0.000693 [epoch 162]; 
INFO:root:PointAttN_cd_2048_512_2048_2023-03-07T11:13:59 train [255: 0/15]  loss_type: cd, fine_loss: 0.008409 total_loss: 0.035316 lr: 0.000100 alpha: 0.5 time: 1.02 track: 92
INFO:root:Saving net...
INFO:root:Testing...
INFO:root:curr_cd_p: 0.013251; curr_cd_t: 0.000736; 
INFO:root:best_cd_p: 0.012905 [epoch 221]; best_cd_t: 0.000693 [epoch 162]; 
INFO:root:PointAttN_cd_2048_512_2048_2023-03-07T11:13:59 train [256: 0/15]  loss_type: cd, fine_loss: 0.009323 total_loss: 0.039171 lr: 0.000100 alpha: 0.5 time: 0.77 track: 93
INFO:root:Saving net...
INFO:root:Testing...
INFO:root:curr_cd_p: 0.013636; curr_cd_t: 0.000782; 
INFO:root:best_cd_p: 0.012905 [epoch 221]; best_cd_t: 0.000693 [epoch 162]; 
INFO:root:PointAttN_cd_2048_512_2048_2023-03-07T11:13:59 train [257: 0/15]  loss_type: cd, fine_loss: 0.008796 total_loss: 0.036582 lr: 0.000100 alpha: 0.5 time: 0.89 track: 94
INFO:root:Saving net...
INFO:root:Testing...
INFO:root:curr_cd_p: 0.012967; curr_cd_t: 0.000719; 
INFO:root:best_cd_p: 0.012905 [epoch 221]; best_cd_t: 0.000693 [epoch 162]; 
INFO:root:PointAttN_cd_2048_512_2048_2023-03-07T11:13:59 train [258: 0/15]  loss_type: cd, fine_loss: 0.008636 total_loss: 0.037175 lr: 0.000100 alpha: 0.5 time: 0.79 track: 95
INFO:root:Saving net...
INFO:root:Testing...
INFO:root:curr_cd_p: 0.013360; curr_cd_t: 0.000760; 
INFO:root:best_cd_p: 0.012905 [epoch 221]; best_cd_t: 0.000693 [epoch 162]; 
INFO:root:PointAttN_cd_2048_512_2048_2023-03-07T11:13:59 train [259: 0/15]  loss_type: cd, fine_loss: 0.008902 total_loss: 0.038092 lr: 0.000100 alpha: 0.5 time: 1.34 track: 96
INFO:root:Saving net...
INFO:root:Testing...
INFO:root:curr_cd_p: 0.013164; curr_cd_t: 0.000734; 
INFO:root:best_cd_p: 0.012905 [epoch 221]; best_cd_t: 0.000693 [epoch 162]; 
INFO:root:PointAttN_cd_2048_512_2048_2023-03-07T11:13:59 train [260: 0/15]  loss_type: cd, fine_loss: 0.008510 total_loss: 0.036482 lr: 0.000100 alpha: 0.5 time: 0.69 track: 97
INFO:root:Saving net...
INFO:root:Testing...
INFO:root:curr_cd_p: 0.013090; curr_cd_t: 0.000722; 
INFO:root:best_cd_p: 0.012905 [epoch 221]; best_cd_t: 0.000693 [epoch 162]; 
INFO:root:PointAttN_cd_2048_512_2048_2023-03-07T11:13:59 train [261: 0/15]  loss_type: cd, fine_loss: 0.008664 total_loss: 0.036763 lr: 0.000100 alpha: 0.5 time: 1.44 track: 98
INFO:root:Saving net...
INFO:root:Testing...
INFO:root:curr_cd_p: 0.013158; curr_cd_t: 0.000717; 
INFO:root:best_cd_p: 0.012905 [epoch 221]; best_cd_t: 0.000693 [epoch 162]; 
INFO:root:PointAttN_cd_2048_512_2048_2023-03-07T11:13:59 train [262: 0/15]  loss_type: cd, fine_loss: 0.009320 total_loss: 0.039754 lr: 0.000100 alpha: 0.5 time: 0.84 track: 99
INFO:root:Saving net...
INFO:root:Testing...
INFO:root:curr_cd_p: 0.013079; curr_cd_t: 0.000729; 
INFO:root:best_cd_p: 0.012905 [epoch 221]; best_cd_t: 0.000693 [epoch 162]; 
INFO:root:PointAttN_cd_2048_512_2048_2023-03-07T11:13:59 train [263: 0/15]  loss_type: cd, fine_loss: 0.008979 total_loss: 0.038834 lr: 0.000100 alpha: 0.5 time: 1.29 track: 100
INFO:root:Saving net...
INFO:root:Testing...
INFO:root:curr_cd_p: 0.013412; curr_cd_t: 0.000752; 
INFO:root:best_cd_p: 0.012905 [epoch 221]; best_cd_t: 0.000693 [epoch 162]; 
INFO:root:Testing...
INFO:root:curr_cd_p: 0.013306; curr_cd_t: 0.000738; 
INFO:root:best_cd_p: 0.012905 [epoch 221]; best_cd_t: 0.000693 [epoch 162]; 
