INFO:root:Munch({'dataset': 'spleen', 'work_dir': 'experiments/spleen/', 'batch_size': 4, 'model_name': 'PointAttN', 'nepoch': 10000, 'device': 'cuda:0', 'betas': '0.9, 0.999', 'early_stop': True, 'early_stop_patience': 100, 'epoch_interval_to_save': 1, 'epoch_interval_to_val': 1, 'latent_dim': 1024, 'load_model': None, 'loss': 'cd', 'lr': 0.0001, 'lr_clip': 1e-06, 'lr_decay': True, 'lr_decay_interval': 400, 'lr_decay_rate': 0.7, 'lr_step_decay_epochs': None, 'lr_step_decay_rates': None, 'manual_seed': None, 'num_coarse_points': 512, 'num_dense_points': 2048, 'num_input_points': 2048, 'optimizer': 'Adam', 'save_predictions': True, 'save_vis': True, 'start_epoch': 0, 'step_interval_to_print': 500, 'use_mean_feature': False, 'varying_constant': '0.01, 0.1, 0.5', 'varying_constant_epochs': '50, 200', 'weight_decay': 0, 'workers': 0})
INFO:root:Length of train dataset:36
INFO:root:Length of test dataset:4
INFO:root:Random Seed: 8263
INFO:root:PointAttN_cd_2048_512_2048_2023-03-07T10:58:46 train [0: 0/9]  loss_type: cd, fine_loss: 0.062024 total_loss: 0.335084 lr: 0.000100 alpha: 0.01 time: 0.73 track: 0
INFO:root:Saving net...
INFO:root:Testing...
INFO:root:Best cd_p net saved!
INFO:root:Best cd_t net saved!
INFO:root:curr_cd_p: 0.047261; curr_cd_t: 0.011080; 
INFO:root:best_cd_p: 0.047261 [epoch 0]; best_cd_t: 0.011080 [epoch 0]; 
INFO:root:PointAttN_cd_2048_512_2048_2023-03-07T10:58:46 train [1: 0/9]  loss_type: cd, fine_loss: 0.052088 total_loss: 0.137562 lr: 0.000100 alpha: 0.01 time: 2.93 track: 0
INFO:root:Saving net...
INFO:root:Testing...
INFO:root:curr_cd_p: 0.056543; curr_cd_t: 0.021730; 
INFO:root:best_cd_p: 0.047261 [epoch 0]; best_cd_t: 0.011080 [epoch 0]; 
INFO:root:PointAttN_cd_2048_512_2048_2023-03-07T10:58:46 train [2: 0/9]  loss_type: cd, fine_loss: 0.045589 total_loss: 0.103373 lr: 0.000100 alpha: 0.01 time: 2.49 track: 1
INFO:root:Saving net...
INFO:root:Testing...
INFO:root:curr_cd_p: 0.053038; curr_cd_t: 0.017374; 
INFO:root:best_cd_p: 0.047261 [epoch 0]; best_cd_t: 0.011080 [epoch 0]; 
INFO:root:PointAttN_cd_2048_512_2048_2023-03-07T10:58:46 train [3: 0/9]  loss_type: cd, fine_loss: 0.052760 total_loss: 0.093919 lr: 0.000100 alpha: 0.01 time: 2.06 track: 2
INFO:root:Saving net...
INFO:root:Testing...
INFO:root:curr_cd_p: 0.050169; curr_cd_t: 0.015397; 
INFO:root:best_cd_p: 0.047261 [epoch 0]; best_cd_t: 0.011080 [epoch 0]; 
INFO:root:PointAttN_cd_2048_512_2048_2023-03-07T10:58:46 train [4: 0/9]  loss_type: cd, fine_loss: 0.039489 total_loss: 0.075040 lr: 0.000100 alpha: 0.01 time: 0.23 track: 3
INFO:root:Saving net...
INFO:root:Testing...
INFO:root:curr_cd_p: 0.047852; curr_cd_t: 0.013997; 
INFO:root:best_cd_p: 0.047261 [epoch 0]; best_cd_t: 0.011080 [epoch 0]; 
INFO:root:PointAttN_cd_2048_512_2048_2023-03-07T10:58:46 train [5: 0/9]  loss_type: cd, fine_loss: 0.036777 total_loss: 0.074529 lr: 0.000100 alpha: 0.01 time: 2.19 track: 4
INFO:root:Saving net...
INFO:root:Testing...
INFO:root:curr_cd_p: 0.048771; curr_cd_t: 0.015543; 
INFO:root:best_cd_p: 0.047261 [epoch 0]; best_cd_t: 0.011080 [epoch 0]; 
INFO:root:PointAttN_cd_2048_512_2048_2023-03-07T10:58:46 train [6: 0/9]  loss_type: cd, fine_loss: 0.046237 total_loss: 0.086556 lr: 0.000100 alpha: 0.01 time: 0.37 track: 5
INFO:root:Saving net...
INFO:root:Testing...
INFO:root:Best cd_p net saved!
INFO:root:Best cd_t net saved!
INFO:root:curr_cd_p: 0.042135; curr_cd_t: 0.010539; 
INFO:root:best_cd_p: 0.042135 [epoch 6]; best_cd_t: 0.010539 [epoch 6]; 
INFO:root:PointAttN_cd_2048_512_2048_2023-03-07T10:58:46 train [7: 0/9]  loss_type: cd, fine_loss: 0.030184 total_loss: 0.062995 lr: 0.000100 alpha: 0.01 time: 3.89 track: 0
INFO:root:Saving net...
INFO:root:Testing...
INFO:root:Best cd_p net saved!
INFO:root:Best cd_t net saved!
INFO:root:curr_cd_p: 0.039900; curr_cd_t: 0.008668; 
INFO:root:best_cd_p: 0.039900 [epoch 7]; best_cd_t: 0.008668 [epoch 7]; 
INFO:root:PointAttN_cd_2048_512_2048_2023-03-07T10:58:46 train [8: 0/9]  loss_type: cd, fine_loss: 0.041759 total_loss: 0.086257 lr: 0.000100 alpha: 0.01 time: 0.23 track: 0
INFO:root:Saving net...
INFO:root:Testing...
INFO:root:curr_cd_p: 0.043772; curr_cd_t: 0.011079; 
INFO:root:best_cd_p: 0.039900 [epoch 7]; best_cd_t: 0.008668 [epoch 7]; 
INFO:root:PointAttN_cd_2048_512_2048_2023-03-07T10:58:46 train [9: 0/9]  loss_type: cd, fine_loss: 0.031050 total_loss: 0.064232 lr: 0.000100 alpha: 0.01 time: 1.80 track: 1
INFO:root:Saving net...
INFO:root:Testing...
INFO:root:Best cd_t net saved!
INFO:root:curr_cd_p: 0.041178; curr_cd_t: 0.008085; 
INFO:root:best_cd_p: 0.039900 [epoch 7]; best_cd_t: 0.008085 [epoch 9]; 
INFO:root:PointAttN_cd_2048_512_2048_2023-03-07T10:58:46 train [10: 0/9]  loss_type: cd, fine_loss: 0.038154 total_loss: 0.071456 lr: 0.000100 alpha: 0.01 time: 0.79 track: 0
INFO:root:Saving net...
INFO:root:Testing...
INFO:root:curr_cd_p: 0.044512; curr_cd_t: 0.011539; 
INFO:root:best_cd_p: 0.039900 [epoch 7]; best_cd_t: 0.008085 [epoch 9]; 
INFO:root:PointAttN_cd_2048_512_2048_2023-03-07T10:58:46 train [11: 0/9]  loss_type: cd, fine_loss: 0.041172 total_loss: 0.073978 lr: 0.000100 alpha: 0.01 time: 2.37 track: 1
INFO:root:Saving net...
INFO:root:Testing...
INFO:root:Best cd_p net saved!
INFO:root:Best cd_t net saved!
INFO:root:curr_cd_p: 0.038261; curr_cd_t: 0.007060; 
INFO:root:best_cd_p: 0.038261 [epoch 11]; best_cd_t: 0.007060 [epoch 11]; 
INFO:root:PointAttN_cd_2048_512_2048_2023-03-07T10:58:46 train [12: 0/9]  loss_type: cd, fine_loss: 0.035241 total_loss: 0.079473 lr: 0.000100 alpha: 0.01 time: 2.05 track: 0
INFO:root:Saving net...
INFO:root:Testing...
INFO:root:curr_cd_p: 0.038425; curr_cd_t: 0.008460; 
INFO:root:best_cd_p: 0.038261 [epoch 11]; best_cd_t: 0.007060 [epoch 11]; 
INFO:root:PointAttN_cd_2048_512_2048_2023-03-07T10:58:46 train [13: 0/9]  loss_type: cd, fine_loss: 0.032822 total_loss: 0.075201 lr: 0.000100 alpha: 0.01 time: 1.75 track: 1
INFO:root:Saving net...
INFO:root:Testing...
INFO:root:curr_cd_p: 0.040915; curr_cd_t: 0.008715; 
INFO:root:best_cd_p: 0.038261 [epoch 11]; best_cd_t: 0.007060 [epoch 11]; 
INFO:root:PointAttN_cd_2048_512_2048_2023-03-07T10:58:46 train [14: 0/9]  loss_type: cd, fine_loss: 0.032828 total_loss: 0.070715 lr: 0.000100 alpha: 0.01 time: 2.31 track: 2
INFO:root:Saving net...
INFO:root:Testing...
INFO:root:curr_cd_p: 0.041638; curr_cd_t: 0.010080; 
INFO:root:best_cd_p: 0.038261 [epoch 11]; best_cd_t: 0.007060 [epoch 11]; 
INFO:root:PointAttN_cd_2048_512_2048_2023-03-07T10:58:46 train [15: 0/9]  loss_type: cd, fine_loss: 0.033976 total_loss: 0.073172 lr: 0.000100 alpha: 0.01 time: 2.63 track: 3
INFO:root:Saving net...
INFO:root:Testing...
INFO:root:curr_cd_p: 0.039651; curr_cd_t: 0.008582; 
INFO:root:best_cd_p: 0.038261 [epoch 11]; best_cd_t: 0.007060 [epoch 11]; 
INFO:root:PointAttN_cd_2048_512_2048_2023-03-07T10:58:46 train [16: 0/9]  loss_type: cd, fine_loss: 0.031115 total_loss: 0.066497 lr: 0.000100 alpha: 0.01 time: 0.39 track: 4
INFO:root:Saving net...
INFO:root:Testing...
INFO:root:curr_cd_p: 0.038678; curr_cd_t: 0.008216; 
INFO:root:best_cd_p: 0.038261 [epoch 11]; best_cd_t: 0.007060 [epoch 11]; 
INFO:root:PointAttN_cd_2048_512_2048_2023-03-07T10:58:46 train [17: 0/9]  loss_type: cd, fine_loss: 0.032321 total_loss: 0.065510 lr: 0.000100 alpha: 0.01 time: 0.40 track: 5
INFO:root:Saving net...
INFO:root:Testing...
INFO:root:Best cd_p net saved!
INFO:root:curr_cd_p: 0.036564; curr_cd_t: 0.007219; 
INFO:root:best_cd_p: 0.036564 [epoch 17]; best_cd_t: 0.007060 [epoch 11]; 
INFO:root:PointAttN_cd_2048_512_2048_2023-03-07T10:58:46 train [18: 0/9]  loss_type: cd, fine_loss: 0.027982 total_loss: 0.058948 lr: 0.000100 alpha: 0.01 time: 0.38 track: 6
INFO:root:Saving net...
INFO:root:Testing...
INFO:root:Best cd_p net saved!
INFO:root:Best cd_t net saved!
INFO:root:curr_cd_p: 0.036106; curr_cd_t: 0.007036; 
INFO:root:best_cd_p: 0.036106 [epoch 18]; best_cd_t: 0.007036 [epoch 18]; 
INFO:root:PointAttN_cd_2048_512_2048_2023-03-07T10:58:46 train [19: 0/9]  loss_type: cd, fine_loss: 0.031823 total_loss: 0.067979 lr: 0.000100 alpha: 0.01 time: 0.45 track: 0
INFO:root:Saving net...
INFO:root:Testing...
INFO:root:Best cd_t net saved!
INFO:root:curr_cd_p: 0.037081; curr_cd_t: 0.006239; 
INFO:root:best_cd_p: 0.036106 [epoch 18]; best_cd_t: 0.006239 [epoch 19]; 
INFO:root:PointAttN_cd_2048_512_2048_2023-03-07T10:58:46 train [20: 0/9]  loss_type: cd, fine_loss: 0.034102 total_loss: 0.068748 lr: 0.000100 alpha: 0.01 time: 0.21 track: 0
INFO:root:Saving net...
INFO:root:Testing...
INFO:root:curr_cd_p: 0.039143; curr_cd_t: 0.007576; 
INFO:root:best_cd_p: 0.036106 [epoch 18]; best_cd_t: 0.006239 [epoch 19]; 
INFO:root:PointAttN_cd_2048_512_2048_2023-03-07T10:58:46 train [21: 0/9]  loss_type: cd, fine_loss: 0.031940 total_loss: 0.061961 lr: 0.000100 alpha: 0.01 time: 0.47 track: 1
INFO:root:Saving net...
INFO:root:Testing...
INFO:root:Best cd_p net saved!
INFO:root:Best cd_t net saved!
INFO:root:curr_cd_p: 0.033094; curr_cd_t: 0.004899; 
INFO:root:best_cd_p: 0.033094 [epoch 21]; best_cd_t: 0.004899 [epoch 21]; 
INFO:root:PointAttN_cd_2048_512_2048_2023-03-07T10:58:46 train [22: 0/9]  loss_type: cd, fine_loss: 0.030962 total_loss: 0.062128 lr: 0.000100 alpha: 0.01 time: 0.72 track: 0
INFO:root:Saving net...
INFO:root:Testing...
INFO:root:curr_cd_p: 0.035905; curr_cd_t: 0.006480; 
INFO:root:best_cd_p: 0.033094 [epoch 21]; best_cd_t: 0.004899 [epoch 21]; 
INFO:root:PointAttN_cd_2048_512_2048_2023-03-07T10:58:46 train [23: 0/9]  loss_type: cd, fine_loss: 0.030894 total_loss: 0.062819 lr: 0.000100 alpha: 0.01 time: 0.60 track: 1
INFO:root:Saving net...
INFO:root:Testing...
INFO:root:curr_cd_p: 0.036465; curr_cd_t: 0.006571; 
INFO:root:best_cd_p: 0.033094 [epoch 21]; best_cd_t: 0.004899 [epoch 21]; 
INFO:root:PointAttN_cd_2048_512_2048_2023-03-07T10:58:46 train [24: 0/9]  loss_type: cd, fine_loss: 0.034678 total_loss: 0.070236 lr: 0.000100 alpha: 0.01 time: 0.78 track: 2
INFO:root:Saving net...
INFO:root:Testing...
INFO:root:Best cd_p net saved!
INFO:root:Best cd_t net saved!
INFO:root:curr_cd_p: 0.032462; curr_cd_t: 0.004483; 
INFO:root:best_cd_p: 0.032462 [epoch 24]; best_cd_t: 0.004483 [epoch 24]; 
INFO:root:PointAttN_cd_2048_512_2048_2023-03-07T10:58:46 train [25: 0/9]  loss_type: cd, fine_loss: 0.029380 total_loss: 0.060100 lr: 0.000100 alpha: 0.01 time: 0.78 track: 0
INFO:root:Saving net...
INFO:root:Testing...
INFO:root:curr_cd_p: 0.034928; curr_cd_t: 0.005245; 
INFO:root:best_cd_p: 0.032462 [epoch 24]; best_cd_t: 0.004483 [epoch 24]; 
INFO:root:PointAttN_cd_2048_512_2048_2023-03-07T10:58:46 train [26: 0/9]  loss_type: cd, fine_loss: 0.039923 total_loss: 0.075109 lr: 0.000100 alpha: 0.01 time: 0.65 track: 1
INFO:root:Saving net...
INFO:root:Testing...
INFO:root:curr_cd_p: 0.035719; curr_cd_t: 0.005821; 
INFO:root:best_cd_p: 0.032462 [epoch 24]; best_cd_t: 0.004483 [epoch 24]; 
INFO:root:PointAttN_cd_2048_512_2048_2023-03-07T10:58:46 train [27: 0/9]  loss_type: cd, fine_loss: 0.029560 total_loss: 0.060903 lr: 0.000100 alpha: 0.01 time: 0.66 track: 2
INFO:root:Saving net...
INFO:root:Testing...
INFO:root:Best cd_p net saved!
INFO:root:Best cd_t net saved!
INFO:root:curr_cd_p: 0.032140; curr_cd_t: 0.004328; 
INFO:root:best_cd_p: 0.032140 [epoch 27]; best_cd_t: 0.004328 [epoch 27]; 
INFO:root:PointAttN_cd_2048_512_2048_2023-03-07T10:58:46 train [28: 0/9]  loss_type: cd, fine_loss: 0.029223 total_loss: 0.062901 lr: 0.000100 alpha: 0.01 time: 0.75 track: 0
INFO:root:Saving net...
INFO:root:Testing...
INFO:root:Best cd_p net saved!
INFO:root:Best cd_t net saved!
INFO:root:curr_cd_p: 0.031438; curr_cd_t: 0.004209; 
INFO:root:best_cd_p: 0.031438 [epoch 28]; best_cd_t: 0.004209 [epoch 28]; 
INFO:root:PointAttN_cd_2048_512_2048_2023-03-07T10:58:46 train [29: 0/9]  loss_type: cd, fine_loss: 0.036342 total_loss: 0.074146 lr: 0.000100 alpha: 0.01 time: 0.65 track: 0
INFO:root:Saving net...
INFO:root:Testing...
INFO:root:curr_cd_p: 0.035619; curr_cd_t: 0.005385; 
INFO:root:best_cd_p: 0.031438 [epoch 28]; best_cd_t: 0.004209 [epoch 28]; 
INFO:root:PointAttN_cd_2048_512_2048_2023-03-07T10:58:46 train [30: 0/9]  loss_type: cd, fine_loss: 0.029314 total_loss: 0.057987 lr: 0.000100 alpha: 0.01 time: 0.21 track: 1
INFO:root:Saving net...
INFO:root:Testing...
INFO:root:curr_cd_p: 0.032660; curr_cd_t: 0.004510; 
INFO:root:best_cd_p: 0.031438 [epoch 28]; best_cd_t: 0.004209 [epoch 28]; 
INFO:root:PointAttN_cd_2048_512_2048_2023-03-07T10:58:46 train [31: 0/9]  loss_type: cd, fine_loss: 0.029479 total_loss: 0.058156 lr: 0.000100 alpha: 0.01 time: 0.20 track: 2
INFO:root:Saving net...
INFO:root:Testing...
INFO:root:Best cd_p net saved!
INFO:root:Best cd_t net saved!
INFO:root:curr_cd_p: 0.030942; curr_cd_t: 0.004198; 
INFO:root:best_cd_p: 0.030942 [epoch 31]; best_cd_t: 0.004198 [epoch 31]; 
INFO:root:PointAttN_cd_2048_512_2048_2023-03-07T10:58:46 train [32: 0/9]  loss_type: cd, fine_loss: 0.030748 total_loss: 0.063736 lr: 0.000100 alpha: 0.01 time: 0.23 track: 0
INFO:root:Saving net...
INFO:root:Testing...
INFO:root:curr_cd_p: 0.032169; curr_cd_t: 0.004514; 
INFO:root:best_cd_p: 0.030942 [epoch 31]; best_cd_t: 0.004198 [epoch 31]; 
INFO:root:PointAttN_cd_2048_512_2048_2023-03-07T10:58:46 train [33: 0/9]  loss_type: cd, fine_loss: 0.028511 total_loss: 0.061039 lr: 0.000100 alpha: 0.01 time: 0.23 track: 1
INFO:root:Saving net...
INFO:root:Testing...
INFO:root:curr_cd_p: 0.032561; curr_cd_t: 0.004556; 
INFO:root:best_cd_p: 0.030942 [epoch 31]; best_cd_t: 0.004198 [epoch 31]; 
INFO:root:PointAttN_cd_2048_512_2048_2023-03-07T10:58:46 train [34: 0/9]  loss_type: cd, fine_loss: 0.031003 total_loss: 0.062522 lr: 0.000100 alpha: 0.01 time: 0.22 track: 2
INFO:root:Saving net...
INFO:root:Testing...
INFO:root:curr_cd_p: 0.033191; curr_cd_t: 0.004832; 
INFO:root:best_cd_p: 0.030942 [epoch 31]; best_cd_t: 0.004198 [epoch 31]; 
INFO:root:PointAttN_cd_2048_512_2048_2023-03-07T10:58:46 train [35: 0/9]  loss_type: cd, fine_loss: 0.026277 total_loss: 0.055987 lr: 0.000100 alpha: 0.01 time: 0.21 track: 3
INFO:root:Saving net...
INFO:root:Testing...
INFO:root:Best cd_t net saved!
INFO:root:curr_cd_p: 0.031505; curr_cd_t: 0.004085; 
INFO:root:best_cd_p: 0.030942 [epoch 31]; best_cd_t: 0.004085 [epoch 35]; 
INFO:root:PointAttN_cd_2048_512_2048_2023-03-07T10:58:46 train [36: 0/9]  loss_type: cd, fine_loss: 0.026499 total_loss: 0.054555 lr: 0.000100 alpha: 0.01 time: 0.19 track: 0
INFO:root:Saving net...
INFO:root:Testing...
INFO:root:Best cd_p net saved!
INFO:root:Best cd_t net saved!
INFO:root:curr_cd_p: 0.030131; curr_cd_t: 0.003822; 
INFO:root:best_cd_p: 0.030131 [epoch 36]; best_cd_t: 0.003822 [epoch 36]; 
INFO:root:PointAttN_cd_2048_512_2048_2023-03-07T10:58:46 train [37: 0/9]  loss_type: cd, fine_loss: 0.029360 total_loss: 0.063480 lr: 0.000100 alpha: 0.01 time: 0.20 track: 0
INFO:root:Saving net...
INFO:root:Testing...
INFO:root:curr_cd_p: 0.032197; curr_cd_t: 0.004115; 
INFO:root:best_cd_p: 0.030131 [epoch 36]; best_cd_t: 0.003822 [epoch 36]; 
INFO:root:PointAttN_cd_2048_512_2048_2023-03-07T10:58:46 train [38: 0/9]  loss_type: cd, fine_loss: 0.033628 total_loss: 0.067327 lr: 0.000100 alpha: 0.01 time: 0.21 track: 1
INFO:root:Saving net...
INFO:root:Testing...
INFO:root:curr_cd_p: 0.033557; curr_cd_t: 0.004467; 
INFO:root:best_cd_p: 0.030131 [epoch 36]; best_cd_t: 0.003822 [epoch 36]; 
INFO:root:PointAttN_cd_2048_512_2048_2023-03-07T10:58:46 train [39: 0/9]  loss_type: cd, fine_loss: 0.028111 total_loss: 0.059134 lr: 0.000100 alpha: 0.01 time: 0.20 track: 2
INFO:root:Saving net...
INFO:root:Testing...
INFO:root:Best cd_t net saved!
INFO:root:curr_cd_p: 0.032090; curr_cd_t: 0.003706; 
INFO:root:best_cd_p: 0.030131 [epoch 36]; best_cd_t: 0.003706 [epoch 39]; 
INFO:root:PointAttN_cd_2048_512_2048_2023-03-07T10:58:46 train [40: 0/9]  loss_type: cd, fine_loss: 0.032856 total_loss: 0.065998 lr: 0.000100 alpha: 0.01 time: 0.20 track: 0
INFO:root:Saving net...
INFO:root:Testing...
INFO:root:curr_cd_p: 0.034505; curr_cd_t: 0.004961; 
INFO:root:best_cd_p: 0.030131 [epoch 36]; best_cd_t: 0.003706 [epoch 39]; 
INFO:root:PointAttN_cd_2048_512_2048_2023-03-07T10:58:46 train [41: 0/9]  loss_type: cd, fine_loss: 0.027055 total_loss: 0.057071 lr: 0.000100 alpha: 0.01 time: 0.23 track: 1
INFO:root:Saving net...
INFO:root:Testing...
INFO:root:curr_cd_p: 0.031984; curr_cd_t: 0.004473; 
INFO:root:best_cd_p: 0.030131 [epoch 36]; best_cd_t: 0.003706 [epoch 39]; 
INFO:root:PointAttN_cd_2048_512_2048_2023-03-07T10:58:46 train [42: 0/9]  loss_type: cd, fine_loss: 0.028701 total_loss: 0.064604 lr: 0.000100 alpha: 0.01 time: 0.22 track: 2
INFO:root:Saving net...
INFO:root:Testing...
INFO:root:curr_cd_p: 0.035033; curr_cd_t: 0.005085; 
INFO:root:best_cd_p: 0.030131 [epoch 36]; best_cd_t: 0.003706 [epoch 39]; 
INFO:root:PointAttN_cd_2048_512_2048_2023-03-07T10:58:46 train [43: 0/9]  loss_type: cd, fine_loss: 0.030544 total_loss: 0.062010 lr: 0.000100 alpha: 0.01 time: 0.21 track: 3
INFO:root:Saving net...
INFO:root:Testing...
INFO:root:curr_cd_p: 0.034944; curr_cd_t: 0.005301; 
INFO:root:best_cd_p: 0.030131 [epoch 36]; best_cd_t: 0.003706 [epoch 39]; 
INFO:root:PointAttN_cd_2048_512_2048_2023-03-07T10:58:46 train [44: 0/9]  loss_type: cd, fine_loss: 0.028782 total_loss: 0.055888 lr: 0.000100 alpha: 0.01 time: 0.21 track: 4
INFO:root:Saving net...
INFO:root:Testing...
INFO:root:curr_cd_p: 0.032132; curr_cd_t: 0.004527; 
INFO:root:best_cd_p: 0.030131 [epoch 36]; best_cd_t: 0.003706 [epoch 39]; 
INFO:root:PointAttN_cd_2048_512_2048_2023-03-07T10:58:46 train [45: 0/9]  loss_type: cd, fine_loss: 0.024562 total_loss: 0.050745 lr: 0.000100 alpha: 0.01 time: 0.22 track: 5
INFO:root:Saving net...
INFO:root:Testing...
INFO:root:curr_cd_p: 0.033089; curr_cd_t: 0.005051; 
INFO:root:best_cd_p: 0.030131 [epoch 36]; best_cd_t: 0.003706 [epoch 39]; 
INFO:root:PointAttN_cd_2048_512_2048_2023-03-07T10:58:46 train [46: 0/9]  loss_type: cd, fine_loss: 0.036527 total_loss: 0.071956 lr: 0.000100 alpha: 0.01 time: 0.21 track: 6
INFO:root:Saving net...
INFO:root:Testing...
INFO:root:curr_cd_p: 0.031241; curr_cd_t: 0.004279; 
INFO:root:best_cd_p: 0.030131 [epoch 36]; best_cd_t: 0.003706 [epoch 39]; 
INFO:root:PointAttN_cd_2048_512_2048_2023-03-07T10:58:46 train [47: 0/9]  loss_type: cd, fine_loss: 0.025674 total_loss: 0.055037 lr: 0.000100 alpha: 0.01 time: 0.20 track: 7
INFO:root:Saving net...
INFO:root:Testing...
INFO:root:curr_cd_p: 0.032651; curr_cd_t: 0.004942; 
INFO:root:best_cd_p: 0.030131 [epoch 36]; best_cd_t: 0.003706 [epoch 39]; 
INFO:root:PointAttN_cd_2048_512_2048_2023-03-07T10:58:46 train [48: 0/9]  loss_type: cd, fine_loss: 0.025704 total_loss: 0.052567 lr: 0.000100 alpha: 0.01 time: 0.21 track: 8
INFO:root:Saving net...
INFO:root:Testing...
INFO:root:curr_cd_p: 0.030455; curr_cd_t: 0.003891; 
INFO:root:best_cd_p: 0.030131 [epoch 36]; best_cd_t: 0.003706 [epoch 39]; 
INFO:root:PointAttN_cd_2048_512_2048_2023-03-07T10:58:46 train [49: 0/9]  loss_type: cd, fine_loss: 0.030578 total_loss: 0.061243 lr: 0.000100 alpha: 0.01 time: 0.22 track: 9
INFO:root:Saving net...
INFO:root:Testing...
INFO:root:curr_cd_p: 0.031914; curr_cd_t: 0.004634; 
INFO:root:best_cd_p: 0.030131 [epoch 36]; best_cd_t: 0.003706 [epoch 39]; 
INFO:root:PointAttN_cd_2048_512_2048_2023-03-07T10:58:46 train [50: 0/9]  loss_type: cd, fine_loss: 0.026453 total_loss: 0.060621 lr: 0.000100 alpha: 0.1 time: 0.22 track: 10
INFO:root:Saving net...
INFO:root:Testing...
INFO:root:curr_cd_p: 0.034432; curr_cd_t: 0.004310; 
INFO:root:best_cd_p: 0.030131 [epoch 36]; best_cd_t: 0.003706 [epoch 39]; 
INFO:root:PointAttN_cd_2048_512_2048_2023-03-07T10:58:46 train [51: 0/9]  loss_type: cd, fine_loss: 0.032090 total_loss: 0.064011 lr: 0.000100 alpha: 0.1 time: 0.20 track: 11
INFO:root:Saving net...
INFO:root:Testing...
INFO:root:curr_cd_p: 0.031863; curr_cd_t: 0.004107; 
INFO:root:best_cd_p: 0.030131 [epoch 36]; best_cd_t: 0.003706 [epoch 39]; 
INFO:root:PointAttN_cd_2048_512_2048_2023-03-07T10:58:46 train [52: 0/9]  loss_type: cd, fine_loss: 0.026640 total_loss: 0.057674 lr: 0.000100 alpha: 0.1 time: 0.20 track: 12
INFO:root:Saving net...
INFO:root:Testing...
INFO:root:curr_cd_p: 0.030926; curr_cd_t: 0.003811; 
INFO:root:best_cd_p: 0.030131 [epoch 36]; best_cd_t: 0.003706 [epoch 39]; 
INFO:root:PointAttN_cd_2048_512_2048_2023-03-07T10:58:46 train [53: 0/9]  loss_type: cd, fine_loss: 0.025314 total_loss: 0.056301 lr: 0.000100 alpha: 0.1 time: 0.21 track: 13
INFO:root:Saving net...
INFO:root:Testing...
INFO:root:curr_cd_p: 0.030850; curr_cd_t: 0.003871; 
INFO:root:best_cd_p: 0.030131 [epoch 36]; best_cd_t: 0.003706 [epoch 39]; 
INFO:root:PointAttN_cd_2048_512_2048_2023-03-07T10:58:46 train [54: 0/9]  loss_type: cd, fine_loss: 0.028448 total_loss: 0.063169 lr: 0.000100 alpha: 0.1 time: 0.21 track: 14
INFO:root:Saving net...
INFO:root:Testing...
INFO:root:curr_cd_p: 0.032351; curr_cd_t: 0.004545; 
INFO:root:best_cd_p: 0.030131 [epoch 36]; best_cd_t: 0.003706 [epoch 39]; 
INFO:root:PointAttN_cd_2048_512_2048_2023-03-07T10:58:46 train [55: 0/9]  loss_type: cd, fine_loss: 0.024812 total_loss: 0.056265 lr: 0.000100 alpha: 0.1 time: 0.21 track: 15
INFO:root:Saving net...
INFO:root:Testing...
INFO:root:curr_cd_p: 0.031657; curr_cd_t: 0.004128; 
INFO:root:best_cd_p: 0.030131 [epoch 36]; best_cd_t: 0.003706 [epoch 39]; 
INFO:root:PointAttN_cd_2048_512_2048_2023-03-07T10:58:46 train [56: 0/9]  loss_type: cd, fine_loss: 0.026400 total_loss: 0.060868 lr: 0.000100 alpha: 0.1 time: 0.21 track: 16
INFO:root:Saving net...
INFO:root:Testing...
INFO:root:curr_cd_p: 0.030304; curr_cd_t: 0.003991; 
INFO:root:best_cd_p: 0.030131 [epoch 36]; best_cd_t: 0.003706 [epoch 39]; 
INFO:root:PointAttN_cd_2048_512_2048_2023-03-07T10:58:46 train [57: 0/9]  loss_type: cd, fine_loss: 0.024656 total_loss: 0.058018 lr: 0.000100 alpha: 0.1 time: 0.21 track: 17
INFO:root:Saving net...
INFO:root:Testing...
INFO:root:Best cd_p net saved!
INFO:root:Best cd_t net saved!
INFO:root:curr_cd_p: 0.029017; curr_cd_t: 0.003419; 
INFO:root:best_cd_p: 0.029017 [epoch 57]; best_cd_t: 0.003419 [epoch 57]; 
INFO:root:PointAttN_cd_2048_512_2048_2023-03-07T10:58:46 train [58: 0/9]  loss_type: cd, fine_loss: 0.024879 total_loss: 0.058876 lr: 0.000100 alpha: 0.1 time: 0.22 track: 0
INFO:root:Saving net...
INFO:root:Testing...
INFO:root:curr_cd_p: 0.029938; curr_cd_t: 0.003704; 
INFO:root:best_cd_p: 0.029017 [epoch 57]; best_cd_t: 0.003419 [epoch 57]; 
INFO:root:PointAttN_cd_2048_512_2048_2023-03-07T10:58:46 train [59: 0/9]  loss_type: cd, fine_loss: 0.028235 total_loss: 0.065635 lr: 0.000100 alpha: 0.1 time: 0.22 track: 1
INFO:root:Saving net...
INFO:root:Testing...
INFO:root:curr_cd_p: 0.031272; curr_cd_t: 0.003804; 
INFO:root:best_cd_p: 0.029017 [epoch 57]; best_cd_t: 0.003419 [epoch 57]; 
INFO:root:PointAttN_cd_2048_512_2048_2023-03-07T10:58:46 train [60: 0/9]  loss_type: cd, fine_loss: 0.029420 total_loss: 0.066211 lr: 0.000100 alpha: 0.1 time: 0.22 track: 2
INFO:root:Saving net...
INFO:root:Testing...
INFO:root:curr_cd_p: 0.030879; curr_cd_t: 0.004019; 
INFO:root:best_cd_p: 0.029017 [epoch 57]; best_cd_t: 0.003419 [epoch 57]; 
INFO:root:PointAttN_cd_2048_512_2048_2023-03-07T10:58:46 train [61: 0/9]  loss_type: cd, fine_loss: 0.027571 total_loss: 0.065247 lr: 0.000100 alpha: 0.1 time: 0.24 track: 3
INFO:root:Saving net...
INFO:root:Testing...
INFO:root:curr_cd_p: 0.032959; curr_cd_t: 0.004253; 
INFO:root:best_cd_p: 0.029017 [epoch 57]; best_cd_t: 0.003419 [epoch 57]; 
INFO:root:PointAttN_cd_2048_512_2048_2023-03-07T10:58:46 train [62: 0/9]  loss_type: cd, fine_loss: 0.031313 total_loss: 0.071491 lr: 0.000100 alpha: 0.1 time: 0.21 track: 4
INFO:root:Saving net...
INFO:root:Testing...
INFO:root:curr_cd_p: 0.029540; curr_cd_t: 0.003511; 
INFO:root:best_cd_p: 0.029017 [epoch 57]; best_cd_t: 0.003419 [epoch 57]; 
INFO:root:PointAttN_cd_2048_512_2048_2023-03-07T10:58:46 train [63: 0/9]  loss_type: cd, fine_loss: 0.025790 total_loss: 0.060616 lr: 0.000100 alpha: 0.1 time: 0.22 track: 5
INFO:root:Saving net...
INFO:root:Testing...
INFO:root:curr_cd_p: 0.030023; curr_cd_t: 0.003627; 
INFO:root:best_cd_p: 0.029017 [epoch 57]; best_cd_t: 0.003419 [epoch 57]; 
INFO:root:PointAttN_cd_2048_512_2048_2023-03-07T10:58:46 train [64: 0/9]  loss_type: cd, fine_loss: 0.025476 total_loss: 0.058225 lr: 0.000100 alpha: 0.1 time: 0.21 track: 6
INFO:root:Saving net...
INFO:root:Testing...
INFO:root:curr_cd_p: 0.031414; curr_cd_t: 0.004629; 
INFO:root:best_cd_p: 0.029017 [epoch 57]; best_cd_t: 0.003419 [epoch 57]; 
INFO:root:PointAttN_cd_2048_512_2048_2023-03-07T10:58:46 train [65: 0/9]  loss_type: cd, fine_loss: 0.026222 total_loss: 0.061402 lr: 0.000100 alpha: 0.1 time: 0.23 track: 7
INFO:root:Saving net...
INFO:root:Testing...
INFO:root:curr_cd_p: 0.029086; curr_cd_t: 0.003769; 
INFO:root:best_cd_p: 0.029017 [epoch 57]; best_cd_t: 0.003419 [epoch 57]; 
INFO:root:PointAttN_cd_2048_512_2048_2023-03-07T10:58:46 train [66: 0/9]  loss_type: cd, fine_loss: 0.023420 total_loss: 0.057833 lr: 0.000100 alpha: 0.1 time: 0.20 track: 8
INFO:root:Saving net...
INFO:root:Testing...
INFO:root:curr_cd_p: 0.031786; curr_cd_t: 0.004883; 
INFO:root:best_cd_p: 0.029017 [epoch 57]; best_cd_t: 0.003419 [epoch 57]; 
INFO:root:PointAttN_cd_2048_512_2048_2023-03-07T10:58:46 train [67: 0/9]  loss_type: cd, fine_loss: 0.024925 total_loss: 0.059871 lr: 0.000100 alpha: 0.1 time: 0.20 track: 9
INFO:root:Saving net...
INFO:root:Testing...
INFO:root:curr_cd_p: 0.030139; curr_cd_t: 0.003869; 
INFO:root:best_cd_p: 0.029017 [epoch 57]; best_cd_t: 0.003419 [epoch 57]; 
INFO:root:PointAttN_cd_2048_512_2048_2023-03-07T10:58:46 train [68: 0/9]  loss_type: cd, fine_loss: 0.025957 total_loss: 0.060839 lr: 0.000100 alpha: 0.1 time: 0.20 track: 10
INFO:root:Saving net...
INFO:root:Testing...
INFO:root:curr_cd_p: 0.029305; curr_cd_t: 0.003585; 
INFO:root:best_cd_p: 0.029017 [epoch 57]; best_cd_t: 0.003419 [epoch 57]; 
INFO:root:PointAttN_cd_2048_512_2048_2023-03-07T10:58:46 train [69: 0/9]  loss_type: cd, fine_loss: 0.024697 total_loss: 0.057411 lr: 0.000100 alpha: 0.1 time: 0.20 track: 11
INFO:root:Saving net...
INFO:root:Testing...
INFO:root:curr_cd_p: 0.030097; curr_cd_t: 0.003875; 
INFO:root:best_cd_p: 0.029017 [epoch 57]; best_cd_t: 0.003419 [epoch 57]; 
INFO:root:PointAttN_cd_2048_512_2048_2023-03-07T10:58:46 train [70: 0/9]  loss_type: cd, fine_loss: 0.024197 total_loss: 0.057472 lr: 0.000100 alpha: 0.1 time: 0.20 track: 12
INFO:root:Saving net...
INFO:root:Testing...
INFO:root:curr_cd_p: 0.033396; curr_cd_t: 0.005339; 
INFO:root:best_cd_p: 0.029017 [epoch 57]; best_cd_t: 0.003419 [epoch 57]; 
INFO:root:PointAttN_cd_2048_512_2048_2023-03-07T10:58:46 train [71: 0/9]  loss_type: cd, fine_loss: 0.026120 total_loss: 0.060541 lr: 0.000100 alpha: 0.1 time: 0.19 track: 13
INFO:root:Saving net...
INFO:root:Testing...
INFO:root:curr_cd_p: 0.031720; curr_cd_t: 0.004255; 
INFO:root:best_cd_p: 0.029017 [epoch 57]; best_cd_t: 0.003419 [epoch 57]; 
INFO:root:PointAttN_cd_2048_512_2048_2023-03-07T10:58:46 train [72: 0/9]  loss_type: cd, fine_loss: 0.025642 total_loss: 0.059178 lr: 0.000100 alpha: 0.1 time: 0.20 track: 14
INFO:root:Saving net...
INFO:root:Testing...
INFO:root:curr_cd_p: 0.032077; curr_cd_t: 0.004901; 
INFO:root:best_cd_p: 0.029017 [epoch 57]; best_cd_t: 0.003419 [epoch 57]; 
INFO:root:PointAttN_cd_2048_512_2048_2023-03-07T10:58:46 train [73: 0/9]  loss_type: cd, fine_loss: 0.025239 total_loss: 0.058512 lr: 0.000100 alpha: 0.1 time: 0.19 track: 15
INFO:root:Saving net...
INFO:root:Testing...
INFO:root:curr_cd_p: 0.030048; curr_cd_t: 0.004002; 
INFO:root:best_cd_p: 0.029017 [epoch 57]; best_cd_t: 0.003419 [epoch 57]; 
INFO:root:PointAttN_cd_2048_512_2048_2023-03-07T10:58:46 train [74: 0/9]  loss_type: cd, fine_loss: 0.022259 total_loss: 0.055468 lr: 0.000100 alpha: 0.1 time: 0.20 track: 16
INFO:root:Saving net...
INFO:root:Testing...
INFO:root:curr_cd_p: 0.029393; curr_cd_t: 0.003927; 
INFO:root:best_cd_p: 0.029017 [epoch 57]; best_cd_t: 0.003419 [epoch 57]; 
INFO:root:PointAttN_cd_2048_512_2048_2023-03-07T10:58:46 train [75: 0/9]  loss_type: cd, fine_loss: 0.023923 total_loss: 0.058345 lr: 0.000100 alpha: 0.1 time: 0.19 track: 17
INFO:root:Saving net...
INFO:root:Testing...
INFO:root:curr_cd_p: 0.029372; curr_cd_t: 0.003885; 
INFO:root:best_cd_p: 0.029017 [epoch 57]; best_cd_t: 0.003419 [epoch 57]; 
INFO:root:PointAttN_cd_2048_512_2048_2023-03-07T10:58:46 train [76: 0/9]  loss_type: cd, fine_loss: 0.023179 total_loss: 0.056374 lr: 0.000100 alpha: 0.1 time: 0.22 track: 18
INFO:root:Saving net...
INFO:root:Testing...
INFO:root:Best cd_p net saved!
INFO:root:curr_cd_p: 0.028817; curr_cd_t: 0.003711; 
INFO:root:best_cd_p: 0.028817 [epoch 76]; best_cd_t: 0.003419 [epoch 57]; 
INFO:root:PointAttN_cd_2048_512_2048_2023-03-07T10:58:46 train [77: 0/9]  loss_type: cd, fine_loss: 0.024243 total_loss: 0.059735 lr: 0.000100 alpha: 0.1 time: 0.21 track: 19
INFO:root:Saving net...
INFO:root:Testing...
INFO:root:curr_cd_p: 0.028996; curr_cd_t: 0.003775; 
INFO:root:best_cd_p: 0.028817 [epoch 76]; best_cd_t: 0.003419 [epoch 57]; 
INFO:root:PointAttN_cd_2048_512_2048_2023-03-07T10:58:46 train [78: 0/9]  loss_type: cd, fine_loss: 0.023340 total_loss: 0.059010 lr: 0.000100 alpha: 0.1 time: 0.21 track: 20
INFO:root:Saving net...
INFO:root:Testing...
INFO:root:Best cd_p net saved!
INFO:root:curr_cd_p: 0.028570; curr_cd_t: 0.003519; 
INFO:root:best_cd_p: 0.028570 [epoch 78]; best_cd_t: 0.003419 [epoch 57]; 
INFO:root:PointAttN_cd_2048_512_2048_2023-03-07T10:58:46 train [79: 0/9]  loss_type: cd, fine_loss: 0.023014 total_loss: 0.057453 lr: 0.000100 alpha: 0.1 time: 0.21 track: 21
INFO:root:Saving net...
INFO:root:Testing...
INFO:root:curr_cd_p: 0.032102; curr_cd_t: 0.005071; 
INFO:root:best_cd_p: 0.028570 [epoch 78]; best_cd_t: 0.003419 [epoch 57]; 
INFO:root:PointAttN_cd_2048_512_2048_2023-03-07T10:58:46 train [80: 0/9]  loss_type: cd, fine_loss: 0.025354 total_loss: 0.058500 lr: 0.000100 alpha: 0.1 time: 0.20 track: 22
INFO:root:Saving net...
INFO:root:Testing...
INFO:root:Best cd_p net saved!
INFO:root:Best cd_t net saved!
INFO:root:curr_cd_p: 0.027213; curr_cd_t: 0.003153; 
INFO:root:best_cd_p: 0.027213 [epoch 80]; best_cd_t: 0.003153 [epoch 80]; 
INFO:root:PointAttN_cd_2048_512_2048_2023-03-07T10:58:46 train [81: 0/9]  loss_type: cd, fine_loss: 0.021656 total_loss: 0.054469 lr: 0.000100 alpha: 0.1 time: 0.20 track: 0
INFO:root:Saving net...
INFO:root:Testing...
INFO:root:curr_cd_p: 0.028325; curr_cd_t: 0.003544; 
INFO:root:best_cd_p: 0.027213 [epoch 80]; best_cd_t: 0.003153 [epoch 80]; 
INFO:root:PointAttN_cd_2048_512_2048_2023-03-07T10:58:46 train [82: 0/9]  loss_type: cd, fine_loss: 0.023239 total_loss: 0.060419 lr: 0.000100 alpha: 0.1 time: 0.20 track: 1
INFO:root:Saving net...
INFO:root:Testing...
INFO:root:curr_cd_p: 0.029162; curr_cd_t: 0.003822; 
INFO:root:best_cd_p: 0.027213 [epoch 80]; best_cd_t: 0.003153 [epoch 80]; 
INFO:root:PointAttN_cd_2048_512_2048_2023-03-07T10:58:46 train [83: 0/9]  loss_type: cd, fine_loss: 0.025491 total_loss: 0.065167 lr: 0.000100 alpha: 0.1 time: 0.20 track: 2
INFO:root:Saving net...
INFO:root:Testing...
INFO:root:curr_cd_p: 0.027598; curr_cd_t: 0.003293; 
INFO:root:best_cd_p: 0.027213 [epoch 80]; best_cd_t: 0.003153 [epoch 80]; 
INFO:root:PointAttN_cd_2048_512_2048_2023-03-07T10:58:46 train [84: 0/9]  loss_type: cd, fine_loss: 0.021986 total_loss: 0.055288 lr: 0.000100 alpha: 0.1 time: 0.18 track: 3
INFO:root:Saving net...
INFO:root:Testing...
INFO:root:curr_cd_p: 0.031188; curr_cd_t: 0.005428; 
INFO:root:best_cd_p: 0.027213 [epoch 80]; best_cd_t: 0.003153 [epoch 80]; 
INFO:root:PointAttN_cd_2048_512_2048_2023-03-07T10:58:46 train [85: 0/9]  loss_type: cd, fine_loss: 0.024525 total_loss: 0.060434 lr: 0.000100 alpha: 0.1 time: 0.19 track: 4
INFO:root:Saving net...
INFO:root:Testing...
INFO:root:curr_cd_p: 0.030791; curr_cd_t: 0.004591; 
INFO:root:best_cd_p: 0.027213 [epoch 80]; best_cd_t: 0.003153 [epoch 80]; 
INFO:root:PointAttN_cd_2048_512_2048_2023-03-07T10:58:46 train [86: 0/9]  loss_type: cd, fine_loss: 0.022676 total_loss: 0.054144 lr: 0.000100 alpha: 0.1 time: 0.19 track: 5
INFO:root:Saving net...
INFO:root:Testing...
INFO:root:curr_cd_p: 0.030786; curr_cd_t: 0.005057; 
INFO:root:best_cd_p: 0.027213 [epoch 80]; best_cd_t: 0.003153 [epoch 80]; 
INFO:root:PointAttN_cd_2048_512_2048_2023-03-07T10:58:46 train [87: 0/9]  loss_type: cd, fine_loss: 0.021192 total_loss: 0.051614 lr: 0.000100 alpha: 0.1 time: 0.20 track: 6
INFO:root:Saving net...
INFO:root:Testing...
INFO:root:curr_cd_p: 0.028434; curr_cd_t: 0.003867; 
INFO:root:best_cd_p: 0.027213 [epoch 80]; best_cd_t: 0.003153 [epoch 80]; 
INFO:root:PointAttN_cd_2048_512_2048_2023-03-07T10:58:46 train [88: 0/9]  loss_type: cd, fine_loss: 0.021349 total_loss: 0.055672 lr: 0.000100 alpha: 0.1 time: 0.19 track: 7
INFO:root:Saving net...
INFO:root:Testing...
INFO:root:Best cd_p net saved!
INFO:root:curr_cd_p: 0.026958; curr_cd_t: 0.003305; 
INFO:root:best_cd_p: 0.026958 [epoch 88]; best_cd_t: 0.003153 [epoch 80]; 
INFO:root:PointAttN_cd_2048_512_2048_2023-03-07T10:58:46 train [89: 0/9]  loss_type: cd, fine_loss: 0.023656 total_loss: 0.061015 lr: 0.000100 alpha: 0.1 time: 0.19 track: 8
INFO:root:Saving net...
INFO:root:Testing...
INFO:root:curr_cd_p: 0.028496; curr_cd_t: 0.003847; 
INFO:root:best_cd_p: 0.026958 [epoch 88]; best_cd_t: 0.003153 [epoch 80]; 
INFO:root:PointAttN_cd_2048_512_2048_2023-03-07T10:58:46 train [90: 0/9]  loss_type: cd, fine_loss: 0.020913 total_loss: 0.054590 lr: 0.000100 alpha: 0.1 time: 0.18 track: 9
INFO:root:Saving net...
INFO:root:Testing...
INFO:root:curr_cd_p: 0.029281; curr_cd_t: 0.003942; 
INFO:root:best_cd_p: 0.026958 [epoch 88]; best_cd_t: 0.003153 [epoch 80]; 
INFO:root:PointAttN_cd_2048_512_2048_2023-03-07T10:58:46 train [91: 0/9]  loss_type: cd, fine_loss: 0.020606 total_loss: 0.052019 lr: 0.000100 alpha: 0.1 time: 0.19 track: 10
INFO:root:Saving net...
INFO:root:Testing...
INFO:root:curr_cd_p: 0.028801; curr_cd_t: 0.003739; 
INFO:root:best_cd_p: 0.026958 [epoch 88]; best_cd_t: 0.003153 [epoch 80]; 
INFO:root:PointAttN_cd_2048_512_2048_2023-03-07T10:58:46 train [92: 0/9]  loss_type: cd, fine_loss: 0.020914 total_loss: 0.055641 lr: 0.000100 alpha: 0.1 time: 0.20 track: 11
INFO:root:Saving net...
INFO:root:Testing...
INFO:root:curr_cd_p: 0.029628; curr_cd_t: 0.004409; 
INFO:root:best_cd_p: 0.026958 [epoch 88]; best_cd_t: 0.003153 [epoch 80]; 
INFO:root:PointAttN_cd_2048_512_2048_2023-03-07T10:58:46 train [93: 0/9]  loss_type: cd, fine_loss: 0.019336 total_loss: 0.051294 lr: 0.000100 alpha: 0.1 time: 0.19 track: 12
INFO:root:Saving net...
INFO:root:Testing...
INFO:root:curr_cd_p: 0.027171; curr_cd_t: 0.003379; 
INFO:root:best_cd_p: 0.026958 [epoch 88]; best_cd_t: 0.003153 [epoch 80]; 
INFO:root:PointAttN_cd_2048_512_2048_2023-03-07T10:58:46 train [94: 0/9]  loss_type: cd, fine_loss: 0.018372 total_loss: 0.048753 lr: 0.000100 alpha: 0.1 time: 0.19 track: 13
INFO:root:Saving net...
INFO:root:Testing...
INFO:root:curr_cd_p: 0.027368; curr_cd_t: 0.003524; 
INFO:root:best_cd_p: 0.026958 [epoch 88]; best_cd_t: 0.003153 [epoch 80]; 
INFO:root:PointAttN_cd_2048_512_2048_2023-03-07T10:58:46 train [95: 0/9]  loss_type: cd, fine_loss: 0.020492 total_loss: 0.055844 lr: 0.000100 alpha: 0.1 time: 0.19 track: 14
INFO:root:Saving net...
INFO:root:Testing...
INFO:root:curr_cd_p: 0.029041; curr_cd_t: 0.004141; 
INFO:root:best_cd_p: 0.026958 [epoch 88]; best_cd_t: 0.003153 [epoch 80]; 
INFO:root:PointAttN_cd_2048_512_2048_2023-03-07T10:58:46 train [96: 0/9]  loss_type: cd, fine_loss: 0.022933 total_loss: 0.058622 lr: 0.000100 alpha: 0.1 time: 0.20 track: 15
INFO:root:Saving net...
INFO:root:Testing...
INFO:root:curr_cd_p: 0.029143; curr_cd_t: 0.004142; 
INFO:root:best_cd_p: 0.026958 [epoch 88]; best_cd_t: 0.003153 [epoch 80]; 
INFO:root:PointAttN_cd_2048_512_2048_2023-03-07T10:58:46 train [97: 0/9]  loss_type: cd, fine_loss: 0.021070 total_loss: 0.054408 lr: 0.000100 alpha: 0.1 time: 0.19 track: 16
INFO:root:Saving net...
INFO:root:Testing...
INFO:root:curr_cd_p: 0.028643; curr_cd_t: 0.003759; 
INFO:root:best_cd_p: 0.026958 [epoch 88]; best_cd_t: 0.003153 [epoch 80]; 
INFO:root:PointAttN_cd_2048_512_2048_2023-03-07T10:58:46 train [98: 0/9]  loss_type: cd, fine_loss: 0.020973 total_loss: 0.053977 lr: 0.000100 alpha: 0.1 time: 0.19 track: 17
INFO:root:Saving net...
INFO:root:Testing...
INFO:root:curr_cd_p: 0.029436; curr_cd_t: 0.004358; 
INFO:root:best_cd_p: 0.026958 [epoch 88]; best_cd_t: 0.003153 [epoch 80]; 
INFO:root:PointAttN_cd_2048_512_2048_2023-03-07T10:58:46 train [99: 0/9]  loss_type: cd, fine_loss: 0.022999 total_loss: 0.058854 lr: 0.000100 alpha: 0.1 time: 0.20 track: 18
INFO:root:Saving net...
INFO:root:Testing...
INFO:root:curr_cd_p: 0.028078; curr_cd_t: 0.003478; 
INFO:root:best_cd_p: 0.026958 [epoch 88]; best_cd_t: 0.003153 [epoch 80]; 
INFO:root:PointAttN_cd_2048_512_2048_2023-03-07T10:58:46 train [100: 0/9]  loss_type: cd, fine_loss: 0.020937 total_loss: 0.054029 lr: 0.000100 alpha: 0.1 time: 0.19 track: 19
INFO:root:Saving net...
INFO:root:Testing...
INFO:root:curr_cd_p: 0.029373; curr_cd_t: 0.004030; 
INFO:root:best_cd_p: 0.026958 [epoch 88]; best_cd_t: 0.003153 [epoch 80]; 
INFO:root:PointAttN_cd_2048_512_2048_2023-03-07T10:58:46 train [101: 0/9]  loss_type: cd, fine_loss: 0.019358 total_loss: 0.049399 lr: 0.000100 alpha: 0.1 time: 0.22 track: 20
INFO:root:Saving net...
INFO:root:Testing...
INFO:root:curr_cd_p: 0.028602; curr_cd_t: 0.003914; 
INFO:root:best_cd_p: 0.026958 [epoch 88]; best_cd_t: 0.003153 [epoch 80]; 
INFO:root:PointAttN_cd_2048_512_2048_2023-03-07T10:58:46 train [102: 0/9]  loss_type: cd, fine_loss: 0.019296 total_loss: 0.051037 lr: 0.000100 alpha: 0.1 time: 0.21 track: 21
INFO:root:Saving net...
INFO:root:Testing...
INFO:root:curr_cd_p: 0.028110; curr_cd_t: 0.003715; 
INFO:root:best_cd_p: 0.026958 [epoch 88]; best_cd_t: 0.003153 [epoch 80]; 
INFO:root:PointAttN_cd_2048_512_2048_2023-03-07T10:58:46 train [103: 0/9]  loss_type: cd, fine_loss: 0.019570 total_loss: 0.051130 lr: 0.000100 alpha: 0.1 time: 0.21 track: 22
INFO:root:Saving net...
INFO:root:Testing...
INFO:root:curr_cd_p: 0.028145; curr_cd_t: 0.003713; 
INFO:root:best_cd_p: 0.026958 [epoch 88]; best_cd_t: 0.003153 [epoch 80]; 
INFO:root:PointAttN_cd_2048_512_2048_2023-03-07T10:58:46 train [104: 0/9]  loss_type: cd, fine_loss: 0.021407 total_loss: 0.056781 lr: 0.000100 alpha: 0.1 time: 0.20 track: 23
INFO:root:Saving net...
INFO:root:Testing...
INFO:root:curr_cd_p: 0.028782; curr_cd_t: 0.004281; 
INFO:root:best_cd_p: 0.026958 [epoch 88]; best_cd_t: 0.003153 [epoch 80]; 
INFO:root:PointAttN_cd_2048_512_2048_2023-03-07T10:58:46 train [105: 0/9]  loss_type: cd, fine_loss: 0.018540 total_loss: 0.048722 lr: 0.000100 alpha: 0.1 time: 0.20 track: 24
INFO:root:Saving net...
INFO:root:Testing...
INFO:root:curr_cd_p: 0.027370; curr_cd_t: 0.003526; 
INFO:root:best_cd_p: 0.026958 [epoch 88]; best_cd_t: 0.003153 [epoch 80]; 
INFO:root:PointAttN_cd_2048_512_2048_2023-03-07T10:58:46 train [106: 0/9]  loss_type: cd, fine_loss: 0.020108 total_loss: 0.054822 lr: 0.000100 alpha: 0.1 time: 0.21 track: 25
INFO:root:Saving net...
INFO:root:Testing...
INFO:root:curr_cd_p: 0.028636; curr_cd_t: 0.004062; 
INFO:root:best_cd_p: 0.026958 [epoch 88]; best_cd_t: 0.003153 [epoch 80]; 
INFO:root:PointAttN_cd_2048_512_2048_2023-03-07T10:58:46 train [107: 0/9]  loss_type: cd, fine_loss: 0.018863 total_loss: 0.049783 lr: 0.000100 alpha: 0.1 time: 0.21 track: 26
INFO:root:Saving net...
INFO:root:Testing...
INFO:root:curr_cd_p: 0.029928; curr_cd_t: 0.004505; 
INFO:root:best_cd_p: 0.026958 [epoch 88]; best_cd_t: 0.003153 [epoch 80]; 
INFO:root:PointAttN_cd_2048_512_2048_2023-03-07T10:58:46 train [108: 0/9]  loss_type: cd, fine_loss: 0.020255 total_loss: 0.052267 lr: 0.000100 alpha: 0.1 time: 0.21 track: 27
INFO:root:Saving net...
INFO:root:Testing...
INFO:root:curr_cd_p: 0.029229; curr_cd_t: 0.004385; 
INFO:root:best_cd_p: 0.026958 [epoch 88]; best_cd_t: 0.003153 [epoch 80]; 
INFO:root:PointAttN_cd_2048_512_2048_2023-03-07T10:58:46 train [109: 0/9]  loss_type: cd, fine_loss: 0.017918 total_loss: 0.048167 lr: 0.000100 alpha: 0.1 time: 0.22 track: 28
INFO:root:Saving net...
INFO:root:Testing...
INFO:root:curr_cd_p: 0.028267; curr_cd_t: 0.003837; 
INFO:root:best_cd_p: 0.026958 [epoch 88]; best_cd_t: 0.003153 [epoch 80]; 
INFO:root:PointAttN_cd_2048_512_2048_2023-03-07T10:58:46 train [110: 0/9]  loss_type: cd, fine_loss: 0.019113 total_loss: 0.049986 lr: 0.000100 alpha: 0.1 time: 0.21 track: 29
INFO:root:Saving net...
INFO:root:Testing...
INFO:root:curr_cd_p: 0.027462; curr_cd_t: 0.003388; 
INFO:root:best_cd_p: 0.026958 [epoch 88]; best_cd_t: 0.003153 [epoch 80]; 
INFO:root:PointAttN_cd_2048_512_2048_2023-03-07T10:58:46 train [111: 0/9]  loss_type: cd, fine_loss: 0.020206 total_loss: 0.053515 lr: 0.000100 alpha: 0.1 time: 0.22 track: 30
INFO:root:Saving net...
INFO:root:Testing...
INFO:root:curr_cd_p: 0.028751; curr_cd_t: 0.004056; 
INFO:root:best_cd_p: 0.026958 [epoch 88]; best_cd_t: 0.003153 [epoch 80]; 
INFO:root:PointAttN_cd_2048_512_2048_2023-03-07T10:58:46 train [112: 0/9]  loss_type: cd, fine_loss: 0.019056 total_loss: 0.050913 lr: 0.000100 alpha: 0.1 time: 0.21 track: 31
INFO:root:Saving net...
INFO:root:Testing...
INFO:root:curr_cd_p: 0.027983; curr_cd_t: 0.003906; 
INFO:root:best_cd_p: 0.026958 [epoch 88]; best_cd_t: 0.003153 [epoch 80]; 
INFO:root:PointAttN_cd_2048_512_2048_2023-03-07T10:58:46 train [113: 0/9]  loss_type: cd, fine_loss: 0.019461 total_loss: 0.051747 lr: 0.000100 alpha: 0.1 time: 0.21 track: 32
INFO:root:Saving net...
INFO:root:Testing...
INFO:root:curr_cd_p: 0.028212; curr_cd_t: 0.003932; 
INFO:root:best_cd_p: 0.026958 [epoch 88]; best_cd_t: 0.003153 [epoch 80]; 
INFO:root:PointAttN_cd_2048_512_2048_2023-03-07T10:58:46 train [114: 0/9]  loss_type: cd, fine_loss: 0.019547 total_loss: 0.052318 lr: 0.000100 alpha: 0.1 time: 0.21 track: 33
INFO:root:Saving net...
INFO:root:Testing...
INFO:root:curr_cd_p: 0.028394; curr_cd_t: 0.004119; 
INFO:root:best_cd_p: 0.026958 [epoch 88]; best_cd_t: 0.003153 [epoch 80]; 
INFO:root:PointAttN_cd_2048_512_2048_2023-03-07T10:58:46 train [115: 0/9]  loss_type: cd, fine_loss: 0.018417 total_loss: 0.049700 lr: 0.000100 alpha: 0.1 time: 0.20 track: 34
INFO:root:Saving net...
INFO:root:Testing...
INFO:root:curr_cd_p: 0.028169; curr_cd_t: 0.003922; 
INFO:root:best_cd_p: 0.026958 [epoch 88]; best_cd_t: 0.003153 [epoch 80]; 
INFO:root:PointAttN_cd_2048_512_2048_2023-03-07T10:58:46 train [116: 0/9]  loss_type: cd, fine_loss: 0.020651 total_loss: 0.057373 lr: 0.000100 alpha: 0.1 time: 0.20 track: 35
INFO:root:Saving net...
INFO:root:Testing...
INFO:root:curr_cd_p: 0.028074; curr_cd_t: 0.003799; 
INFO:root:best_cd_p: 0.026958 [epoch 88]; best_cd_t: 0.003153 [epoch 80]; 
INFO:root:PointAttN_cd_2048_512_2048_2023-03-07T10:58:46 train [117: 0/9]  loss_type: cd, fine_loss: 0.018256 total_loss: 0.049142 lr: 0.000100 alpha: 0.1 time: 0.22 track: 36
INFO:root:Saving net...
INFO:root:Testing...
INFO:root:curr_cd_p: 0.029360; curr_cd_t: 0.004175; 
INFO:root:best_cd_p: 0.026958 [epoch 88]; best_cd_t: 0.003153 [epoch 80]; 
INFO:root:PointAttN_cd_2048_512_2048_2023-03-07T10:58:46 train [118: 0/9]  loss_type: cd, fine_loss: 0.021096 total_loss: 0.054022 lr: 0.000100 alpha: 0.1 time: 0.21 track: 37
INFO:root:Saving net...
INFO:root:Testing...
INFO:root:curr_cd_p: 0.027545; curr_cd_t: 0.003519; 
INFO:root:best_cd_p: 0.026958 [epoch 88]; best_cd_t: 0.003153 [epoch 80]; 
INFO:root:PointAttN_cd_2048_512_2048_2023-03-07T10:58:46 train [119: 0/9]  loss_type: cd, fine_loss: 0.016765 total_loss: 0.044919 lr: 0.000100 alpha: 0.1 time: 0.19 track: 38
INFO:root:Saving net...
INFO:root:Testing...
INFO:root:curr_cd_p: 0.028725; curr_cd_t: 0.004376; 
INFO:root:best_cd_p: 0.026958 [epoch 88]; best_cd_t: 0.003153 [epoch 80]; 
INFO:root:PointAttN_cd_2048_512_2048_2023-03-07T10:58:46 train [120: 0/9]  loss_type: cd, fine_loss: 0.016490 total_loss: 0.044286 lr: 0.000100 alpha: 0.1 time: 0.21 track: 39
INFO:root:Saving net...
INFO:root:Testing...
INFO:root:curr_cd_p: 0.027560; curr_cd_t: 0.003675; 
INFO:root:best_cd_p: 0.026958 [epoch 88]; best_cd_t: 0.003153 [epoch 80]; 
INFO:root:PointAttN_cd_2048_512_2048_2023-03-07T10:58:46 train [121: 0/9]  loss_type: cd, fine_loss: 0.017590 total_loss: 0.047785 lr: 0.000100 alpha: 0.1 time: 0.21 track: 40
INFO:root:Saving net...
INFO:root:Testing...
INFO:root:curr_cd_p: 0.031474; curr_cd_t: 0.005021; 
INFO:root:best_cd_p: 0.026958 [epoch 88]; best_cd_t: 0.003153 [epoch 80]; 
INFO:root:PointAttN_cd_2048_512_2048_2023-03-07T10:58:46 train [122: 0/9]  loss_type: cd, fine_loss: 0.021345 total_loss: 0.055728 lr: 0.000100 alpha: 0.1 time: 0.20 track: 41
INFO:root:Saving net...
INFO:root:Testing...
INFO:root:curr_cd_p: 0.029114; curr_cd_t: 0.004314; 
INFO:root:best_cd_p: 0.026958 [epoch 88]; best_cd_t: 0.003153 [epoch 80]; 
INFO:root:PointAttN_cd_2048_512_2048_2023-03-07T10:58:46 train [123: 0/9]  loss_type: cd, fine_loss: 0.019063 total_loss: 0.050660 lr: 0.000100 alpha: 0.1 time: 0.21 track: 42
INFO:root:Saving net...
INFO:root:Testing...
INFO:root:curr_cd_p: 0.027731; curr_cd_t: 0.003637; 
INFO:root:best_cd_p: 0.026958 [epoch 88]; best_cd_t: 0.003153 [epoch 80]; 
INFO:root:PointAttN_cd_2048_512_2048_2023-03-07T10:58:46 train [124: 0/9]  loss_type: cd, fine_loss: 0.019398 total_loss: 0.051908 lr: 0.000100 alpha: 0.1 time: 0.20 track: 43
INFO:root:Saving net...
INFO:root:Testing...
INFO:root:curr_cd_p: 0.027564; curr_cd_t: 0.003421; 
INFO:root:best_cd_p: 0.026958 [epoch 88]; best_cd_t: 0.003153 [epoch 80]; 
INFO:root:PointAttN_cd_2048_512_2048_2023-03-07T10:58:46 train [125: 0/9]  loss_type: cd, fine_loss: 0.018628 total_loss: 0.050397 lr: 0.000100 alpha: 0.1 time: 0.19 track: 44
INFO:root:Saving net...
INFO:root:Testing...
INFO:root:curr_cd_p: 0.027806; curr_cd_t: 0.003757; 
INFO:root:best_cd_p: 0.026958 [epoch 88]; best_cd_t: 0.003153 [epoch 80]; 
INFO:root:PointAttN_cd_2048_512_2048_2023-03-07T10:58:46 train [126: 0/9]  loss_type: cd, fine_loss: 0.018312 total_loss: 0.049255 lr: 0.000100 alpha: 0.1 time: 0.18 track: 45
INFO:root:Saving net...
INFO:root:Testing...
INFO:root:curr_cd_p: 0.027138; curr_cd_t: 0.003488; 
INFO:root:best_cd_p: 0.026958 [epoch 88]; best_cd_t: 0.003153 [epoch 80]; 
INFO:root:PointAttN_cd_2048_512_2048_2023-03-07T10:58:46 train [127: 0/9]  loss_type: cd, fine_loss: 0.018575 total_loss: 0.050675 lr: 0.000100 alpha: 0.1 time: 0.20 track: 46
INFO:root:Saving net...
INFO:root:Testing...
INFO:root:Best cd_p net saved!
INFO:root:curr_cd_p: 0.026892; curr_cd_t: 0.003525; 
INFO:root:best_cd_p: 0.026892 [epoch 127]; best_cd_t: 0.003153 [epoch 80]; 
INFO:root:PointAttN_cd_2048_512_2048_2023-03-07T10:58:46 train [128: 0/9]  loss_type: cd, fine_loss: 0.014960 total_loss: 0.041387 lr: 0.000100 alpha: 0.1 time: 0.18 track: 47
INFO:root:Saving net...
INFO:root:Testing...
INFO:root:curr_cd_p: 0.027419; curr_cd_t: 0.003709; 
INFO:root:best_cd_p: 0.026892 [epoch 127]; best_cd_t: 0.003153 [epoch 80]; 
INFO:root:PointAttN_cd_2048_512_2048_2023-03-07T10:58:46 train [129: 0/9]  loss_type: cd, fine_loss: 0.017845 total_loss: 0.050568 lr: 0.000100 alpha: 0.1 time: 0.18 track: 48
INFO:root:Saving net...
INFO:root:Testing...
INFO:root:curr_cd_p: 0.028149; curr_cd_t: 0.003882; 
INFO:root:best_cd_p: 0.026892 [epoch 127]; best_cd_t: 0.003153 [epoch 80]; 
INFO:root:PointAttN_cd_2048_512_2048_2023-03-07T10:58:46 train [130: 0/9]  loss_type: cd, fine_loss: 0.020714 total_loss: 0.056163 lr: 0.000100 alpha: 0.1 time: 0.19 track: 49
INFO:root:Saving net...
INFO:root:Testing...
INFO:root:curr_cd_p: 0.027281; curr_cd_t: 0.003515; 
INFO:root:best_cd_p: 0.026892 [epoch 127]; best_cd_t: 0.003153 [epoch 80]; 
INFO:root:PointAttN_cd_2048_512_2048_2023-03-07T10:58:46 train [131: 0/9]  loss_type: cd, fine_loss: 0.018855 total_loss: 0.050604 lr: 0.000100 alpha: 0.1 time: 0.19 track: 50
INFO:root:Saving net...
INFO:root:Testing...
INFO:root:curr_cd_p: 0.027433; curr_cd_t: 0.003578; 
INFO:root:best_cd_p: 0.026892 [epoch 127]; best_cd_t: 0.003153 [epoch 80]; 
INFO:root:PointAttN_cd_2048_512_2048_2023-03-07T10:58:46 train [132: 0/9]  loss_type: cd, fine_loss: 0.017941 total_loss: 0.048568 lr: 0.000100 alpha: 0.1 time: 0.19 track: 51
INFO:root:Saving net...
INFO:root:Testing...
INFO:root:curr_cd_p: 0.028075; curr_cd_t: 0.003972; 
INFO:root:best_cd_p: 0.026892 [epoch 127]; best_cd_t: 0.003153 [epoch 80]; 
INFO:root:PointAttN_cd_2048_512_2048_2023-03-07T10:58:46 train [133: 0/9]  loss_type: cd, fine_loss: 0.016448 total_loss: 0.045773 lr: 0.000100 alpha: 0.1 time: 0.19 track: 52
INFO:root:Saving net...
INFO:root:Testing...
INFO:root:curr_cd_p: 0.027464; curr_cd_t: 0.003664; 
INFO:root:best_cd_p: 0.026892 [epoch 127]; best_cd_t: 0.003153 [epoch 80]; 
INFO:root:PointAttN_cd_2048_512_2048_2023-03-07T10:58:46 train [134: 0/9]  loss_type: cd, fine_loss: 0.017428 total_loss: 0.047537 lr: 0.000100 alpha: 0.1 time: 0.20 track: 53
INFO:root:Saving net...
INFO:root:Testing...
INFO:root:curr_cd_p: 0.027483; curr_cd_t: 0.003824; 
INFO:root:best_cd_p: 0.026892 [epoch 127]; best_cd_t: 0.003153 [epoch 80]; 
INFO:root:PointAttN_cd_2048_512_2048_2023-03-07T10:58:46 train [135: 0/9]  loss_type: cd, fine_loss: 0.016265 total_loss: 0.046264 lr: 0.000100 alpha: 0.1 time: 0.19 track: 54
INFO:root:Saving net...
INFO:root:Testing...
INFO:root:Best cd_p net saved!
INFO:root:curr_cd_p: 0.026852; curr_cd_t: 0.003469; 
INFO:root:best_cd_p: 0.026852 [epoch 135]; best_cd_t: 0.003153 [epoch 80]; 
INFO:root:PointAttN_cd_2048_512_2048_2023-03-07T10:58:46 train [136: 0/9]  loss_type: cd, fine_loss: 0.017719 total_loss: 0.049468 lr: 0.000100 alpha: 0.1 time: 0.18 track: 55
INFO:root:Saving net...
INFO:root:Testing...
INFO:root:curr_cd_p: 0.029676; curr_cd_t: 0.004310; 
INFO:root:best_cd_p: 0.026852 [epoch 135]; best_cd_t: 0.003153 [epoch 80]; 
INFO:root:PointAttN_cd_2048_512_2048_2023-03-07T10:58:46 train [137: 0/9]  loss_type: cd, fine_loss: 0.020322 total_loss: 0.054200 lr: 0.000100 alpha: 0.1 time: 0.18 track: 56
INFO:root:Saving net...
INFO:root:Testing...
INFO:root:curr_cd_p: 0.030346; curr_cd_t: 0.004592; 
INFO:root:best_cd_p: 0.026852 [epoch 135]; best_cd_t: 0.003153 [epoch 80]; 
INFO:root:PointAttN_cd_2048_512_2048_2023-03-07T10:58:46 train [138: 0/9]  loss_type: cd, fine_loss: 0.019409 total_loss: 0.050335 lr: 0.000100 alpha: 0.1 time: 0.19 track: 57
INFO:root:Saving net...
INFO:root:Testing...
INFO:root:curr_cd_p: 0.029078; curr_cd_t: 0.004545; 
INFO:root:best_cd_p: 0.026852 [epoch 135]; best_cd_t: 0.003153 [epoch 80]; 
INFO:root:PointAttN_cd_2048_512_2048_2023-03-07T10:58:46 train [139: 0/9]  loss_type: cd, fine_loss: 0.016582 total_loss: 0.045491 lr: 0.000100 alpha: 0.1 time: 0.18 track: 58
INFO:root:Saving net...
INFO:root:Testing...
INFO:root:curr_cd_p: 0.027096; curr_cd_t: 0.003449; 
INFO:root:best_cd_p: 0.026852 [epoch 135]; best_cd_t: 0.003153 [epoch 80]; 
INFO:root:PointAttN_cd_2048_512_2048_2023-03-07T10:58:46 train [140: 0/9]  loss_type: cd, fine_loss: 0.017585 total_loss: 0.048301 lr: 0.000100 alpha: 0.1 time: 0.19 track: 59
INFO:root:Saving net...
INFO:root:Testing...
INFO:root:curr_cd_p: 0.028630; curr_cd_t: 0.004334; 
INFO:root:best_cd_p: 0.026852 [epoch 135]; best_cd_t: 0.003153 [epoch 80]; 
INFO:root:PointAttN_cd_2048_512_2048_2023-03-07T10:58:46 train [141: 0/9]  loss_type: cd, fine_loss: 0.018883 total_loss: 0.052888 lr: 0.000100 alpha: 0.1 time: 0.19 track: 60
INFO:root:Saving net...
INFO:root:Testing...
INFO:root:curr_cd_p: 0.027748; curr_cd_t: 0.003953; 
INFO:root:best_cd_p: 0.026852 [epoch 135]; best_cd_t: 0.003153 [epoch 80]; 
INFO:root:PointAttN_cd_2048_512_2048_2023-03-07T10:58:46 train [142: 0/9]  loss_type: cd, fine_loss: 0.016362 total_loss: 0.044960 lr: 0.000100 alpha: 0.1 time: 0.19 track: 61
INFO:root:Saving net...
INFO:root:Testing...
INFO:root:curr_cd_p: 0.029371; curr_cd_t: 0.004753; 
INFO:root:best_cd_p: 0.026852 [epoch 135]; best_cd_t: 0.003153 [epoch 80]; 
INFO:root:PointAttN_cd_2048_512_2048_2023-03-07T10:58:46 train [143: 0/9]  loss_type: cd, fine_loss: 0.017116 total_loss: 0.045487 lr: 0.000100 alpha: 0.1 time: 0.19 track: 62
INFO:root:Saving net...
INFO:root:Testing...
INFO:root:curr_cd_p: 0.027493; curr_cd_t: 0.003728; 
INFO:root:best_cd_p: 0.026852 [epoch 135]; best_cd_t: 0.003153 [epoch 80]; 
INFO:root:PointAttN_cd_2048_512_2048_2023-03-07T10:58:46 train [144: 0/9]  loss_type: cd, fine_loss: 0.016572 total_loss: 0.045643 lr: 0.000100 alpha: 0.1 time: 0.20 track: 63
INFO:root:Saving net...
INFO:root:Testing...
INFO:root:curr_cd_p: 0.027845; curr_cd_t: 0.003827; 
INFO:root:best_cd_p: 0.026852 [epoch 135]; best_cd_t: 0.003153 [epoch 80]; 
INFO:root:PointAttN_cd_2048_512_2048_2023-03-07T10:58:46 train [145: 0/9]  loss_type: cd, fine_loss: 0.020239 total_loss: 0.055289 lr: 0.000100 alpha: 0.1 time: 0.19 track: 64
INFO:root:Saving net...
INFO:root:Testing...
INFO:root:curr_cd_p: 0.028662; curr_cd_t: 0.004385; 
INFO:root:best_cd_p: 0.026852 [epoch 135]; best_cd_t: 0.003153 [epoch 80]; 
INFO:root:PointAttN_cd_2048_512_2048_2023-03-07T10:58:46 train [146: 0/9]  loss_type: cd, fine_loss: 0.020128 total_loss: 0.053548 lr: 0.000100 alpha: 0.1 time: 0.19 track: 65
INFO:root:Saving net...
INFO:root:Testing...
INFO:root:curr_cd_p: 0.027817; curr_cd_t: 0.003778; 
INFO:root:best_cd_p: 0.026852 [epoch 135]; best_cd_t: 0.003153 [epoch 80]; 
INFO:root:PointAttN_cd_2048_512_2048_2023-03-07T10:58:46 train [147: 0/9]  loss_type: cd, fine_loss: 0.017437 total_loss: 0.048370 lr: 0.000100 alpha: 0.1 time: 0.19 track: 66
INFO:root:Saving net...
INFO:root:Testing...
INFO:root:curr_cd_p: 0.028162; curr_cd_t: 0.003902; 
INFO:root:best_cd_p: 0.026852 [epoch 135]; best_cd_t: 0.003153 [epoch 80]; 
INFO:root:PointAttN_cd_2048_512_2048_2023-03-07T10:58:46 train [148: 0/9]  loss_type: cd, fine_loss: 0.016042 total_loss: 0.045889 lr: 0.000100 alpha: 0.1 time: 0.19 track: 67
INFO:root:Saving net...
INFO:root:Testing...
INFO:root:curr_cd_p: 0.031769; curr_cd_t: 0.005707; 
INFO:root:best_cd_p: 0.026852 [epoch 135]; best_cd_t: 0.003153 [epoch 80]; 
INFO:root:PointAttN_cd_2048_512_2048_2023-03-07T10:58:46 train [149: 0/9]  loss_type: cd, fine_loss: 0.018536 total_loss: 0.049363 lr: 0.000100 alpha: 0.1 time: 0.20 track: 68
INFO:root:Saving net...
INFO:root:Testing...
INFO:root:curr_cd_p: 0.028330; curr_cd_t: 0.004224; 
INFO:root:best_cd_p: 0.026852 [epoch 135]; best_cd_t: 0.003153 [epoch 80]; 
INFO:root:PointAttN_cd_2048_512_2048_2023-03-07T10:58:46 train [150: 0/9]  loss_type: cd, fine_loss: 0.016541 total_loss: 0.046622 lr: 0.000100 alpha: 0.1 time: 0.20 track: 69
INFO:root:Saving net...
INFO:root:Testing...
INFO:root:curr_cd_p: 0.028301; curr_cd_t: 0.004128; 
INFO:root:best_cd_p: 0.026852 [epoch 135]; best_cd_t: 0.003153 [epoch 80]; 
INFO:root:PointAttN_cd_2048_512_2048_2023-03-07T10:58:46 train [151: 0/9]  loss_type: cd, fine_loss: 0.016898 total_loss: 0.047086 lr: 0.000100 alpha: 0.1 time: 0.20 track: 70
INFO:root:Saving net...
INFO:root:Testing...
INFO:root:curr_cd_p: 0.027486; curr_cd_t: 0.003911; 
INFO:root:best_cd_p: 0.026852 [epoch 135]; best_cd_t: 0.003153 [epoch 80]; 
INFO:root:PointAttN_cd_2048_512_2048_2023-03-07T10:58:46 train [152: 0/9]  loss_type: cd, fine_loss: 0.015928 total_loss: 0.043834 lr: 0.000100 alpha: 0.1 time: 0.21 track: 71
INFO:root:Saving net...
INFO:root:Testing...
INFO:root:curr_cd_p: 0.029409; curr_cd_t: 0.004595; 
INFO:root:best_cd_p: 0.026852 [epoch 135]; best_cd_t: 0.003153 [epoch 80]; 
INFO:root:PointAttN_cd_2048_512_2048_2023-03-07T10:58:46 train [153: 0/9]  loss_type: cd, fine_loss: 0.017471 total_loss: 0.048252 lr: 0.000100 alpha: 0.1 time: 0.21 track: 72
INFO:root:Saving net...
INFO:root:Testing...
INFO:root:curr_cd_p: 0.029744; curr_cd_t: 0.004649; 
INFO:root:best_cd_p: 0.026852 [epoch 135]; best_cd_t: 0.003153 [epoch 80]; 
INFO:root:PointAttN_cd_2048_512_2048_2023-03-07T10:58:46 train [154: 0/9]  loss_type: cd, fine_loss: 0.018367 total_loss: 0.050139 lr: 0.000100 alpha: 0.1 time: 0.20 track: 73
INFO:root:Saving net...
INFO:root:Testing...
INFO:root:curr_cd_p: 0.029179; curr_cd_t: 0.004713; 
INFO:root:best_cd_p: 0.026852 [epoch 135]; best_cd_t: 0.003153 [epoch 80]; 
INFO:root:PointAttN_cd_2048_512_2048_2023-03-07T10:58:46 train [155: 0/9]  loss_type: cd, fine_loss: 0.015477 total_loss: 0.043644 lr: 0.000100 alpha: 0.1 time: 0.20 track: 74
INFO:root:Saving net...
INFO:root:Testing...
INFO:root:curr_cd_p: 0.028939; curr_cd_t: 0.004419; 
INFO:root:best_cd_p: 0.026852 [epoch 135]; best_cd_t: 0.003153 [epoch 80]; 
INFO:root:PointAttN_cd_2048_512_2048_2023-03-07T10:58:46 train [156: 0/9]  loss_type: cd, fine_loss: 0.015842 total_loss: 0.043737 lr: 0.000100 alpha: 0.1 time: 0.19 track: 75
INFO:root:Saving net...
INFO:root:Testing...
INFO:root:curr_cd_p: 0.028924; curr_cd_t: 0.004400; 
INFO:root:best_cd_p: 0.026852 [epoch 135]; best_cd_t: 0.003153 [epoch 80]; 
INFO:root:PointAttN_cd_2048_512_2048_2023-03-07T10:58:46 train [157: 0/9]  loss_type: cd, fine_loss: 0.018785 total_loss: 0.051044 lr: 0.000100 alpha: 0.1 time: 0.19 track: 76
INFO:root:Saving net...
INFO:root:Testing...
INFO:root:curr_cd_p: 0.028659; curr_cd_t: 0.004100; 
INFO:root:best_cd_p: 0.026852 [epoch 135]; best_cd_t: 0.003153 [epoch 80]; 
INFO:root:PointAttN_cd_2048_512_2048_2023-03-07T10:58:46 train [158: 0/9]  loss_type: cd, fine_loss: 0.017886 total_loss: 0.049328 lr: 0.000100 alpha: 0.1 time: 0.19 track: 77
INFO:root:Saving net...
INFO:root:Testing...
INFO:root:curr_cd_p: 0.029985; curr_cd_t: 0.005009; 
INFO:root:best_cd_p: 0.026852 [epoch 135]; best_cd_t: 0.003153 [epoch 80]; 
INFO:root:PointAttN_cd_2048_512_2048_2023-03-07T10:58:46 train [159: 0/9]  loss_type: cd, fine_loss: 0.016588 total_loss: 0.045595 lr: 0.000100 alpha: 0.1 time: 0.21 track: 78
INFO:root:Saving net...
INFO:root:Testing...
INFO:root:curr_cd_p: 0.029263; curr_cd_t: 0.004716; 
INFO:root:best_cd_p: 0.026852 [epoch 135]; best_cd_t: 0.003153 [epoch 80]; 
INFO:root:PointAttN_cd_2048_512_2048_2023-03-07T10:58:46 train [160: 0/9]  loss_type: cd, fine_loss: 0.014900 total_loss: 0.039991 lr: 0.000100 alpha: 0.1 time: 0.20 track: 79
INFO:root:Saving net...
INFO:root:Testing...
INFO:root:curr_cd_p: 0.027391; curr_cd_t: 0.003875; 
INFO:root:best_cd_p: 0.026852 [epoch 135]; best_cd_t: 0.003153 [epoch 80]; 
INFO:root:PointAttN_cd_2048_512_2048_2023-03-07T10:58:46 train [161: 0/9]  loss_type: cd, fine_loss: 0.014202 total_loss: 0.040609 lr: 0.000100 alpha: 0.1 time: 0.19 track: 80
INFO:root:Saving net...
INFO:root:Testing...
INFO:root:curr_cd_p: 0.028304; curr_cd_t: 0.004088; 
INFO:root:best_cd_p: 0.026852 [epoch 135]; best_cd_t: 0.003153 [epoch 80]; 
INFO:root:PointAttN_cd_2048_512_2048_2023-03-07T10:58:46 train [162: 0/9]  loss_type: cd, fine_loss: 0.017113 total_loss: 0.048099 lr: 0.000100 alpha: 0.1 time: 0.19 track: 81
INFO:root:Saving net...
INFO:root:Testing...
INFO:root:curr_cd_p: 0.028880; curr_cd_t: 0.004331; 
INFO:root:best_cd_p: 0.026852 [epoch 135]; best_cd_t: 0.003153 [epoch 80]; 
INFO:root:PointAttN_cd_2048_512_2048_2023-03-07T10:58:46 train [163: 0/9]  loss_type: cd, fine_loss: 0.017398 total_loss: 0.049029 lr: 0.000100 alpha: 0.1 time: 0.20 track: 82
INFO:root:Saving net...
INFO:root:Testing...
INFO:root:curr_cd_p: 0.028116; curr_cd_t: 0.003894; 
INFO:root:best_cd_p: 0.026852 [epoch 135]; best_cd_t: 0.003153 [epoch 80]; 
INFO:root:PointAttN_cd_2048_512_2048_2023-03-07T10:58:46 train [164: 0/9]  loss_type: cd, fine_loss: 0.015702 total_loss: 0.043992 lr: 0.000100 alpha: 0.1 time: 0.19 track: 83
INFO:root:Saving net...
INFO:root:Testing...
INFO:root:curr_cd_p: 0.027720; curr_cd_t: 0.003877; 
INFO:root:best_cd_p: 0.026852 [epoch 135]; best_cd_t: 0.003153 [epoch 80]; 
INFO:root:PointAttN_cd_2048_512_2048_2023-03-07T10:58:46 train [165: 0/9]  loss_type: cd, fine_loss: 0.015031 total_loss: 0.042356 lr: 0.000100 alpha: 0.1 time: 0.19 track: 84
INFO:root:Saving net...
INFO:root:Testing...
INFO:root:curr_cd_p: 0.028605; curr_cd_t: 0.004276; 
INFO:root:best_cd_p: 0.026852 [epoch 135]; best_cd_t: 0.003153 [epoch 80]; 
INFO:root:PointAttN_cd_2048_512_2048_2023-03-07T10:58:46 train [166: 0/9]  loss_type: cd, fine_loss: 0.016045 total_loss: 0.043782 lr: 0.000100 alpha: 0.1 time: 0.19 track: 85
INFO:root:Saving net...
INFO:root:Testing...
INFO:root:Best cd_p net saved!
INFO:root:curr_cd_p: 0.026203; curr_cd_t: 0.003326; 
INFO:root:best_cd_p: 0.026203 [epoch 166]; best_cd_t: 0.003153 [epoch 80]; 
INFO:root:PointAttN_cd_2048_512_2048_2023-03-07T10:58:46 train [167: 0/9]  loss_type: cd, fine_loss: 0.015948 total_loss: 0.044159 lr: 0.000100 alpha: 0.1 time: 0.18 track: 86
INFO:root:Saving net...
INFO:root:Testing...
INFO:root:curr_cd_p: 0.030418; curr_cd_t: 0.004847; 
INFO:root:best_cd_p: 0.026203 [epoch 166]; best_cd_t: 0.003153 [epoch 80]; 
INFO:root:PointAttN_cd_2048_512_2048_2023-03-07T10:58:46 train [168: 0/9]  loss_type: cd, fine_loss: 0.017167 total_loss: 0.044676 lr: 0.000100 alpha: 0.1 time: 0.19 track: 87
INFO:root:Saving net...
INFO:root:Testing...
INFO:root:curr_cd_p: 0.026605; curr_cd_t: 0.003608; 
INFO:root:best_cd_p: 0.026203 [epoch 166]; best_cd_t: 0.003153 [epoch 80]; 
INFO:root:PointAttN_cd_2048_512_2048_2023-03-07T10:58:46 train [169: 0/9]  loss_type: cd, fine_loss: 0.016595 total_loss: 0.048711 lr: 0.000100 alpha: 0.1 time: 0.18 track: 88
INFO:root:Saving net...
INFO:root:Testing...
INFO:root:curr_cd_p: 0.029726; curr_cd_t: 0.004897; 
INFO:root:best_cd_p: 0.026203 [epoch 166]; best_cd_t: 0.003153 [epoch 80]; 
INFO:root:PointAttN_cd_2048_512_2048_2023-03-07T10:58:46 train [170: 0/9]  loss_type: cd, fine_loss: 0.017750 total_loss: 0.049682 lr: 0.000100 alpha: 0.1 time: 0.19 track: 89
INFO:root:Saving net...
INFO:root:Testing...
INFO:root:curr_cd_p: 0.028403; curr_cd_t: 0.004369; 
INFO:root:best_cd_p: 0.026203 [epoch 166]; best_cd_t: 0.003153 [epoch 80]; 
INFO:root:PointAttN_cd_2048_512_2048_2023-03-07T10:58:46 train [171: 0/9]  loss_type: cd, fine_loss: 0.014363 total_loss: 0.041252 lr: 0.000100 alpha: 0.1 time: 0.19 track: 90
INFO:root:Saving net...
INFO:root:Testing...
INFO:root:curr_cd_p: 0.026927; curr_cd_t: 0.003680; 
INFO:root:best_cd_p: 0.026203 [epoch 166]; best_cd_t: 0.003153 [epoch 80]; 
INFO:root:PointAttN_cd_2048_512_2048_2023-03-07T10:58:46 train [172: 0/9]  loss_type: cd, fine_loss: 0.014148 total_loss: 0.040113 lr: 0.000100 alpha: 0.1 time: 0.19 track: 91
INFO:root:Saving net...
INFO:root:Testing...
INFO:root:curr_cd_p: 0.027728; curr_cd_t: 0.004070; 
INFO:root:best_cd_p: 0.026203 [epoch 166]; best_cd_t: 0.003153 [epoch 80]; 
INFO:root:PointAttN_cd_2048_512_2048_2023-03-07T10:58:46 train [173: 0/9]  loss_type: cd, fine_loss: 0.015254 total_loss: 0.043967 lr: 0.000100 alpha: 0.1 time: 0.19 track: 92
INFO:root:Saving net...
INFO:root:Testing...
INFO:root:curr_cd_p: 0.027919; curr_cd_t: 0.004001; 
INFO:root:best_cd_p: 0.026203 [epoch 166]; best_cd_t: 0.003153 [epoch 80]; 
INFO:root:PointAttN_cd_2048_512_2048_2023-03-07T10:58:46 train [174: 0/9]  loss_type: cd, fine_loss: 0.014275 total_loss: 0.040242 lr: 0.000100 alpha: 0.1 time: 0.20 track: 93
INFO:root:Saving net...
INFO:root:Testing...
INFO:root:curr_cd_p: 0.030404; curr_cd_t: 0.004855; 
INFO:root:best_cd_p: 0.026203 [epoch 166]; best_cd_t: 0.003153 [epoch 80]; 
INFO:root:PointAttN_cd_2048_512_2048_2023-03-07T10:58:46 train [175: 0/9]  loss_type: cd, fine_loss: 0.015119 total_loss: 0.042418 lr: 0.000100 alpha: 0.1 time: 0.19 track: 94
INFO:root:Saving net...
INFO:root:Testing...
INFO:root:curr_cd_p: 0.027268; curr_cd_t: 0.003660; 
INFO:root:best_cd_p: 0.026203 [epoch 166]; best_cd_t: 0.003153 [epoch 80]; 
INFO:root:PointAttN_cd_2048_512_2048_2023-03-07T10:58:46 train [176: 0/9]  loss_type: cd, fine_loss: 0.015011 total_loss: 0.043402 lr: 0.000100 alpha: 0.1 time: 0.19 track: 95
INFO:root:Saving net...
INFO:root:Testing...
INFO:root:curr_cd_p: 0.027882; curr_cd_t: 0.003916; 
INFO:root:best_cd_p: 0.026203 [epoch 166]; best_cd_t: 0.003153 [epoch 80]; 
INFO:root:PointAttN_cd_2048_512_2048_2023-03-07T10:58:46 train [177: 0/9]  loss_type: cd, fine_loss: 0.017232 total_loss: 0.049586 lr: 0.000100 alpha: 0.1 time: 0.18 track: 96
INFO:root:Saving net...
INFO:root:Testing...
INFO:root:curr_cd_p: 0.028729; curr_cd_t: 0.004221; 
INFO:root:best_cd_p: 0.026203 [epoch 166]; best_cd_t: 0.003153 [epoch 80]; 
INFO:root:PointAttN_cd_2048_512_2048_2023-03-07T10:58:46 train [178: 0/9]  loss_type: cd, fine_loss: 0.014213 total_loss: 0.039950 lr: 0.000100 alpha: 0.1 time: 0.19 track: 97
INFO:root:Saving net...
INFO:root:Testing...
INFO:root:curr_cd_p: 0.027637; curr_cd_t: 0.003927; 
INFO:root:best_cd_p: 0.026203 [epoch 166]; best_cd_t: 0.003153 [epoch 80]; 
INFO:root:PointAttN_cd_2048_512_2048_2023-03-07T10:58:46 train [179: 0/9]  loss_type: cd, fine_loss: 0.015408 total_loss: 0.044696 lr: 0.000100 alpha: 0.1 time: 0.20 track: 98
INFO:root:Saving net...
INFO:root:Testing...
INFO:root:curr_cd_p: 0.028339; curr_cd_t: 0.004249; 
INFO:root:best_cd_p: 0.026203 [epoch 166]; best_cd_t: 0.003153 [epoch 80]; 
INFO:root:PointAttN_cd_2048_512_2048_2023-03-07T10:58:46 train [180: 0/9]  loss_type: cd, fine_loss: 0.015011 total_loss: 0.044884 lr: 0.000100 alpha: 0.1 time: 0.18 track: 99
INFO:root:Saving net...
INFO:root:Testing...
INFO:root:curr_cd_p: 0.027630; curr_cd_t: 0.003869; 
INFO:root:best_cd_p: 0.026203 [epoch 166]; best_cd_t: 0.003153 [epoch 80]; 
INFO:root:PointAttN_cd_2048_512_2048_2023-03-07T10:58:46 train [181: 0/9]  loss_type: cd, fine_loss: 0.014492 total_loss: 0.042491 lr: 0.000100 alpha: 0.1 time: 0.20 track: 100
INFO:root:Saving net...
INFO:root:Testing...
INFO:root:curr_cd_p: 0.027632; curr_cd_t: 0.004133; 
INFO:root:best_cd_p: 0.026203 [epoch 166]; best_cd_t: 0.003153 [epoch 80]; 
INFO:root:Testing...
INFO:root:curr_cd_p: 0.027628; curr_cd_t: 0.004149; 
INFO:root:best_cd_p: 0.026203 [epoch 166]; best_cd_t: 0.003153 [epoch 80]; 
